CRITICAL - 2024-05-18 15:07:46 --> Error: Object of class CodeIgniter\Database\MySQLi\Connection could not be converted to string
[Method: GET, Route: Product/pitek]
in APPPATH\Controllers\Product.php on line 24.
 1 SYSTEMPATH\CodeIgniter.php(933): App\Controllers\Product->pitek()
 2 SYSTEMPATH\CodeIgniter.php(509): CodeIgniter\CodeIgniter->runController(Object(App\Controllers\Product))
 3 SYSTEMPATH\CodeIgniter.php(355): CodeIgniter\CodeIgniter->handleRequest(null, Object(Config\Cache), false)
 4 SYSTEMPATH\Boot.php(312): CodeIgniter\CodeIgniter->run()
 5 SYSTEMPATH\Boot.php(67): CodeIgniter\Boot::runCodeIgniter(Object(CodeIgniter\CodeIgniter))
 6 FCPATH\index.php(56): CodeIgniter\Boot::bootWeb(Object(Config\Paths))
 7 SYSTEMPATH\Commands\Server\rewrite.php(49): require_once('C:\\xampp\\htdocs\\crud-github\\public\\index.php')
WARNING - 2024-05-18 15:21:04 --> [DEPRECATED] json_decode(): Passing null to parameter #1 ($json) of type string is deprecated in APPPATH\Controllers\Product.php on line 24.
 1 APPPATH\Controllers\Product.php(24): json_decode(null)
 2 SYSTEMPATH\CodeIgniter.php(933): App\Controllers\Product->pitek()
 3 SYSTEMPATH\CodeIgniter.php(509): CodeIgniter\CodeIgniter->runController(Object(App\Controllers\Product))
 4 SYSTEMPATH\CodeIgniter.php(355): CodeIgniter\CodeIgniter->handleRequest(null, Object(Config\Cache), false)
 5 SYSTEMPATH\Boot.php(312): CodeIgniter\CodeIgniter->run()
 6 SYSTEMPATH\Boot.php(67): CodeIgniter\Boot::runCodeIgniter(Object(CodeIgniter\CodeIgniter))
 7 FCPATH\index.php(56): CodeIgniter\Boot::bootWeb(Object(Config\Paths))
 8 SYSTEMPATH\Commands\Server\rewrite.php(49): require_once('C:\\xampp\\htdocs\\crud-github\\public\\index.php')
CRITICAL - 2024-05-18 15:21:16 --> TypeError: json_decode(): Argument #1 ($json) must be of type string, array given
[Method: GET, Route: Product/pitek]
in APPPATH\Helpers\pitek_helper.php on line 13.
 1 APPPATH\Helpers\pitek_helper.php(13): json_decode([...])
 2 APPPATH\Controllers\Product.php(24): pitek()
 3 SYSTEMPATH\CodeIgniter.php(933): App\Controllers\Product->pitek()
 4 SYSTEMPATH\CodeIgniter.php(509): CodeIgniter\CodeIgniter->runController(Object(App\Controllers\Product))
 5 SYSTEMPATH\CodeIgniter.php(355): CodeIgniter\CodeIgniter->handleRequest(null, Object(Config\Cache), false)
 6 SYSTEMPATH\Boot.php(312): CodeIgniter\CodeIgniter->run()
 7 SYSTEMPATH\Boot.php(67): CodeIgniter\Boot::runCodeIgniter(Object(CodeIgniter\CodeIgniter))
 8 FCPATH\index.php(56): CodeIgniter\Boot::bootWeb(Object(Config\Paths))
 9 SYSTEMPATH\Commands\Server\rewrite.php(49): require_once('C:\\xampp\\htdocs\\crud-github\\public\\index.php')
CRITICAL - 2024-05-18 15:24:16 --> ErrorException: Undefined array key "Token-User"
[Method: GET, Route: index]
in APPPATH\Filters\Auth.php on line 44.
 1 APPPATH\Filters\Auth.php(44): CodeIgniter\Debug\Exceptions->errorHandler(2, 'Undefined array key "Token-User"', 'C:\\xampp\\htdocs\\crud-github\\app\\Filters\\Auth.php', 44)
 2 SYSTEMPATH\Filters\Filters.php(203): App\Filters\Auth->before(Object(CodeIgniter\HTTP\IncomingRequest), null)
 3 SYSTEMPATH\Filters\Filters.php(184): CodeIgniter\Filters\Filters->runBefore([...])
 4 SYSTEMPATH\CodeIgniter.php(481): CodeIgniter\Filters\Filters->run('index', 'before')
 5 SYSTEMPATH\CodeIgniter.php(355): CodeIgniter\CodeIgniter->handleRequest(null, Object(Config\Cache), false)
 6 SYSTEMPATH\Boot.php(312): CodeIgniter\CodeIgniter->run()
 7 SYSTEMPATH\Boot.php(67): CodeIgniter\Boot::runCodeIgniter(Object(CodeIgniter\CodeIgniter))
 8 FCPATH\index.php(56): CodeIgniter\Boot::bootWeb(Object(Config\Paths))
 9 SYSTEMPATH\Commands\Server\rewrite.php(49): require_once('C:\\xampp\\htdocs\\crud-github\\public\\index.php')
CRITICAL - 2024-05-18 15:24:58 --> ErrorException: Undefined variable $header
[Method: GET, Route: index]
in APPPATH\Controllers\Product.php on line 34.
 1 APPPATH\Controllers\Product.php(34): CodeIgniter\Debug\Exceptions->errorHandler(2, 'Undefined variable $header', 'C:\\xampp\\htdocs\\crud-github\\app\\Controllers\\Product.php', 34)
 2 SYSTEMPATH\CodeIgniter.php(933): App\Controllers\Product->index()
 3 SYSTEMPATH\CodeIgniter.php(509): CodeIgniter\CodeIgniter->runController(Object(App\Controllers\Product))
 4 SYSTEMPATH\CodeIgniter.php(355): CodeIgniter\CodeIgniter->handleRequest(null, Object(Config\Cache), false)
 5 SYSTEMPATH\Boot.php(312): CodeIgniter\CodeIgniter->run()
 6 SYSTEMPATH\Boot.php(67): CodeIgniter\Boot::runCodeIgniter(Object(CodeIgniter\CodeIgniter))
 7 FCPATH\index.php(56): CodeIgniter\Boot::bootWeb(Object(Config\Paths))
 8 SYSTEMPATH\Commands\Server\rewrite.php(49): require_once('C:\\xampp\\htdocs\\crud-github\\public\\index.php')
CRITICAL - 2024-05-18 15:53:04 --> ErrorException: Array to string conversion
[Method: GET, Route: Product/pitek]
in APPPATH\Controllers\Product.php on line 34.
 1 APPPATH\Controllers\Product.php(34): CodeIgniter\Debug\Exceptions->errorHandler(2, 'Array to string conversion', 'C:\\xampp\\htdocs\\crud-github\\app\\Controllers\\Product.php', 34)
 2 SYSTEMPATH\CodeIgniter.php(933): App\Controllers\Product->pitek()
 3 SYSTEMPATH\CodeIgniter.php(509): CodeIgniter\CodeIgniter->runController(Object(App\Controllers\Product))
 4 SYSTEMPATH\CodeIgniter.php(355): CodeIgniter\CodeIgniter->handleRequest(null, Object(Config\Cache), false)
 5 SYSTEMPATH\Boot.php(312): CodeIgniter\CodeIgniter->run()
 6 SYSTEMPATH\Boot.php(67): CodeIgniter\Boot::runCodeIgniter(Object(CodeIgniter\CodeIgniter))
 7 FCPATH\index.php(56): CodeIgniter\Boot::bootWeb(Object(Config\Paths))
 8 SYSTEMPATH\Commands\Server\rewrite.php(49): require_once('C:\\xampp\\htdocs\\crud-github\\public\\index.php')
