ERROR - 2024-05-27 08:45:26 --> mysqli_sql_exception: Unknown column 'Makanan' in 'where clause' in C:\xampp\htdocs\crud-github\system\Database\MySQLi\Connection.php:308
Stack trace:
#0 C:\xampp\htdocs\crud-github\system\Database\MySQLi\Connection.php(308): mysqli->query('SELECT product_...', 0)
#1 C:\xampp\htdocs\crud-github\system\Database\BaseConnection.php(722): CodeIgniter\Database\MySQLi\Connection->execute('SELECT product_...')
#2 C:\xampp\htdocs\crud-github\system\Database\BaseConnection.php(636): CodeIgniter\Database\BaseConnection->simpleQuery('SELECT product_...')
#3 C:\xampp\htdocs\crud-github\app\Helpers\query_helper.php(97): CodeIgniter\Database\BaseConnection->query('SELECT product_...')
#4 C:\xampp\htdocs\crud-github\app\Controllers\Product.php(82): generateListData(Array, Object(CodeIgniter\Database\MySQLi\Connection), 1)
#5 C:\xampp\htdocs\crud-github\system\CodeIgniter.php(933): App\Controllers\Product->listData()
#6 C:\xampp\htdocs\crud-github\system\CodeIgniter.php(509): CodeIgniter\CodeIgniter->runController(Object(App\Controllers\Product))
#7 C:\xampp\htdocs\crud-github\system\CodeIgniter.php(355): CodeIgniter\CodeIgniter->handleRequest(NULL, Object(Config\Cache), false)
#8 C:\xampp\htdocs\crud-github\system\Boot.php(312): CodeIgniter\CodeIgniter->run()
#9 C:\xampp\htdocs\crud-github\system\Boot.php(67): CodeIgniter\Boot::runCodeIgniter(Object(CodeIgniter\CodeIgniter))
#10 C:\xampp\htdocs\crud-github\public\index.php(56): CodeIgniter\Boot::bootWeb(Object(Config\Paths))
#11 C:\xampp\htdocs\crud-github\system\Commands\Server\rewrite.php(49): require_once('C:\\xampp\\htdocs...')
#12 {main}
CRITICAL - 2024-05-27 08:45:26 --> CodeIgniter\Database\Exceptions\DatabaseException: Unknown column 'Makanan' in 'where clause'
[Method: GET, Route: product/listData]
in SYSTEMPATH\Database\BaseConnection.php on line 676.
 1 APPPATH\Helpers\query_helper.php(97): CodeIgniter\Database\BaseConnection->query('SELECT product_name AS name, product_category_name AS category_name, product_stock_unit_name AS unit_name FROM product JOIN product_stock ON product_stock.product_stock_product_id = product.product_id WHERE product.product_category_name = Makanan AND (product_stock_unit_name LIKE \'%pessi%\' OR
                product_stock_product_name LIKE \'%pessi%\' OR
                product_category_name LIKE \'%pessi%\')  GROUP BY product.product_name')
 2 APPPATH\Controllers\Product.php(82): generateListData([...], Object(CodeIgniter\Database\MySQLi\Connection), 1)
 3 SYSTEMPATH\CodeIgniter.php(933): App\Controllers\Product->listData()
 4 SYSTEMPATH\CodeIgniter.php(509): CodeIgniter\CodeIgniter->runController(Object(App\Controllers\Product))
 5 SYSTEMPATH\CodeIgniter.php(355): CodeIgniter\CodeIgniter->handleRequest(null, Object(Config\Cache), false)
 6 SYSTEMPATH\Boot.php(312): CodeIgniter\CodeIgniter->run()
 7 SYSTEMPATH\Boot.php(67): CodeIgniter\Boot::runCodeIgniter(Object(CodeIgniter\CodeIgniter))
 8 FCPATH\index.php(56): CodeIgniter\Boot::bootWeb(Object(Config\Paths))
 9 SYSTEMPATH\Commands\Server\rewrite.php(49): require_once('C:\\xampp\\htdocs\\crud-github\\public\\index.php')
CRITICAL - 2024-05-27 08:45:26 --> [Caused by] CodeIgniter\Database\Exceptions\DatabaseException: Unknown column 'Makanan' in 'where clause'
in SYSTEMPATH\Database\MySQLi\Connection.php on line 313.
 1 SYSTEMPATH\Database\BaseConnection.php(722): CodeIgniter\Database\MySQLi\Connection->execute('SELECT product_name AS name, product_category_name AS category_name, product_stock_unit_name AS unit_name FROM product JOIN product_stock ON product_stock.product_stock_product_id = product.product_id WHERE product.product_category_name = Makanan AND (product_stock_unit_name LIKE \'%pessi%\' OR
                product_stock_product_name LIKE \'%pessi%\' OR
                product_category_name LIKE \'%pessi%\')  GROUP BY product.product_name')
 2 SYSTEMPATH\Database\BaseConnection.php(636): CodeIgniter\Database\BaseConnection->simpleQuery('SELECT product_name AS name, product_category_name AS category_name, product_stock_unit_name AS unit_name FROM product JOIN product_stock ON product_stock.product_stock_product_id = product.product_id WHERE product.product_category_name = Makanan AND (product_stock_unit_name LIKE \'%pessi%\' OR
                product_stock_product_name LIKE \'%pessi%\' OR
                product_category_name LIKE \'%pessi%\')  GROUP BY product.product_name')
 3 APPPATH\Helpers\query_helper.php(97): CodeIgniter\Database\BaseConnection->query('SELECT product_name AS name, product_category_name AS category_name, product_stock_unit_name AS unit_name FROM product JOIN product_stock ON product_stock.product_stock_product_id = product.product_id WHERE product.product_category_name = Makanan AND (product_stock_unit_name LIKE \'%pessi%\' OR
                product_stock_product_name LIKE \'%pessi%\' OR
                product_category_name LIKE \'%pessi%\')  GROUP BY product.product_name')
 4 APPPATH\Controllers\Product.php(82): generateListData([...], Object(CodeIgniter\Database\MySQLi\Connection), 1)
 5 SYSTEMPATH\CodeIgniter.php(933): App\Controllers\Product->listData()
 6 SYSTEMPATH\CodeIgniter.php(509): CodeIgniter\CodeIgniter->runController(Object(App\Controllers\Product))
 7 SYSTEMPATH\CodeIgniter.php(355): CodeIgniter\CodeIgniter->handleRequest(null, Object(Config\Cache), false)
 8 SYSTEMPATH\Boot.php(312): CodeIgniter\CodeIgniter->run()
 9 SYSTEMPATH\Boot.php(67): CodeIgniter\Boot::runCodeIgniter(Object(CodeIgniter\CodeIgniter))
10 FCPATH\index.php(56): CodeIgniter\Boot::bootWeb(Object(Config\Paths))
11 SYSTEMPATH\Commands\Server\rewrite.php(49): require_once('C:\\xampp\\htdocs\\crud-github\\public\\index.php')
CRITICAL - 2024-05-27 08:45:26 --> [Caused by] mysqli_sql_exception: Unknown column 'Makanan' in 'where clause'
in SYSTEMPATH\Database\MySQLi\Connection.php on line 308.
 1 SYSTEMPATH\Database\MySQLi\Connection.php(308): mysqli->query('SELECT product_name AS name, product_category_name AS category_name, product_stock_unit_name AS unit_name FROM product JOIN product_stock ON product_stock.product_stock_product_id = product.product_id WHERE product.product_category_name = Makanan AND (product_stock_unit_name LIKE \'%pessi%\' OR
                product_stock_product_name LIKE \'%pessi%\' OR
                product_category_name LIKE \'%pessi%\')  GROUP BY product.product_name', 0)
 2 SYSTEMPATH\Database\BaseConnection.php(722): CodeIgniter\Database\MySQLi\Connection->execute('SELECT product_name AS name, product_category_name AS category_name, product_stock_unit_name AS unit_name FROM product JOIN product_stock ON product_stock.product_stock_product_id = product.product_id WHERE product.product_category_name = Makanan AND (product_stock_unit_name LIKE \'%pessi%\' OR
                product_stock_product_name LIKE \'%pessi%\' OR
                product_category_name LIKE \'%pessi%\')  GROUP BY product.product_name')
 3 SYSTEMPATH\Database\BaseConnection.php(636): CodeIgniter\Database\BaseConnection->simpleQuery('SELECT product_name AS name, product_category_name AS category_name, product_stock_unit_name AS unit_name FROM product JOIN product_stock ON product_stock.product_stock_product_id = product.product_id WHERE product.product_category_name = Makanan AND (product_stock_unit_name LIKE \'%pessi%\' OR
                product_stock_product_name LIKE \'%pessi%\' OR
                product_category_name LIKE \'%pessi%\')  GROUP BY product.product_name')
 4 APPPATH\Helpers\query_helper.php(97): CodeIgniter\Database\BaseConnection->query('SELECT product_name AS name, product_category_name AS category_name, product_stock_unit_name AS unit_name FROM product JOIN product_stock ON product_stock.product_stock_product_id = product.product_id WHERE product.product_category_name = Makanan AND (product_stock_unit_name LIKE \'%pessi%\' OR
                product_stock_product_name LIKE \'%pessi%\' OR
                product_category_name LIKE \'%pessi%\')  GROUP BY product.product_name')
 5 APPPATH\Controllers\Product.php(82): generateListData([...], Object(CodeIgniter\Database\MySQLi\Connection), 1)
 6 SYSTEMPATH\CodeIgniter.php(933): App\Controllers\Product->listData()
 7 SYSTEMPATH\CodeIgniter.php(509): CodeIgniter\CodeIgniter->runController(Object(App\Controllers\Product))
 8 SYSTEMPATH\CodeIgniter.php(355): CodeIgniter\CodeIgniter->handleRequest(null, Object(Config\Cache), false)
 9 SYSTEMPATH\Boot.php(312): CodeIgniter\CodeIgniter->run()
10 SYSTEMPATH\Boot.php(67): CodeIgniter\Boot::runCodeIgniter(Object(CodeIgniter\CodeIgniter))
11 FCPATH\index.php(56): CodeIgniter\Boot::bootWeb(Object(Config\Paths))
12 SYSTEMPATH\Commands\Server\rewrite.php(49): require_once('C:\\xampp\\htdocs\\crud-github\\public\\index.php')
