CRITICAL - 2024-05-03 03:06:00 --> ErrorException: Undefined array key "filter"
[Method: POST, Route: product/search]
in APPPATH\Controllers\Product.php on line 42.
 1 APPPATH\Controllers\Product.php(42): CodeIgniter\Debug\Exceptions->errorHandler(2, 'Undefined array key "filter"', 'C:\\xampp\\htdocs\\crud_ci4_postman\\app\\Controllers\\Product.php', 42)
 2 SYSTEMPATH\CodeIgniter.php(933): App\Controllers\Product->search()
 3 SYSTEMPATH\CodeIgniter.php(509): CodeIgniter\CodeIgniter->runController(Object(App\Controllers\Product))
 4 SYSTEMPATH\CodeIgniter.php(355): CodeIgniter\CodeIgniter->handleRequest(null, Object(Config\Cache), false)
 5 SYSTEMPATH\Boot.php(312): CodeIgniter\CodeIgniter->run()
 6 SYSTEMPATH\Boot.php(67): CodeIgniter\Boot::runCodeIgniter(Object(CodeIgniter\CodeIgniter))
 7 FCPATH\index.php(56): CodeIgniter\Boot::bootWeb(Object(Config\Paths))
 8 SYSTEMPATH\Commands\Server\rewrite.php(49): require_once('C:\\xampp\\htdocs\\crud_ci4_postman\\public\\index.php')
ERROR - 2024-05-03 03:08:16 --> mysqli_sql_exception: Unknown column 'category_name' in 'where clause' in C:\xampp\htdocs\crud_ci4_postman\system\Database\MySQLi\Connection.php:308
Stack trace:
#0 C:\xampp\htdocs\crud_ci4_postman\system\Database\MySQLi\Connection.php(308): mysqli->query('SELECT product....', 0)
#1 C:\xampp\htdocs\crud_ci4_postman\system\Database\BaseConnection.php(722): CodeIgniter\Database\MySQLi\Connection->execute('SELECT product....')
#2 C:\xampp\htdocs\crud_ci4_postman\system\Database\BaseConnection.php(636): CodeIgniter\Database\BaseConnection->simpleQuery('SELECT product....')
#3 C:\xampp\htdocs\crud_ci4_postman\app\Controllers\Product.php(73): CodeIgniter\Database\BaseConnection->query('SELECT product....', 'SELECT product....')
#4 C:\xampp\htdocs\crud_ci4_postman\system\CodeIgniter.php(933): App\Controllers\Product->search()
#5 C:\xampp\htdocs\crud_ci4_postman\system\CodeIgniter.php(509): CodeIgniter\CodeIgniter->runController(Object(App\Controllers\Product))
#6 C:\xampp\htdocs\crud_ci4_postman\system\CodeIgniter.php(355): CodeIgniter\CodeIgniter->handleRequest(NULL, Object(Config\Cache), false)
#7 C:\xampp\htdocs\crud_ci4_postman\system\Boot.php(312): CodeIgniter\CodeIgniter->run()
#8 C:\xampp\htdocs\crud_ci4_postman\system\Boot.php(67): CodeIgniter\Boot::runCodeIgniter(Object(CodeIgniter\CodeIgniter))
#9 C:\xampp\htdocs\crud_ci4_postman\public\index.php(56): CodeIgniter\Boot::bootWeb(Object(Config\Paths))
#10 C:\xampp\htdocs\crud_ci4_postman\system\Commands\Server\rewrite.php(49): require_once('C:\\xampp\\htdocs...')
#11 {main}
CRITICAL - 2024-05-03 03:08:16 --> CodeIgniter\Database\Exceptions\DatabaseException: Unknown column 'category_name' in 'where clause'
[Method: POST, Route: product/search]
in SYSTEMPATH\Database\BaseConnection.php on line 676.
 1 APPPATH\Controllers\Product.php(73): CodeIgniter\Database\BaseConnection->query('SELECT product.product_id AS product_id,
        product.product_name AS product_name,
        product.product_category_name AS category_name,
        product_stock_unit_name AS unit_name,
        product_stock_price_sell AS sell,
        product_stock_id AS stock_id
        FROM product_stock 
        LEFT JOIN product on product_stock.product_stock_product_id = product.product_id
        WHERE
        product_id LIKE \'%Mie%\' OR
        product_name LIKE \'%Mie%\' OR
        category_name LIKE \'%Mie%\' OR
        unit_name LIKE \'%Mie%\' OR
        sell LIKE \'%Mie%\' OR
        stock_id LIKE \'%Mie%\'', 'SELECT product.product_id AS product_id,
        product.product_name AS product_name,
        product.product_category_name AS category_name,
        product_stock_unit_name AS unit_name,
        product_stock_price_sell AS sell,
        product_stock_id AS stock_id
        FROM product_stock 
        LEFT JOIN product on product_stock.product_stock_product_id = product.product_id
        WHERE
        product_stock_price_sell > \'200\'')
 2 SYSTEMPATH\CodeIgniter.php(933): App\Controllers\Product->search()
 3 SYSTEMPATH\CodeIgniter.php(509): CodeIgniter\CodeIgniter->runController(Object(App\Controllers\Product))
 4 SYSTEMPATH\CodeIgniter.php(355): CodeIgniter\CodeIgniter->handleRequest(null, Object(Config\Cache), false)
 5 SYSTEMPATH\Boot.php(312): CodeIgniter\CodeIgniter->run()
 6 SYSTEMPATH\Boot.php(67): CodeIgniter\Boot::runCodeIgniter(Object(CodeIgniter\CodeIgniter))
 7 FCPATH\index.php(56): CodeIgniter\Boot::bootWeb(Object(Config\Paths))
 8 SYSTEMPATH\Commands\Server\rewrite.php(49): require_once('C:\\xampp\\htdocs\\crud_ci4_postman\\public\\index.php')
CRITICAL - 2024-05-03 03:08:16 --> [Caused by] CodeIgniter\Database\Exceptions\DatabaseException: Unknown column 'category_name' in 'where clause'
in SYSTEMPATH\Database\MySQLi\Connection.php on line 313.
 1 SYSTEMPATH\Database\BaseConnection.php(722): CodeIgniter\Database\MySQLi\Connection->execute('SELECT product.product_id AS product_id,
        product.product_name AS product_name,
        product.product_category_name AS category_name,
        product_stock_unit_name AS unit_name,
        product_stock_price_sell AS sell,
        product_stock_id AS stock_id
        FROM product_stock 
        LEFT JOIN product on product_stock.product_stock_product_id = product.product_id
        WHERE
        product_id LIKE \'%Mie%\' OR
        product_name LIKE \'%Mie%\' OR
        category_name LIKE \'%Mie%\' OR
        unit_name LIKE \'%Mie%\' OR
        sell LIKE \'%Mie%\' OR
        stock_id LIKE \'%Mie%\'')
 2 SYSTEMPATH\Database\BaseConnection.php(636): CodeIgniter\Database\BaseConnection->simpleQuery('SELECT product.product_id AS product_id,
        product.product_name AS product_name,
        product.product_category_name AS category_name,
        product_stock_unit_name AS unit_name,
        product_stock_price_sell AS sell,
        product_stock_id AS stock_id
        FROM product_stock 
        LEFT JOIN product on product_stock.product_stock_product_id = product.product_id
        WHERE
        product_id LIKE \'%Mie%\' OR
        product_name LIKE \'%Mie%\' OR
        category_name LIKE \'%Mie%\' OR
        unit_name LIKE \'%Mie%\' OR
        sell LIKE \'%Mie%\' OR
        stock_id LIKE \'%Mie%\'')
 3 APPPATH\Controllers\Product.php(73): CodeIgniter\Database\BaseConnection->query('SELECT product.product_id AS product_id,
        product.product_name AS product_name,
        product.product_category_name AS category_name,
        product_stock_unit_name AS unit_name,
        product_stock_price_sell AS sell,
        product_stock_id AS stock_id
        FROM product_stock 
        LEFT JOIN product on product_stock.product_stock_product_id = product.product_id
        WHERE
        product_id LIKE \'%Mie%\' OR
        product_name LIKE \'%Mie%\' OR
        category_name LIKE \'%Mie%\' OR
        unit_name LIKE \'%Mie%\' OR
        sell LIKE \'%Mie%\' OR
        stock_id LIKE \'%Mie%\'', 'SELECT product.product_id AS product_id,
        product.product_name AS product_name,
        product.product_category_name AS category_name,
        product_stock_unit_name AS unit_name,
        product_stock_price_sell AS sell,
        product_stock_id AS stock_id
        FROM product_stock 
        LEFT JOIN product on product_stock.product_stock_product_id = product.product_id
        WHERE
        product_stock_price_sell > \'200\'')
 4 SYSTEMPATH\CodeIgniter.php(933): App\Controllers\Product->search()
 5 SYSTEMPATH\CodeIgniter.php(509): CodeIgniter\CodeIgniter->runController(Object(App\Controllers\Product))
 6 SYSTEMPATH\CodeIgniter.php(355): CodeIgniter\CodeIgniter->handleRequest(null, Object(Config\Cache), false)
 7 SYSTEMPATH\Boot.php(312): CodeIgniter\CodeIgniter->run()
 8 SYSTEMPATH\Boot.php(67): CodeIgniter\Boot::runCodeIgniter(Object(CodeIgniter\CodeIgniter))
 9 FCPATH\index.php(56): CodeIgniter\Boot::bootWeb(Object(Config\Paths))
10 SYSTEMPATH\Commands\Server\rewrite.php(49): require_once('C:\\xampp\\htdocs\\crud_ci4_postman\\public\\index.php')
CRITICAL - 2024-05-03 03:08:16 --> [Caused by] mysqli_sql_exception: Unknown column 'category_name' in 'where clause'
in SYSTEMPATH\Database\MySQLi\Connection.php on line 308.
 1 SYSTEMPATH\Database\MySQLi\Connection.php(308): mysqli->query('SELECT product.product_id AS product_id,
        product.product_name AS product_name,
        product.product_category_name AS category_name,
        product_stock_unit_name AS unit_name,
        product_stock_price_sell AS sell,
        product_stock_id AS stock_id
        FROM product_stock 
        LEFT JOIN product on product_stock.product_stock_product_id = product.product_id
        WHERE
        product_id LIKE \'%Mie%\' OR
        product_name LIKE \'%Mie%\' OR
        category_name LIKE \'%Mie%\' OR
        unit_name LIKE \'%Mie%\' OR
        sell LIKE \'%Mie%\' OR
        stock_id LIKE \'%Mie%\'', 0)
 2 SYSTEMPATH\Database\BaseConnection.php(722): CodeIgniter\Database\MySQLi\Connection->execute('SELECT product.product_id AS product_id,
        product.product_name AS product_name,
        product.product_category_name AS category_name,
        product_stock_unit_name AS unit_name,
        product_stock_price_sell AS sell,
        product_stock_id AS stock_id
        FROM product_stock 
        LEFT JOIN product on product_stock.product_stock_product_id = product.product_id
        WHERE
        product_id LIKE \'%Mie%\' OR
        product_name LIKE \'%Mie%\' OR
        category_name LIKE \'%Mie%\' OR
        unit_name LIKE \'%Mie%\' OR
        sell LIKE \'%Mie%\' OR
        stock_id LIKE \'%Mie%\'')
 3 SYSTEMPATH\Database\BaseConnection.php(636): CodeIgniter\Database\BaseConnection->simpleQuery('SELECT product.product_id AS product_id,
        product.product_name AS product_name,
        product.product_category_name AS category_name,
        product_stock_unit_name AS unit_name,
        product_stock_price_sell AS sell,
        product_stock_id AS stock_id
        FROM product_stock 
        LEFT JOIN product on product_stock.product_stock_product_id = product.product_id
        WHERE
        product_id LIKE \'%Mie%\' OR
        product_name LIKE \'%Mie%\' OR
        category_name LIKE \'%Mie%\' OR
        unit_name LIKE \'%Mie%\' OR
        sell LIKE \'%Mie%\' OR
        stock_id LIKE \'%Mie%\'')
 4 APPPATH\Controllers\Product.php(73): CodeIgniter\Database\BaseConnection->query('SELECT product.product_id AS product_id,
        product.product_name AS product_name,
        product.product_category_name AS category_name,
        product_stock_unit_name AS unit_name,
        product_stock_price_sell AS sell,
        product_stock_id AS stock_id
        FROM product_stock 
        LEFT JOIN product on product_stock.product_stock_product_id = product.product_id
        WHERE
        product_id LIKE \'%Mie%\' OR
        product_name LIKE \'%Mie%\' OR
        category_name LIKE \'%Mie%\' OR
        unit_name LIKE \'%Mie%\' OR
        sell LIKE \'%Mie%\' OR
        stock_id LIKE \'%Mie%\'', 'SELECT product.product_id AS product_id,
        product.product_name AS product_name,
        product.product_category_name AS category_name,
        product_stock_unit_name AS unit_name,
        product_stock_price_sell AS sell,
        product_stock_id AS stock_id
        FROM product_stock 
        LEFT JOIN product on product_stock.product_stock_product_id = product.product_id
        WHERE
        product_stock_price_sell > \'200\'')
 5 SYSTEMPATH\CodeIgniter.php(933): App\Controllers\Product->search()
 6 SYSTEMPATH\CodeIgniter.php(509): CodeIgniter\CodeIgniter->runController(Object(App\Controllers\Product))
 7 SYSTEMPATH\CodeIgniter.php(355): CodeIgniter\CodeIgniter->handleRequest(null, Object(Config\Cache), false)
 8 SYSTEMPATH\Boot.php(312): CodeIgniter\CodeIgniter->run()
 9 SYSTEMPATH\Boot.php(67): CodeIgniter\Boot::runCodeIgniter(Object(CodeIgniter\CodeIgniter))
10 FCPATH\index.php(56): CodeIgniter\Boot::bootWeb(Object(Config\Paths))
11 SYSTEMPATH\Commands\Server\rewrite.php(49): require_once('C:\\xampp\\htdocs\\crud_ci4_postman\\public\\index.php')
CRITICAL - 2024-05-03 03:13:37 --> ErrorException: Undefined array key "filter"
[Method: POST, Route: product/search]
in APPPATH\Controllers\Product.php on line 42.
 1 APPPATH\Controllers\Product.php(42): CodeIgniter\Debug\Exceptions->errorHandler(2, 'Undefined array key "filter"', 'C:\\xampp\\htdocs\\crud_ci4_postman\\app\\Controllers\\Product.php', 42)
 2 SYSTEMPATH\CodeIgniter.php(933): App\Controllers\Product->search()
 3 SYSTEMPATH\CodeIgniter.php(509): CodeIgniter\CodeIgniter->runController(Object(App\Controllers\Product))
 4 SYSTEMPATH\CodeIgniter.php(355): CodeIgniter\CodeIgniter->handleRequest(null, Object(Config\Cache), false)
 5 SYSTEMPATH\Boot.php(312): CodeIgniter\CodeIgniter->run()
 6 SYSTEMPATH\Boot.php(67): CodeIgniter\Boot::runCodeIgniter(Object(CodeIgniter\CodeIgniter))
 7 FCPATH\index.php(56): CodeIgniter\Boot::bootWeb(Object(Config\Paths))
 8 SYSTEMPATH\Commands\Server\rewrite.php(49): require_once('C:\\xampp\\htdocs\\crud_ci4_postman\\public\\index.php')
ERROR - 2024-05-03 03:58:08 --> mysqli_sql_exception: Unknown column 'product_stock_category_name' in 'where clause' in C:\xampp\htdocs\crud_ci4_postman\system\Database\MySQLi\Connection.php:308
Stack trace:
#0 C:\xampp\htdocs\crud_ci4_postman\system\Database\MySQLi\Connection.php(308): mysqli->query('SELECT \r\n      ...', 0)
#1 C:\xampp\htdocs\crud_ci4_postman\system\Database\BaseConnection.php(722): CodeIgniter\Database\MySQLi\Connection->execute('SELECT \r\n      ...')
#2 C:\xampp\htdocs\crud_ci4_postman\system\Database\BaseConnection.php(636): CodeIgniter\Database\BaseConnection->simpleQuery('SELECT \r\n      ...')
#3 C:\xampp\htdocs\crud_ci4_postman\app\Controllers\Product.php(67): CodeIgniter\Database\BaseConnection->query('SELECT \r\n      ...')
#4 C:\xampp\htdocs\crud_ci4_postman\system\CodeIgniter.php(933): App\Controllers\Product->search()
#5 C:\xampp\htdocs\crud_ci4_postman\system\CodeIgniter.php(509): CodeIgniter\CodeIgniter->runController(Object(App\Controllers\Product))
#6 C:\xampp\htdocs\crud_ci4_postman\system\CodeIgniter.php(355): CodeIgniter\CodeIgniter->handleRequest(NULL, Object(Config\Cache), false)
#7 C:\xampp\htdocs\crud_ci4_postman\system\Boot.php(312): CodeIgniter\CodeIgniter->run()
#8 C:\xampp\htdocs\crud_ci4_postman\system\Boot.php(67): CodeIgniter\Boot::runCodeIgniter(Object(CodeIgniter\CodeIgniter))
#9 C:\xampp\htdocs\crud_ci4_postman\public\index.php(56): CodeIgniter\Boot::bootWeb(Object(Config\Paths))
#10 C:\xampp\htdocs\crud_ci4_postman\system\Commands\Server\rewrite.php(49): require_once('C:\\xampp\\htdocs...')
#11 {main}
CRITICAL - 2024-05-03 03:58:08 --> CodeIgniter\Database\Exceptions\DatabaseException: Unknown column 'product_stock_category_name' in 'where clause'
[Method: POST, Route: product/search]
in SYSTEMPATH\Database\BaseConnection.php on line 676.
 1 APPPATH\Controllers\Product.php(67): CodeIgniter\Database\BaseConnection->query('SELECT 
                product.product_id AS product_id,
                product.product_name AS product_name,
                product.product_category_name AS category_name,
                product_stock_unit_name AS unit_name,
                product_stock_price_sell AS sell,
                product_stock_id AS stock_id
            FROM 
                product_stock 
                LEFT JOIN product ON product_stock.product_stock_product_id = product.product_id
            WHERE 
                product_stock_price_sell BETWEEN \'200\' AND \'500\' AND product_stock_category_name = \'\' AND
                (
                    product.product_id LIKE \'%%\' OR
                    product.product_name LIKE \'%%\' OR
                    product.product_category_name LIKE \'%%\' OR
                    product_stock_unit_name LIKE \'%%\' OR
                    product_stock_price_sell LIKE \'%%\' OR
                    product_stock_id LIKE \'%%\'
                )')
 2 SYSTEMPATH\CodeIgniter.php(933): App\Controllers\Product->search()
 3 SYSTEMPATH\CodeIgniter.php(509): CodeIgniter\CodeIgniter->runController(Object(App\Controllers\Product))
 4 SYSTEMPATH\CodeIgniter.php(355): CodeIgniter\CodeIgniter->handleRequest(null, Object(Config\Cache), false)
 5 SYSTEMPATH\Boot.php(312): CodeIgniter\CodeIgniter->run()
 6 SYSTEMPATH\Boot.php(67): CodeIgniter\Boot::runCodeIgniter(Object(CodeIgniter\CodeIgniter))
 7 FCPATH\index.php(56): CodeIgniter\Boot::bootWeb(Object(Config\Paths))
 8 SYSTEMPATH\Commands\Server\rewrite.php(49): require_once('C:\\xampp\\htdocs\\crud_ci4_postman\\public\\index.php')
CRITICAL - 2024-05-03 03:58:08 --> [Caused by] CodeIgniter\Database\Exceptions\DatabaseException: Unknown column 'product_stock_category_name' in 'where clause'
in SYSTEMPATH\Database\MySQLi\Connection.php on line 313.
 1 SYSTEMPATH\Database\BaseConnection.php(722): CodeIgniter\Database\MySQLi\Connection->execute('SELECT 
                product.product_id AS product_id,
                product.product_name AS product_name,
                product.product_category_name AS category_name,
                product_stock_unit_name AS unit_name,
                product_stock_price_sell AS sell,
                product_stock_id AS stock_id
            FROM 
                product_stock 
                LEFT JOIN product ON product_stock.product_stock_product_id = product.product_id
            WHERE 
                product_stock_price_sell BETWEEN \'200\' AND \'500\' AND product_stock_category_name = \'\' AND
                (
                    product.product_id LIKE \'%%\' OR
                    product.product_name LIKE \'%%\' OR
                    product.product_category_name LIKE \'%%\' OR
                    product_stock_unit_name LIKE \'%%\' OR
                    product_stock_price_sell LIKE \'%%\' OR
                    product_stock_id LIKE \'%%\'
                )')
 2 SYSTEMPATH\Database\BaseConnection.php(636): CodeIgniter\Database\BaseConnection->simpleQuery('SELECT 
                product.product_id AS product_id,
                product.product_name AS product_name,
                product.product_category_name AS category_name,
                product_stock_unit_name AS unit_name,
                product_stock_price_sell AS sell,
                product_stock_id AS stock_id
            FROM 
                product_stock 
                LEFT JOIN product ON product_stock.product_stock_product_id = product.product_id
            WHERE 
                product_stock_price_sell BETWEEN \'200\' AND \'500\' AND product_stock_category_name = \'\' AND
                (
                    product.product_id LIKE \'%%\' OR
                    product.product_name LIKE \'%%\' OR
                    product.product_category_name LIKE \'%%\' OR
                    product_stock_unit_name LIKE \'%%\' OR
                    product_stock_price_sell LIKE \'%%\' OR
                    product_stock_id LIKE \'%%\'
                )')
 3 APPPATH\Controllers\Product.php(67): CodeIgniter\Database\BaseConnection->query('SELECT 
                product.product_id AS product_id,
                product.product_name AS product_name,
                product.product_category_name AS category_name,
                product_stock_unit_name AS unit_name,
                product_stock_price_sell AS sell,
                product_stock_id AS stock_id
            FROM 
                product_stock 
                LEFT JOIN product ON product_stock.product_stock_product_id = product.product_id
            WHERE 
                product_stock_price_sell BETWEEN \'200\' AND \'500\' AND product_stock_category_name = \'\' AND
                (
                    product.product_id LIKE \'%%\' OR
                    product.product_name LIKE \'%%\' OR
                    product.product_category_name LIKE \'%%\' OR
                    product_stock_unit_name LIKE \'%%\' OR
                    product_stock_price_sell LIKE \'%%\' OR
                    product_stock_id LIKE \'%%\'
                )')
 4 SYSTEMPATH\CodeIgniter.php(933): App\Controllers\Product->search()
 5 SYSTEMPATH\CodeIgniter.php(509): CodeIgniter\CodeIgniter->runController(Object(App\Controllers\Product))
 6 SYSTEMPATH\CodeIgniter.php(355): CodeIgniter\CodeIgniter->handleRequest(null, Object(Config\Cache), false)
 7 SYSTEMPATH\Boot.php(312): CodeIgniter\CodeIgniter->run()
 8 SYSTEMPATH\Boot.php(67): CodeIgniter\Boot::runCodeIgniter(Object(CodeIgniter\CodeIgniter))
 9 FCPATH\index.php(56): CodeIgniter\Boot::bootWeb(Object(Config\Paths))
10 SYSTEMPATH\Commands\Server\rewrite.php(49): require_once('C:\\xampp\\htdocs\\crud_ci4_postman\\public\\index.php')
CRITICAL - 2024-05-03 03:58:08 --> [Caused by] mysqli_sql_exception: Unknown column 'product_stock_category_name' in 'where clause'
in SYSTEMPATH\Database\MySQLi\Connection.php on line 308.
 1 SYSTEMPATH\Database\MySQLi\Connection.php(308): mysqli->query('SELECT 
                product.product_id AS product_id,
                product.product_name AS product_name,
                product.product_category_name AS category_name,
                product_stock_unit_name AS unit_name,
                product_stock_price_sell AS sell,
                product_stock_id AS stock_id
            FROM 
                product_stock 
                LEFT JOIN product ON product_stock.product_stock_product_id = product.product_id
            WHERE 
                product_stock_price_sell BETWEEN \'200\' AND \'500\' AND product_stock_category_name = \'\' AND
                (
                    product.product_id LIKE \'%%\' OR
                    product.product_name LIKE \'%%\' OR
                    product.product_category_name LIKE \'%%\' OR
                    product_stock_unit_name LIKE \'%%\' OR
                    product_stock_price_sell LIKE \'%%\' OR
                    product_stock_id LIKE \'%%\'
                )', 0)
 2 SYSTEMPATH\Database\BaseConnection.php(722): CodeIgniter\Database\MySQLi\Connection->execute('SELECT 
                product.product_id AS product_id,
                product.product_name AS product_name,
                product.product_category_name AS category_name,
                product_stock_unit_name AS unit_name,
                product_stock_price_sell AS sell,
                product_stock_id AS stock_id
            FROM 
                product_stock 
                LEFT JOIN product ON product_stock.product_stock_product_id = product.product_id
            WHERE 
                product_stock_price_sell BETWEEN \'200\' AND \'500\' AND product_stock_category_name = \'\' AND
                (
                    product.product_id LIKE \'%%\' OR
                    product.product_name LIKE \'%%\' OR
                    product.product_category_name LIKE \'%%\' OR
                    product_stock_unit_name LIKE \'%%\' OR
                    product_stock_price_sell LIKE \'%%\' OR
                    product_stock_id LIKE \'%%\'
                )')
 3 SYSTEMPATH\Database\BaseConnection.php(636): CodeIgniter\Database\BaseConnection->simpleQuery('SELECT 
                product.product_id AS product_id,
                product.product_name AS product_name,
                product.product_category_name AS category_name,
                product_stock_unit_name AS unit_name,
                product_stock_price_sell AS sell,
                product_stock_id AS stock_id
            FROM 
                product_stock 
                LEFT JOIN product ON product_stock.product_stock_product_id = product.product_id
            WHERE 
                product_stock_price_sell BETWEEN \'200\' AND \'500\' AND product_stock_category_name = \'\' AND
                (
                    product.product_id LIKE \'%%\' OR
                    product.product_name LIKE \'%%\' OR
                    product.product_category_name LIKE \'%%\' OR
                    product_stock_unit_name LIKE \'%%\' OR
                    product_stock_price_sell LIKE \'%%\' OR
                    product_stock_id LIKE \'%%\'
                )')
 4 APPPATH\Controllers\Product.php(67): CodeIgniter\Database\BaseConnection->query('SELECT 
                product.product_id AS product_id,
                product.product_name AS product_name,
                product.product_category_name AS category_name,
                product_stock_unit_name AS unit_name,
                product_stock_price_sell AS sell,
                product_stock_id AS stock_id
            FROM 
                product_stock 
                LEFT JOIN product ON product_stock.product_stock_product_id = product.product_id
            WHERE 
                product_stock_price_sell BETWEEN \'200\' AND \'500\' AND product_stock_category_name = \'\' AND
                (
                    product.product_id LIKE \'%%\' OR
                    product.product_name LIKE \'%%\' OR
                    product.product_category_name LIKE \'%%\' OR
                    product_stock_unit_name LIKE \'%%\' OR
                    product_stock_price_sell LIKE \'%%\' OR
                    product_stock_id LIKE \'%%\'
                )')
 5 SYSTEMPATH\CodeIgniter.php(933): App\Controllers\Product->search()
 6 SYSTEMPATH\CodeIgniter.php(509): CodeIgniter\CodeIgniter->runController(Object(App\Controllers\Product))
 7 SYSTEMPATH\CodeIgniter.php(355): CodeIgniter\CodeIgniter->handleRequest(null, Object(Config\Cache), false)
 8 SYSTEMPATH\Boot.php(312): CodeIgniter\CodeIgniter->run()
 9 SYSTEMPATH\Boot.php(67): CodeIgniter\Boot::runCodeIgniter(Object(CodeIgniter\CodeIgniter))
10 FCPATH\index.php(56): CodeIgniter\Boot::bootWeb(Object(Config\Paths))
11 SYSTEMPATH\Commands\Server\rewrite.php(49): require_once('C:\\xampp\\htdocs\\crud_ci4_postman\\public\\index.php')
ERROR - 2024-05-03 04:06:15 --> mysqli_sql_exception: You have an error in your SQL syntax; check the manual that corresponds to your MariaDB server version for the right syntax to use near 'OR
                (
                    product_category_name = 'Makanan' ...' at line 12 in C:\xampp\htdocs\crud_ci4_postman\system\Database\MySQLi\Connection.php:308
Stack trace:
#0 C:\xampp\htdocs\crud_ci4_postman\system\Database\MySQLi\Connection.php(308): mysqli->query('SELECT \r\n      ...', 0)
#1 C:\xampp\htdocs\crud_ci4_postman\system\Database\BaseConnection.php(722): CodeIgniter\Database\MySQLi\Connection->execute('SELECT \r\n      ...')
#2 C:\xampp\htdocs\crud_ci4_postman\system\Database\BaseConnection.php(636): CodeIgniter\Database\BaseConnection->simpleQuery('SELECT \r\n      ...')
#3 C:\xampp\htdocs\crud_ci4_postman\app\Controllers\Product.php(65): CodeIgniter\Database\BaseConnection->query('SELECT \r\n      ...')
#4 C:\xampp\htdocs\crud_ci4_postman\system\CodeIgniter.php(933): App\Controllers\Product->search()
#5 C:\xampp\htdocs\crud_ci4_postman\system\CodeIgniter.php(509): CodeIgniter\CodeIgniter->runController(Object(App\Controllers\Product))
#6 C:\xampp\htdocs\crud_ci4_postman\system\CodeIgniter.php(355): CodeIgniter\CodeIgniter->handleRequest(NULL, Object(Config\Cache), false)
#7 C:\xampp\htdocs\crud_ci4_postman\system\Boot.php(312): CodeIgniter\CodeIgniter->run()
#8 C:\xampp\htdocs\crud_ci4_postman\system\Boot.php(67): CodeIgniter\Boot::runCodeIgniter(Object(CodeIgniter\CodeIgniter))
#9 C:\xampp\htdocs\crud_ci4_postman\public\index.php(56): CodeIgniter\Boot::bootWeb(Object(Config\Paths))
#10 C:\xampp\htdocs\crud_ci4_postman\system\Commands\Server\rewrite.php(49): require_once('C:\\xampp\\htdocs...')
#11 {main}
CRITICAL - 2024-05-03 04:06:15 --> CodeIgniter\Database\Exceptions\DatabaseException: You have an error in your SQL syntax; check the manual that corresponds to your MariaDB server version for the right syntax to use near 'OR
                (
                    product_category_name = 'Makanan' ...' at line 12
[Method: POST, Route: product/search]
in SYSTEMPATH\Database\BaseConnection.php on line 676.
 1 APPPATH\Controllers\Product.php(65): CodeIgniter\Database\BaseConnection->query('SELECT 
                product.product_id AS product_id,
                product.product_name AS product_name,
                product.product_category_name AS category_name,
                product_stock_unit_name AS unit_name,
                product_stock_price_sell AS sell,
                product_stock_id AS stock_id
            FROM 
                product_stock 
                LEFT JOIN product ON product_stock.product_stock_product_id = product.product_id
            WHERE 
                product_stock_price_sell BETWEEN \'200\' AND \'500\' AND  OR
                (
                    product_category_name = \'Makanan\' AND
                    product.product_name LIKE \'\' OR
                    product_stock_unit_name LIKE \'\' OR
                    product_stock_id LIKE \'\'
                )')
 2 SYSTEMPATH\CodeIgniter.php(933): App\Controllers\Product->search()
 3 SYSTEMPATH\CodeIgniter.php(509): CodeIgniter\CodeIgniter->runController(Object(App\Controllers\Product))
 4 SYSTEMPATH\CodeIgniter.php(355): CodeIgniter\CodeIgniter->handleRequest(null, Object(Config\Cache), false)
 5 SYSTEMPATH\Boot.php(312): CodeIgniter\CodeIgniter->run()
 6 SYSTEMPATH\Boot.php(67): CodeIgniter\Boot::runCodeIgniter(Object(CodeIgniter\CodeIgniter))
 7 FCPATH\index.php(56): CodeIgniter\Boot::bootWeb(Object(Config\Paths))
 8 SYSTEMPATH\Commands\Server\rewrite.php(49): require_once('C:\\xampp\\htdocs\\crud_ci4_postman\\public\\index.php')
CRITICAL - 2024-05-03 04:06:15 --> [Caused by] CodeIgniter\Database\Exceptions\DatabaseException: You have an error in your SQL syntax; check the manual that corresponds to your MariaDB server version for the right syntax to use near 'OR
                (
                    product_category_name = 'Makanan' ...' at line 12
in SYSTEMPATH\Database\MySQLi\Connection.php on line 313.
 1 SYSTEMPATH\Database\BaseConnection.php(722): CodeIgniter\Database\MySQLi\Connection->execute('SELECT 
                product.product_id AS product_id,
                product.product_name AS product_name,
                product.product_category_name AS category_name,
                product_stock_unit_name AS unit_name,
                product_stock_price_sell AS sell,
                product_stock_id AS stock_id
            FROM 
                product_stock 
                LEFT JOIN product ON product_stock.product_stock_product_id = product.product_id
            WHERE 
                product_stock_price_sell BETWEEN \'200\' AND \'500\' AND  OR
                (
                    product_category_name = \'Makanan\' AND
                    product.product_name LIKE \'\' OR
                    product_stock_unit_name LIKE \'\' OR
                    product_stock_id LIKE \'\'
                )')
 2 SYSTEMPATH\Database\BaseConnection.php(636): CodeIgniter\Database\BaseConnection->simpleQuery('SELECT 
                product.product_id AS product_id,
                product.product_name AS product_name,
                product.product_category_name AS category_name,
                product_stock_unit_name AS unit_name,
                product_stock_price_sell AS sell,
                product_stock_id AS stock_id
            FROM 
                product_stock 
                LEFT JOIN product ON product_stock.product_stock_product_id = product.product_id
            WHERE 
                product_stock_price_sell BETWEEN \'200\' AND \'500\' AND  OR
                (
                    product_category_name = \'Makanan\' AND
                    product.product_name LIKE \'\' OR
                    product_stock_unit_name LIKE \'\' OR
                    product_stock_id LIKE \'\'
                )')
 3 APPPATH\Controllers\Product.php(65): CodeIgniter\Database\BaseConnection->query('SELECT 
                product.product_id AS product_id,
                product.product_name AS product_name,
                product.product_category_name AS category_name,
                product_stock_unit_name AS unit_name,
                product_stock_price_sell AS sell,
                product_stock_id AS stock_id
            FROM 
                product_stock 
                LEFT JOIN product ON product_stock.product_stock_product_id = product.product_id
            WHERE 
                product_stock_price_sell BETWEEN \'200\' AND \'500\' AND  OR
                (
                    product_category_name = \'Makanan\' AND
                    product.product_name LIKE \'\' OR
                    product_stock_unit_name LIKE \'\' OR
                    product_stock_id LIKE \'\'
                )')
 4 SYSTEMPATH\CodeIgniter.php(933): App\Controllers\Product->search()
 5 SYSTEMPATH\CodeIgniter.php(509): CodeIgniter\CodeIgniter->runController(Object(App\Controllers\Product))
 6 SYSTEMPATH\CodeIgniter.php(355): CodeIgniter\CodeIgniter->handleRequest(null, Object(Config\Cache), false)
 7 SYSTEMPATH\Boot.php(312): CodeIgniter\CodeIgniter->run()
 8 SYSTEMPATH\Boot.php(67): CodeIgniter\Boot::runCodeIgniter(Object(CodeIgniter\CodeIgniter))
 9 FCPATH\index.php(56): CodeIgniter\Boot::bootWeb(Object(Config\Paths))
10 SYSTEMPATH\Commands\Server\rewrite.php(49): require_once('C:\\xampp\\htdocs\\crud_ci4_postman\\public\\index.php')
CRITICAL - 2024-05-03 04:06:15 --> [Caused by] mysqli_sql_exception: You have an error in your SQL syntax; check the manual that corresponds to your MariaDB server version for the right syntax to use near 'OR
                (
                    product_category_name = 'Makanan' ...' at line 12
in SYSTEMPATH\Database\MySQLi\Connection.php on line 308.
 1 SYSTEMPATH\Database\MySQLi\Connection.php(308): mysqli->query('SELECT 
                product.product_id AS product_id,
                product.product_name AS product_name,
                product.product_category_name AS category_name,
                product_stock_unit_name AS unit_name,
                product_stock_price_sell AS sell,
                product_stock_id AS stock_id
            FROM 
                product_stock 
                LEFT JOIN product ON product_stock.product_stock_product_id = product.product_id
            WHERE 
                product_stock_price_sell BETWEEN \'200\' AND \'500\' AND  OR
                (
                    product_category_name = \'Makanan\' AND
                    product.product_name LIKE \'\' OR
                    product_stock_unit_name LIKE \'\' OR
                    product_stock_id LIKE \'\'
                )', 0)
 2 SYSTEMPATH\Database\BaseConnection.php(722): CodeIgniter\Database\MySQLi\Connection->execute('SELECT 
                product.product_id AS product_id,
                product.product_name AS product_name,
                product.product_category_name AS category_name,
                product_stock_unit_name AS unit_name,
                product_stock_price_sell AS sell,
                product_stock_id AS stock_id
            FROM 
                product_stock 
                LEFT JOIN product ON product_stock.product_stock_product_id = product.product_id
            WHERE 
                product_stock_price_sell BETWEEN \'200\' AND \'500\' AND  OR
                (
                    product_category_name = \'Makanan\' AND
                    product.product_name LIKE \'\' OR
                    product_stock_unit_name LIKE \'\' OR
                    product_stock_id LIKE \'\'
                )')
 3 SYSTEMPATH\Database\BaseConnection.php(636): CodeIgniter\Database\BaseConnection->simpleQuery('SELECT 
                product.product_id AS product_id,
                product.product_name AS product_name,
                product.product_category_name AS category_name,
                product_stock_unit_name AS unit_name,
                product_stock_price_sell AS sell,
                product_stock_id AS stock_id
            FROM 
                product_stock 
                LEFT JOIN product ON product_stock.product_stock_product_id = product.product_id
            WHERE 
                product_stock_price_sell BETWEEN \'200\' AND \'500\' AND  OR
                (
                    product_category_name = \'Makanan\' AND
                    product.product_name LIKE \'\' OR
                    product_stock_unit_name LIKE \'\' OR
                    product_stock_id LIKE \'\'
                )')
 4 APPPATH\Controllers\Product.php(65): CodeIgniter\Database\BaseConnection->query('SELECT 
                product.product_id AS product_id,
                product.product_name AS product_name,
                product.product_category_name AS category_name,
                product_stock_unit_name AS unit_name,
                product_stock_price_sell AS sell,
                product_stock_id AS stock_id
            FROM 
                product_stock 
                LEFT JOIN product ON product_stock.product_stock_product_id = product.product_id
            WHERE 
                product_stock_price_sell BETWEEN \'200\' AND \'500\' AND  OR
                (
                    product_category_name = \'Makanan\' AND
                    product.product_name LIKE \'\' OR
                    product_stock_unit_name LIKE \'\' OR
                    product_stock_id LIKE \'\'
                )')
 5 SYSTEMPATH\CodeIgniter.php(933): App\Controllers\Product->search()
 6 SYSTEMPATH\CodeIgniter.php(509): CodeIgniter\CodeIgniter->runController(Object(App\Controllers\Product))
 7 SYSTEMPATH\CodeIgniter.php(355): CodeIgniter\CodeIgniter->handleRequest(null, Object(Config\Cache), false)
 8 SYSTEMPATH\Boot.php(312): CodeIgniter\CodeIgniter->run()
 9 SYSTEMPATH\Boot.php(67): CodeIgniter\Boot::runCodeIgniter(Object(CodeIgniter\CodeIgniter))
10 FCPATH\index.php(56): CodeIgniter\Boot::bootWeb(Object(Config\Paths))
11 SYSTEMPATH\Commands\Server\rewrite.php(49): require_once('C:\\xampp\\htdocs\\crud_ci4_postman\\public\\index.php')
CRITICAL - 2024-05-03 04:11:11 --> ErrorException: Array to string conversion
[Method: POST, Route: product/search]
in APPPATH\Controllers\Product.php on line 80.
 1 APPPATH\Controllers\Product.php(80): CodeIgniter\Debug\Exceptions->errorHandler(2, 'Array to string conversion', 'C:\\xampp\\htdocs\\crud_ci4_postman\\app\\Controllers\\Product.php', 80)
 2 SYSTEMPATH\CodeIgniter.php(933): App\Controllers\Product->search()
 3 SYSTEMPATH\CodeIgniter.php(509): CodeIgniter\CodeIgniter->runController(Object(App\Controllers\Product))
 4 SYSTEMPATH\CodeIgniter.php(355): CodeIgniter\CodeIgniter->handleRequest(null, Object(Config\Cache), false)
 5 SYSTEMPATH\Boot.php(312): CodeIgniter\CodeIgniter->run()
 6 SYSTEMPATH\Boot.php(67): CodeIgniter\Boot::runCodeIgniter(Object(CodeIgniter\CodeIgniter))
 7 FCPATH\index.php(56): CodeIgniter\Boot::bootWeb(Object(Config\Paths))
 8 SYSTEMPATH\Commands\Server\rewrite.php(49): require_once('C:\\xampp\\htdocs\\crud_ci4_postman\\public\\index.php')
CRITICAL - 2024-05-03 04:16:39 --> ErrorException: Undefined array key "kategori"
[Method: POST, Route: product/search]
in APPPATH\Controllers\Product.php on line 42.
 1 APPPATH\Controllers\Product.php(42): CodeIgniter\Debug\Exceptions->errorHandler(2, 'Undefined array key "kategori"', 'C:\\xampp\\htdocs\\crud_ci4_postman\\app\\Controllers\\Product.php', 42)
 2 SYSTEMPATH\CodeIgniter.php(933): App\Controllers\Product->search()
 3 SYSTEMPATH\CodeIgniter.php(509): CodeIgniter\CodeIgniter->runController(Object(App\Controllers\Product))
 4 SYSTEMPATH\CodeIgniter.php(355): CodeIgniter\CodeIgniter->handleRequest(null, Object(Config\Cache), false)
 5 SYSTEMPATH\Boot.php(312): CodeIgniter\CodeIgniter->run()
 6 SYSTEMPATH\Boot.php(67): CodeIgniter\Boot::runCodeIgniter(Object(CodeIgniter\CodeIgniter))
 7 FCPATH\index.php(56): CodeIgniter\Boot::bootWeb(Object(Config\Paths))
 8 SYSTEMPATH\Commands\Server\rewrite.php(49): require_once('C:\\xampp\\htdocs\\crud_ci4_postman\\public\\index.php')
CRITICAL - 2024-05-03 04:16:52 --> ErrorException: Undefined array key "range_harga_awal"
[Method: POST, Route: product/search]
in APPPATH\Controllers\Product.php on line 43.
 1 APPPATH\Controllers\Product.php(43): CodeIgniter\Debug\Exceptions->errorHandler(2, 'Undefined array key "range_harga_awal"', 'C:\\xampp\\htdocs\\crud_ci4_postman\\app\\Controllers\\Product.php', 43)
 2 SYSTEMPATH\CodeIgniter.php(933): App\Controllers\Product->search()
 3 SYSTEMPATH\CodeIgniter.php(509): CodeIgniter\CodeIgniter->runController(Object(App\Controllers\Product))
 4 SYSTEMPATH\CodeIgniter.php(355): CodeIgniter\CodeIgniter->handleRequest(null, Object(Config\Cache), false)
 5 SYSTEMPATH\Boot.php(312): CodeIgniter\CodeIgniter->run()
 6 SYSTEMPATH\Boot.php(67): CodeIgniter\Boot::runCodeIgniter(Object(CodeIgniter\CodeIgniter))
 7 FCPATH\index.php(56): CodeIgniter\Boot::bootWeb(Object(Config\Paths))
 8 SYSTEMPATH\Commands\Server\rewrite.php(49): require_once('C:\\xampp\\htdocs\\crud_ci4_postman\\public\\index.php')
CRITICAL - 2024-05-03 04:17:04 --> ErrorException: Undefined array key "range_harga_awal"
[Method: POST, Route: product/search]
in APPPATH\Controllers\Product.php on line 43.
 1 APPPATH\Controllers\Product.php(43): CodeIgniter\Debug\Exceptions->errorHandler(2, 'Undefined array key "range_harga_awal"', 'C:\\xampp\\htdocs\\crud_ci4_postman\\app\\Controllers\\Product.php', 43)
 2 SYSTEMPATH\CodeIgniter.php(933): App\Controllers\Product->search()
 3 SYSTEMPATH\CodeIgniter.php(509): CodeIgniter\CodeIgniter->runController(Object(App\Controllers\Product))
 4 SYSTEMPATH\CodeIgniter.php(355): CodeIgniter\CodeIgniter->handleRequest(null, Object(Config\Cache), false)
 5 SYSTEMPATH\Boot.php(312): CodeIgniter\CodeIgniter->run()
 6 SYSTEMPATH\Boot.php(67): CodeIgniter\Boot::runCodeIgniter(Object(CodeIgniter\CodeIgniter))
 7 FCPATH\index.php(56): CodeIgniter\Boot::bootWeb(Object(Config\Paths))
 8 SYSTEMPATH\Commands\Server\rewrite.php(49): require_once('C:\\xampp\\htdocs\\crud_ci4_postman\\public\\index.php')
ERROR - 2024-05-03 04:29:43 --> mysqli_sql_exception: Unknown column 'product_stock_pirce_sell' in 'where clause' in C:\xampp\htdocs\crud_ci4_postman\system\Database\MySQLi\Connection.php:308
Stack trace:
#0 C:\xampp\htdocs\crud_ci4_postman\system\Database\MySQLi\Connection.php(308): mysqli->query('SELECT \r\n      ...', 0)
#1 C:\xampp\htdocs\crud_ci4_postman\system\Database\BaseConnection.php(722): CodeIgniter\Database\MySQLi\Connection->execute('SELECT \r\n      ...')
#2 C:\xampp\htdocs\crud_ci4_postman\system\Database\BaseConnection.php(636): CodeIgniter\Database\BaseConnection->simpleQuery('SELECT \r\n      ...')
#3 C:\xampp\htdocs\crud_ci4_postman\app\Controllers\Product.php(79): CodeIgniter\Database\BaseConnection->query('SELECT \r\n      ...')
#4 C:\xampp\htdocs\crud_ci4_postman\system\CodeIgniter.php(933): App\Controllers\Product->search()
#5 C:\xampp\htdocs\crud_ci4_postman\system\CodeIgniter.php(509): CodeIgniter\CodeIgniter->runController(Object(App\Controllers\Product))
#6 C:\xampp\htdocs\crud_ci4_postman\system\CodeIgniter.php(355): CodeIgniter\CodeIgniter->handleRequest(NULL, Object(Config\Cache), false)
#7 C:\xampp\htdocs\crud_ci4_postman\system\Boot.php(312): CodeIgniter\CodeIgniter->run()
#8 C:\xampp\htdocs\crud_ci4_postman\system\Boot.php(67): CodeIgniter\Boot::runCodeIgniter(Object(CodeIgniter\CodeIgniter))
#9 C:\xampp\htdocs\crud_ci4_postman\public\index.php(56): CodeIgniter\Boot::bootWeb(Object(Config\Paths))
#10 C:\xampp\htdocs\crud_ci4_postman\system\Commands\Server\rewrite.php(49): require_once('C:\\xampp\\htdocs...')
#11 {main}
CRITICAL - 2024-05-03 04:29:43 --> CodeIgniter\Database\Exceptions\DatabaseException: Unknown column 'product_stock_pirce_sell' in 'where clause'
[Method: POST, Route: product/search]
in SYSTEMPATH\Database\BaseConnection.php on line 676.
 1 APPPATH\Controllers\Product.php(79): CodeIgniter\Database\BaseConnection->query('SELECT 
                product.product_id AS product_id,
                product.product_name AS product_name,
                product.product_category_name AS category_name,
                product_stock_unit_name AS unit_name,
                product_stock_price_sell AS sell,
                product_stock_id AS stock_id
            FROM 
                product_stock 
                LEFT JOIN product ON product_stock.product_stock_product_id = product.product_id
            WHERE 1=1 AND product_stock_pirce_sell < \'300\' AND (
                    product.product_name LIKE \'%Mie%\' OR
                    product_stock_unit_name LIKE \'%Mie%\' OR
                    product_stock_id LIKE \'%Mie%\'
                )')
 2 SYSTEMPATH\CodeIgniter.php(933): App\Controllers\Product->search()
 3 SYSTEMPATH\CodeIgniter.php(509): CodeIgniter\CodeIgniter->runController(Object(App\Controllers\Product))
 4 SYSTEMPATH\CodeIgniter.php(355): CodeIgniter\CodeIgniter->handleRequest(null, Object(Config\Cache), false)
 5 SYSTEMPATH\Boot.php(312): CodeIgniter\CodeIgniter->run()
 6 SYSTEMPATH\Boot.php(67): CodeIgniter\Boot::runCodeIgniter(Object(CodeIgniter\CodeIgniter))
 7 FCPATH\index.php(56): CodeIgniter\Boot::bootWeb(Object(Config\Paths))
 8 SYSTEMPATH\Commands\Server\rewrite.php(49): require_once('C:\\xampp\\htdocs\\crud_ci4_postman\\public\\index.php')
CRITICAL - 2024-05-03 04:29:43 --> [Caused by] CodeIgniter\Database\Exceptions\DatabaseException: Unknown column 'product_stock_pirce_sell' in 'where clause'
in SYSTEMPATH\Database\MySQLi\Connection.php on line 313.
 1 SYSTEMPATH\Database\BaseConnection.php(722): CodeIgniter\Database\MySQLi\Connection->execute('SELECT 
                product.product_id AS product_id,
                product.product_name AS product_name,
                product.product_category_name AS category_name,
                product_stock_unit_name AS unit_name,
                product_stock_price_sell AS sell,
                product_stock_id AS stock_id
            FROM 
                product_stock 
                LEFT JOIN product ON product_stock.product_stock_product_id = product.product_id
            WHERE 1=1 AND product_stock_pirce_sell < \'300\' AND (
                    product.product_name LIKE \'%Mie%\' OR
                    product_stock_unit_name LIKE \'%Mie%\' OR
                    product_stock_id LIKE \'%Mie%\'
                )')
 2 SYSTEMPATH\Database\BaseConnection.php(636): CodeIgniter\Database\BaseConnection->simpleQuery('SELECT 
                product.product_id AS product_id,
                product.product_name AS product_name,
                product.product_category_name AS category_name,
                product_stock_unit_name AS unit_name,
                product_stock_price_sell AS sell,
                product_stock_id AS stock_id
            FROM 
                product_stock 
                LEFT JOIN product ON product_stock.product_stock_product_id = product.product_id
            WHERE 1=1 AND product_stock_pirce_sell < \'300\' AND (
                    product.product_name LIKE \'%Mie%\' OR
                    product_stock_unit_name LIKE \'%Mie%\' OR
                    product_stock_id LIKE \'%Mie%\'
                )')
 3 APPPATH\Controllers\Product.php(79): CodeIgniter\Database\BaseConnection->query('SELECT 
                product.product_id AS product_id,
                product.product_name AS product_name,
                product.product_category_name AS category_name,
                product_stock_unit_name AS unit_name,
                product_stock_price_sell AS sell,
                product_stock_id AS stock_id
            FROM 
                product_stock 
                LEFT JOIN product ON product_stock.product_stock_product_id = product.product_id
            WHERE 1=1 AND product_stock_pirce_sell < \'300\' AND (
                    product.product_name LIKE \'%Mie%\' OR
                    product_stock_unit_name LIKE \'%Mie%\' OR
                    product_stock_id LIKE \'%Mie%\'
                )')
 4 SYSTEMPATH\CodeIgniter.php(933): App\Controllers\Product->search()
 5 SYSTEMPATH\CodeIgniter.php(509): CodeIgniter\CodeIgniter->runController(Object(App\Controllers\Product))
 6 SYSTEMPATH\CodeIgniter.php(355): CodeIgniter\CodeIgniter->handleRequest(null, Object(Config\Cache), false)
 7 SYSTEMPATH\Boot.php(312): CodeIgniter\CodeIgniter->run()
 8 SYSTEMPATH\Boot.php(67): CodeIgniter\Boot::runCodeIgniter(Object(CodeIgniter\CodeIgniter))
 9 FCPATH\index.php(56): CodeIgniter\Boot::bootWeb(Object(Config\Paths))
10 SYSTEMPATH\Commands\Server\rewrite.php(49): require_once('C:\\xampp\\htdocs\\crud_ci4_postman\\public\\index.php')
CRITICAL - 2024-05-03 04:29:43 --> [Caused by] mysqli_sql_exception: Unknown column 'product_stock_pirce_sell' in 'where clause'
in SYSTEMPATH\Database\MySQLi\Connection.php on line 308.
 1 SYSTEMPATH\Database\MySQLi\Connection.php(308): mysqli->query('SELECT 
                product.product_id AS product_id,
                product.product_name AS product_name,
                product.product_category_name AS category_name,
                product_stock_unit_name AS unit_name,
                product_stock_price_sell AS sell,
                product_stock_id AS stock_id
            FROM 
                product_stock 
                LEFT JOIN product ON product_stock.product_stock_product_id = product.product_id
            WHERE 1=1 AND product_stock_pirce_sell < \'300\' AND (
                    product.product_name LIKE \'%Mie%\' OR
                    product_stock_unit_name LIKE \'%Mie%\' OR
                    product_stock_id LIKE \'%Mie%\'
                )', 0)
 2 SYSTEMPATH\Database\BaseConnection.php(722): CodeIgniter\Database\MySQLi\Connection->execute('SELECT 
                product.product_id AS product_id,
                product.product_name AS product_name,
                product.product_category_name AS category_name,
                product_stock_unit_name AS unit_name,
                product_stock_price_sell AS sell,
                product_stock_id AS stock_id
            FROM 
                product_stock 
                LEFT JOIN product ON product_stock.product_stock_product_id = product.product_id
            WHERE 1=1 AND product_stock_pirce_sell < \'300\' AND (
                    product.product_name LIKE \'%Mie%\' OR
                    product_stock_unit_name LIKE \'%Mie%\' OR
                    product_stock_id LIKE \'%Mie%\'
                )')
 3 SYSTEMPATH\Database\BaseConnection.php(636): CodeIgniter\Database\BaseConnection->simpleQuery('SELECT 
                product.product_id AS product_id,
                product.product_name AS product_name,
                product.product_category_name AS category_name,
                product_stock_unit_name AS unit_name,
                product_stock_price_sell AS sell,
                product_stock_id AS stock_id
            FROM 
                product_stock 
                LEFT JOIN product ON product_stock.product_stock_product_id = product.product_id
            WHERE 1=1 AND product_stock_pirce_sell < \'300\' AND (
                    product.product_name LIKE \'%Mie%\' OR
                    product_stock_unit_name LIKE \'%Mie%\' OR
                    product_stock_id LIKE \'%Mie%\'
                )')
 4 APPPATH\Controllers\Product.php(79): CodeIgniter\Database\BaseConnection->query('SELECT 
                product.product_id AS product_id,
                product.product_name AS product_name,
                product.product_category_name AS category_name,
                product_stock_unit_name AS unit_name,
                product_stock_price_sell AS sell,
                product_stock_id AS stock_id
            FROM 
                product_stock 
                LEFT JOIN product ON product_stock.product_stock_product_id = product.product_id
            WHERE 1=1 AND product_stock_pirce_sell < \'300\' AND (
                    product.product_name LIKE \'%Mie%\' OR
                    product_stock_unit_name LIKE \'%Mie%\' OR
                    product_stock_id LIKE \'%Mie%\'
                )')
 5 SYSTEMPATH\CodeIgniter.php(933): App\Controllers\Product->search()
 6 SYSTEMPATH\CodeIgniter.php(509): CodeIgniter\CodeIgniter->runController(Object(App\Controllers\Product))
 7 SYSTEMPATH\CodeIgniter.php(355): CodeIgniter\CodeIgniter->handleRequest(null, Object(Config\Cache), false)
 8 SYSTEMPATH\Boot.php(312): CodeIgniter\CodeIgniter->run()
 9 SYSTEMPATH\Boot.php(67): CodeIgniter\Boot::runCodeIgniter(Object(CodeIgniter\CodeIgniter))
10 FCPATH\index.php(56): CodeIgniter\Boot::bootWeb(Object(Config\Paths))
11 SYSTEMPATH\Commands\Server\rewrite.php(49): require_once('C:\\xampp\\htdocs\\crud_ci4_postman\\public\\index.php')
CRITICAL - 2024-05-03 06:16:55 --> Error: Call to undefined method CodeIgniter\HTTP\IncomingRequest::get()
[Method: GET, Route: product/search]
in APPPATH\Controllers\Product.php on line 38.
 1 SYSTEMPATH\CodeIgniter.php(933): App\Controllers\Product->search()
 2 SYSTEMPATH\CodeIgniter.php(509): CodeIgniter\CodeIgniter->runController(Object(App\Controllers\Product))
 3 SYSTEMPATH\CodeIgniter.php(355): CodeIgniter\CodeIgniter->handleRequest(null, Object(Config\Cache), false)
 4 SYSTEMPATH\Boot.php(312): CodeIgniter\CodeIgniter->run()
 5 SYSTEMPATH\Boot.php(67): CodeIgniter\Boot::runCodeIgniter(Object(CodeIgniter\CodeIgniter))
 6 FCPATH\index.php(56): CodeIgniter\Boot::bootWeb(Object(Config\Paths))
 7 SYSTEMPATH\Commands\Server\rewrite.php(49): require_once('C:\\xampp\\htdocs\\crud_ci4_postman\\public\\index.php')
CRITICAL - 2024-05-03 06:18:11 --> Error: Call to undefined method CodeIgniter\HTTP\IncomingRequest::get()
[Method: GET, Route: product/search]
in APPPATH\Controllers\Product.php on line 38.
 1 SYSTEMPATH\CodeIgniter.php(933): App\Controllers\Product->search()
 2 SYSTEMPATH\CodeIgniter.php(509): CodeIgniter\CodeIgniter->runController(Object(App\Controllers\Product))
 3 SYSTEMPATH\CodeIgniter.php(355): CodeIgniter\CodeIgniter->handleRequest(null, Object(Config\Cache), false)
 4 SYSTEMPATH\Boot.php(312): CodeIgniter\CodeIgniter->run()
 5 SYSTEMPATH\Boot.php(67): CodeIgniter\Boot::runCodeIgniter(Object(CodeIgniter\CodeIgniter))
 6 FCPATH\index.php(56): CodeIgniter\Boot::bootWeb(Object(Config\Paths))
 7 SYSTEMPATH\Commands\Server\rewrite.php(49): require_once('C:\\xampp\\htdocs\\crud_ci4_postman\\public\\index.php')
CRITICAL - 2024-05-03 06:18:12 --> Error: Call to undefined method CodeIgniter\HTTP\IncomingRequest::get()
[Method: GET, Route: product/search]
in APPPATH\Controllers\Product.php on line 38.
 1 SYSTEMPATH\CodeIgniter.php(933): App\Controllers\Product->search()
 2 SYSTEMPATH\CodeIgniter.php(509): CodeIgniter\CodeIgniter->runController(Object(App\Controllers\Product))
 3 SYSTEMPATH\CodeIgniter.php(355): CodeIgniter\CodeIgniter->handleRequest(null, Object(Config\Cache), false)
 4 SYSTEMPATH\Boot.php(312): CodeIgniter\CodeIgniter->run()
 5 SYSTEMPATH\Boot.php(67): CodeIgniter\Boot::runCodeIgniter(Object(CodeIgniter\CodeIgniter))
 6 FCPATH\index.php(56): CodeIgniter\Boot::bootWeb(Object(Config\Paths))
 7 SYSTEMPATH\Commands\Server\rewrite.php(49): require_once('C:\\xampp\\htdocs\\crud_ci4_postman\\public\\index.php')
ERROR - 2024-05-03 06:18:43 --> mysqli_sql_exception: You have an error in your SQL syntax; check the manual that corresponds to your MariaDB server version for the right syntax to use near '? AND product_category_name = ? AND (
                    product.product_na...' at line 11 in C:\xampp\htdocs\crud_ci4_postman\system\Database\MySQLi\Connection.php:308
Stack trace:
#0 C:\xampp\htdocs\crud_ci4_postman\system\Database\MySQLi\Connection.php(308): mysqli->query('SELECT \r\n      ...', 0)
#1 C:\xampp\htdocs\crud_ci4_postman\system\Database\BaseConnection.php(722): CodeIgniter\Database\MySQLi\Connection->execute('SELECT \r\n      ...')
#2 C:\xampp\htdocs\crud_ci4_postman\system\Database\BaseConnection.php(636): CodeIgniter\Database\BaseConnection->simpleQuery('SELECT \r\n      ...')
#3 C:\xampp\htdocs\crud_ci4_postman\app\Controllers\Product.php(82): CodeIgniter\Database\BaseConnection->query('SELECT \r\n      ...', Array)
#4 C:\xampp\htdocs\crud_ci4_postman\system\CodeIgniter.php(933): App\Controllers\Product->search()
#5 C:\xampp\htdocs\crud_ci4_postman\system\CodeIgniter.php(509): CodeIgniter\CodeIgniter->runController(Object(App\Controllers\Product))
#6 C:\xampp\htdocs\crud_ci4_postman\system\CodeIgniter.php(355): CodeIgniter\CodeIgniter->handleRequest(NULL, Object(Config\Cache), false)
#7 C:\xampp\htdocs\crud_ci4_postman\system\Boot.php(312): CodeIgniter\CodeIgniter->run()
#8 C:\xampp\htdocs\crud_ci4_postman\system\Boot.php(67): CodeIgniter\Boot::runCodeIgniter(Object(CodeIgniter\CodeIgniter))
#9 C:\xampp\htdocs\crud_ci4_postman\public\index.php(56): CodeIgniter\Boot::bootWeb(Object(Config\Paths))
#10 C:\xampp\htdocs\crud_ci4_postman\system\Commands\Server\rewrite.php(49): require_once('C:\\xampp\\htdocs...')
#11 {main}
CRITICAL - 2024-05-03 06:18:43 --> CodeIgniter\Database\Exceptions\DatabaseException: You have an error in your SQL syntax; check the manual that corresponds to your MariaDB server version for the right syntax to use near '? AND product_category_name = ? AND (
                    product.product_na...' at line 11
[Method: GET, Route: product/search]
in SYSTEMPATH\Database\BaseConnection.php on line 676.
 1 APPPATH\Controllers\Product.php(82): CodeIgniter\Database\BaseConnection->query('SELECT 
                product.product_id AS product_id,
                product.product_name AS product_name,
                product.product_category_name AS category_name,
                product_stock_unit_name AS unit_name,
                product_stock_price_sell AS sell,
                product_stock_id AS stock_id
            FROM 
                product_stock 
                LEFT JOIN product ON product_stock.product_stock_product_id = product.product_id
            WHERE 1=1 AND product_stock_unit_name = ? AND product_category_name = ? AND (
                    product.product_name LIKE ? OR
                    product_stock_unit_name LIKE ? OR
                    product_stock_id LIKE ?
                )', [...])
 2 SYSTEMPATH\CodeIgniter.php(933): App\Controllers\Product->search()
 3 SYSTEMPATH\CodeIgniter.php(509): CodeIgniter\CodeIgniter->runController(Object(App\Controllers\Product))
 4 SYSTEMPATH\CodeIgniter.php(355): CodeIgniter\CodeIgniter->handleRequest(null, Object(Config\Cache), false)
 5 SYSTEMPATH\Boot.php(312): CodeIgniter\CodeIgniter->run()
 6 SYSTEMPATH\Boot.php(67): CodeIgniter\Boot::runCodeIgniter(Object(CodeIgniter\CodeIgniter))
 7 FCPATH\index.php(56): CodeIgniter\Boot::bootWeb(Object(Config\Paths))
 8 SYSTEMPATH\Commands\Server\rewrite.php(49): require_once('C:\\xampp\\htdocs\\crud_ci4_postman\\public\\index.php')
CRITICAL - 2024-05-03 06:18:43 --> [Caused by] CodeIgniter\Database\Exceptions\DatabaseException: You have an error in your SQL syntax; check the manual that corresponds to your MariaDB server version for the right syntax to use near '? AND product_category_name = ? AND (
                    product.product_na...' at line 11
in SYSTEMPATH\Database\MySQLi\Connection.php on line 313.
 1 SYSTEMPATH\Database\BaseConnection.php(722): CodeIgniter\Database\MySQLi\Connection->execute('SELECT 
                product.product_id AS product_id,
                product.product_name AS product_name,
                product.product_category_name AS category_name,
                product_stock_unit_name AS unit_name,
                product_stock_price_sell AS sell,
                product_stock_id AS stock_id
            FROM 
                product_stock 
                LEFT JOIN product ON product_stock.product_stock_product_id = product.product_id
            WHERE 1=1 AND product_stock_unit_name = ? AND product_category_name = ? AND (
                    product.product_name LIKE ? OR
                    product_stock_unit_name LIKE ? OR
                    product_stock_id LIKE ?
                )')
 2 SYSTEMPATH\Database\BaseConnection.php(636): CodeIgniter\Database\BaseConnection->simpleQuery('SELECT 
                product.product_id AS product_id,
                product.product_name AS product_name,
                product.product_category_name AS category_name,
                product_stock_unit_name AS unit_name,
                product_stock_price_sell AS sell,
                product_stock_id AS stock_id
            FROM 
                product_stock 
                LEFT JOIN product ON product_stock.product_stock_product_id = product.product_id
            WHERE 1=1 AND product_stock_unit_name = ? AND product_category_name = ? AND (
                    product.product_name LIKE ? OR
                    product_stock_unit_name LIKE ? OR
                    product_stock_id LIKE ?
                )')
 3 APPPATH\Controllers\Product.php(82): CodeIgniter\Database\BaseConnection->query('SELECT 
                product.product_id AS product_id,
                product.product_name AS product_name,
                product.product_category_name AS category_name,
                product_stock_unit_name AS unit_name,
                product_stock_price_sell AS sell,
                product_stock_id AS stock_id
            FROM 
                product_stock 
                LEFT JOIN product ON product_stock.product_stock_product_id = product.product_id
            WHERE 1=1 AND product_stock_unit_name = ? AND product_category_name = ? AND (
                    product.product_name LIKE ? OR
                    product_stock_unit_name LIKE ? OR
                    product_stock_id LIKE ?
                )', [...])
 4 SYSTEMPATH\CodeIgniter.php(933): App\Controllers\Product->search()
 5 SYSTEMPATH\CodeIgniter.php(509): CodeIgniter\CodeIgniter->runController(Object(App\Controllers\Product))
 6 SYSTEMPATH\CodeIgniter.php(355): CodeIgniter\CodeIgniter->handleRequest(null, Object(Config\Cache), false)
 7 SYSTEMPATH\Boot.php(312): CodeIgniter\CodeIgniter->run()
 8 SYSTEMPATH\Boot.php(67): CodeIgniter\Boot::runCodeIgniter(Object(CodeIgniter\CodeIgniter))
 9 FCPATH\index.php(56): CodeIgniter\Boot::bootWeb(Object(Config\Paths))
10 SYSTEMPATH\Commands\Server\rewrite.php(49): require_once('C:\\xampp\\htdocs\\crud_ci4_postman\\public\\index.php')
CRITICAL - 2024-05-03 06:18:43 --> [Caused by] mysqli_sql_exception: You have an error in your SQL syntax; check the manual that corresponds to your MariaDB server version for the right syntax to use near '? AND product_category_name = ? AND (
                    product.product_na...' at line 11
in SYSTEMPATH\Database\MySQLi\Connection.php on line 308.
 1 SYSTEMPATH\Database\MySQLi\Connection.php(308): mysqli->query('SELECT 
                product.product_id AS product_id,
                product.product_name AS product_name,
                product.product_category_name AS category_name,
                product_stock_unit_name AS unit_name,
                product_stock_price_sell AS sell,
                product_stock_id AS stock_id
            FROM 
                product_stock 
                LEFT JOIN product ON product_stock.product_stock_product_id = product.product_id
            WHERE 1=1 AND product_stock_unit_name = ? AND product_category_name = ? AND (
                    product.product_name LIKE ? OR
                    product_stock_unit_name LIKE ? OR
                    product_stock_id LIKE ?
                )', 0)
 2 SYSTEMPATH\Database\BaseConnection.php(722): CodeIgniter\Database\MySQLi\Connection->execute('SELECT 
                product.product_id AS product_id,
                product.product_name AS product_name,
                product.product_category_name AS category_name,
                product_stock_unit_name AS unit_name,
                product_stock_price_sell AS sell,
                product_stock_id AS stock_id
            FROM 
                product_stock 
                LEFT JOIN product ON product_stock.product_stock_product_id = product.product_id
            WHERE 1=1 AND product_stock_unit_name = ? AND product_category_name = ? AND (
                    product.product_name LIKE ? OR
                    product_stock_unit_name LIKE ? OR
                    product_stock_id LIKE ?
                )')
 3 SYSTEMPATH\Database\BaseConnection.php(636): CodeIgniter\Database\BaseConnection->simpleQuery('SELECT 
                product.product_id AS product_id,
                product.product_name AS product_name,
                product.product_category_name AS category_name,
                product_stock_unit_name AS unit_name,
                product_stock_price_sell AS sell,
                product_stock_id AS stock_id
            FROM 
                product_stock 
                LEFT JOIN product ON product_stock.product_stock_product_id = product.product_id
            WHERE 1=1 AND product_stock_unit_name = ? AND product_category_name = ? AND (
                    product.product_name LIKE ? OR
                    product_stock_unit_name LIKE ? OR
                    product_stock_id LIKE ?
                )')
 4 APPPATH\Controllers\Product.php(82): CodeIgniter\Database\BaseConnection->query('SELECT 
                product.product_id AS product_id,
                product.product_name AS product_name,
                product.product_category_name AS category_name,
                product_stock_unit_name AS unit_name,
                product_stock_price_sell AS sell,
                product_stock_id AS stock_id
            FROM 
                product_stock 
                LEFT JOIN product ON product_stock.product_stock_product_id = product.product_id
            WHERE 1=1 AND product_stock_unit_name = ? AND product_category_name = ? AND (
                    product.product_name LIKE ? OR
                    product_stock_unit_name LIKE ? OR
                    product_stock_id LIKE ?
                )', [...])
 5 SYSTEMPATH\CodeIgniter.php(933): App\Controllers\Product->search()
 6 SYSTEMPATH\CodeIgniter.php(509): CodeIgniter\CodeIgniter->runController(Object(App\Controllers\Product))
 7 SYSTEMPATH\CodeIgniter.php(355): CodeIgniter\CodeIgniter->handleRequest(null, Object(Config\Cache), false)
 8 SYSTEMPATH\Boot.php(312): CodeIgniter\CodeIgniter->run()
 9 SYSTEMPATH\Boot.php(67): CodeIgniter\Boot::runCodeIgniter(Object(CodeIgniter\CodeIgniter))
10 FCPATH\index.php(56): CodeIgniter\Boot::bootWeb(Object(Config\Paths))
11 SYSTEMPATH\Commands\Server\rewrite.php(49): require_once('C:\\xampp\\htdocs\\crud_ci4_postman\\public\\index.php')
ERROR - 2024-05-03 06:20:37 --> mysqli_sql_exception: You have an error in your SQL syntax; check the manual that corresponds to your MariaDB server version for the right syntax to use near 'FROM 
                product_stock 
                LEFT JOIN product ON p...' at line 7 in C:\xampp\htdocs\crud_ci4_postman\system\Database\MySQLi\Connection.php:308
Stack trace:
#0 C:\xampp\htdocs\crud_ci4_postman\system\Database\MySQLi\Connection.php(308): mysqli->query('SELECT \r\n      ...', 0)
#1 C:\xampp\htdocs\crud_ci4_postman\system\Database\BaseConnection.php(722): CodeIgniter\Database\MySQLi\Connection->execute('SELECT \r\n      ...')
#2 C:\xampp\htdocs\crud_ci4_postman\system\Database\BaseConnection.php(636): CodeIgniter\Database\BaseConnection->simpleQuery('SELECT \r\n      ...')
#3 C:\xampp\htdocs\crud_ci4_postman\app\Controllers\Product.php(82): CodeIgniter\Database\BaseConnection->query('SELECT \r\n      ...')
#4 C:\xampp\htdocs\crud_ci4_postman\system\CodeIgniter.php(933): App\Controllers\Product->search()
#5 C:\xampp\htdocs\crud_ci4_postman\system\CodeIgniter.php(509): CodeIgniter\CodeIgniter->runController(Object(App\Controllers\Product))
#6 C:\xampp\htdocs\crud_ci4_postman\system\CodeIgniter.php(355): CodeIgniter\CodeIgniter->handleRequest(NULL, Object(Config\Cache), false)
#7 C:\xampp\htdocs\crud_ci4_postman\system\Boot.php(312): CodeIgniter\CodeIgniter->run()
#8 C:\xampp\htdocs\crud_ci4_postman\system\Boot.php(67): CodeIgniter\Boot::runCodeIgniter(Object(CodeIgniter\CodeIgniter))
#9 C:\xampp\htdocs\crud_ci4_postman\public\index.php(56): CodeIgniter\Boot::bootWeb(Object(Config\Paths))
#10 C:\xampp\htdocs\crud_ci4_postman\system\Commands\Server\rewrite.php(49): require_once('C:\\xampp\\htdocs...')
#11 {main}
CRITICAL - 2024-05-03 06:20:37 --> CodeIgniter\Database\Exceptions\DatabaseException: You have an error in your SQL syntax; check the manual that corresponds to your MariaDB server version for the right syntax to use near 'FROM 
                product_stock 
                LEFT JOIN product ON p...' at line 7
[Method: GET, Route: product/search]
in SYSTEMPATH\Database\BaseConnection.php on line 676.
 1 APPPATH\Controllers\Product.php(82): CodeIgniter\Database\BaseConnection->query('SELECT 
                product.product_id AS id,
                product.product_name AS produk,
                product.product_category_name AS kategori,
                product_stock_unit_name AS unit,
                product_stock_price_sell AS sell,
            FROM 
                product_stock 
                LEFT JOIN product ON product_stock.product_stock_product_id = product.product_id
            WHERE 1=1 AND product_category_name = \'Minuman\' AND (
                    product.product_name LIKE \'%Mie%\' OR
                    product_stock_unit_name LIKE \'%Mie%\' OR
                    product_stock_id LIKE \'%Mie%\'
                )')
 2 SYSTEMPATH\CodeIgniter.php(933): App\Controllers\Product->search()
 3 SYSTEMPATH\CodeIgniter.php(509): CodeIgniter\CodeIgniter->runController(Object(App\Controllers\Product))
 4 SYSTEMPATH\CodeIgniter.php(355): CodeIgniter\CodeIgniter->handleRequest(null, Object(Config\Cache), false)
 5 SYSTEMPATH\Boot.php(312): CodeIgniter\CodeIgniter->run()
 6 SYSTEMPATH\Boot.php(67): CodeIgniter\Boot::runCodeIgniter(Object(CodeIgniter\CodeIgniter))
 7 FCPATH\index.php(56): CodeIgniter\Boot::bootWeb(Object(Config\Paths))
 8 SYSTEMPATH\Commands\Server\rewrite.php(49): require_once('C:\\xampp\\htdocs\\crud_ci4_postman\\public\\index.php')
CRITICAL - 2024-05-03 06:20:37 --> [Caused by] CodeIgniter\Database\Exceptions\DatabaseException: You have an error in your SQL syntax; check the manual that corresponds to your MariaDB server version for the right syntax to use near 'FROM 
                product_stock 
                LEFT JOIN product ON p...' at line 7
in SYSTEMPATH\Database\MySQLi\Connection.php on line 313.
 1 SYSTEMPATH\Database\BaseConnection.php(722): CodeIgniter\Database\MySQLi\Connection->execute('SELECT 
                product.product_id AS id,
                product.product_name AS produk,
                product.product_category_name AS kategori,
                product_stock_unit_name AS unit,
                product_stock_price_sell AS sell,
            FROM 
                product_stock 
                LEFT JOIN product ON product_stock.product_stock_product_id = product.product_id
            WHERE 1=1 AND product_category_name = \'Minuman\' AND (
                    product.product_name LIKE \'%Mie%\' OR
                    product_stock_unit_name LIKE \'%Mie%\' OR
                    product_stock_id LIKE \'%Mie%\'
                )')
 2 SYSTEMPATH\Database\BaseConnection.php(636): CodeIgniter\Database\BaseConnection->simpleQuery('SELECT 
                product.product_id AS id,
                product.product_name AS produk,
                product.product_category_name AS kategori,
                product_stock_unit_name AS unit,
                product_stock_price_sell AS sell,
            FROM 
                product_stock 
                LEFT JOIN product ON product_stock.product_stock_product_id = product.product_id
            WHERE 1=1 AND product_category_name = \'Minuman\' AND (
                    product.product_name LIKE \'%Mie%\' OR
                    product_stock_unit_name LIKE \'%Mie%\' OR
                    product_stock_id LIKE \'%Mie%\'
                )')
 3 APPPATH\Controllers\Product.php(82): CodeIgniter\Database\BaseConnection->query('SELECT 
                product.product_id AS id,
                product.product_name AS produk,
                product.product_category_name AS kategori,
                product_stock_unit_name AS unit,
                product_stock_price_sell AS sell,
            FROM 
                product_stock 
                LEFT JOIN product ON product_stock.product_stock_product_id = product.product_id
            WHERE 1=1 AND product_category_name = \'Minuman\' AND (
                    product.product_name LIKE \'%Mie%\' OR
                    product_stock_unit_name LIKE \'%Mie%\' OR
                    product_stock_id LIKE \'%Mie%\'
                )')
 4 SYSTEMPATH\CodeIgniter.php(933): App\Controllers\Product->search()
 5 SYSTEMPATH\CodeIgniter.php(509): CodeIgniter\CodeIgniter->runController(Object(App\Controllers\Product))
 6 SYSTEMPATH\CodeIgniter.php(355): CodeIgniter\CodeIgniter->handleRequest(null, Object(Config\Cache), false)
 7 SYSTEMPATH\Boot.php(312): CodeIgniter\CodeIgniter->run()
 8 SYSTEMPATH\Boot.php(67): CodeIgniter\Boot::runCodeIgniter(Object(CodeIgniter\CodeIgniter))
 9 FCPATH\index.php(56): CodeIgniter\Boot::bootWeb(Object(Config\Paths))
10 SYSTEMPATH\Commands\Server\rewrite.php(49): require_once('C:\\xampp\\htdocs\\crud_ci4_postman\\public\\index.php')
CRITICAL - 2024-05-03 06:20:37 --> [Caused by] mysqli_sql_exception: You have an error in your SQL syntax; check the manual that corresponds to your MariaDB server version for the right syntax to use near 'FROM 
                product_stock 
                LEFT JOIN product ON p...' at line 7
in SYSTEMPATH\Database\MySQLi\Connection.php on line 308.
 1 SYSTEMPATH\Database\MySQLi\Connection.php(308): mysqli->query('SELECT 
                product.product_id AS id,
                product.product_name AS produk,
                product.product_category_name AS kategori,
                product_stock_unit_name AS unit,
                product_stock_price_sell AS sell,
            FROM 
                product_stock 
                LEFT JOIN product ON product_stock.product_stock_product_id = product.product_id
            WHERE 1=1 AND product_category_name = \'Minuman\' AND (
                    product.product_name LIKE \'%Mie%\' OR
                    product_stock_unit_name LIKE \'%Mie%\' OR
                    product_stock_id LIKE \'%Mie%\'
                )', 0)
 2 SYSTEMPATH\Database\BaseConnection.php(722): CodeIgniter\Database\MySQLi\Connection->execute('SELECT 
                product.product_id AS id,
                product.product_name AS produk,
                product.product_category_name AS kategori,
                product_stock_unit_name AS unit,
                product_stock_price_sell AS sell,
            FROM 
                product_stock 
                LEFT JOIN product ON product_stock.product_stock_product_id = product.product_id
            WHERE 1=1 AND product_category_name = \'Minuman\' AND (
                    product.product_name LIKE \'%Mie%\' OR
                    product_stock_unit_name LIKE \'%Mie%\' OR
                    product_stock_id LIKE \'%Mie%\'
                )')
 3 SYSTEMPATH\Database\BaseConnection.php(636): CodeIgniter\Database\BaseConnection->simpleQuery('SELECT 
                product.product_id AS id,
                product.product_name AS produk,
                product.product_category_name AS kategori,
                product_stock_unit_name AS unit,
                product_stock_price_sell AS sell,
            FROM 
                product_stock 
                LEFT JOIN product ON product_stock.product_stock_product_id = product.product_id
            WHERE 1=1 AND product_category_name = \'Minuman\' AND (
                    product.product_name LIKE \'%Mie%\' OR
                    product_stock_unit_name LIKE \'%Mie%\' OR
                    product_stock_id LIKE \'%Mie%\'
                )')
 4 APPPATH\Controllers\Product.php(82): CodeIgniter\Database\BaseConnection->query('SELECT 
                product.product_id AS id,
                product.product_name AS produk,
                product.product_category_name AS kategori,
                product_stock_unit_name AS unit,
                product_stock_price_sell AS sell,
            FROM 
                product_stock 
                LEFT JOIN product ON product_stock.product_stock_product_id = product.product_id
            WHERE 1=1 AND product_category_name = \'Minuman\' AND (
                    product.product_name LIKE \'%Mie%\' OR
                    product_stock_unit_name LIKE \'%Mie%\' OR
                    product_stock_id LIKE \'%Mie%\'
                )')
 5 SYSTEMPATH\CodeIgniter.php(933): App\Controllers\Product->search()
 6 SYSTEMPATH\CodeIgniter.php(509): CodeIgniter\CodeIgniter->runController(Object(App\Controllers\Product))
 7 SYSTEMPATH\CodeIgniter.php(355): CodeIgniter\CodeIgniter->handleRequest(null, Object(Config\Cache), false)
 8 SYSTEMPATH\Boot.php(312): CodeIgniter\CodeIgniter->run()
 9 SYSTEMPATH\Boot.php(67): CodeIgniter\Boot::runCodeIgniter(Object(CodeIgniter\CodeIgniter))
10 FCPATH\index.php(56): CodeIgniter\Boot::bootWeb(Object(Config\Paths))
11 SYSTEMPATH\Commands\Server\rewrite.php(49): require_once('C:\\xampp\\htdocs\\crud_ci4_postman\\public\\index.php')
ERROR - 2024-05-03 06:28:38 --> mysqli_sql_exception: You have an error in your SQL syntax; check the manual that corresponds to your MariaDB server version for the right syntax to use near 'jual
            FROM 
                product_stock 
                LEFT...' at line 6 in C:\xampp\htdocs\crud_ci4_postman\system\Database\MySQLi\Connection.php:308
Stack trace:
#0 C:\xampp\htdocs\crud_ci4_postman\system\Database\MySQLi\Connection.php(308): mysqli->query('SELECT \r\n      ...', 0)
#1 C:\xampp\htdocs\crud_ci4_postman\system\Database\BaseConnection.php(722): CodeIgniter\Database\MySQLi\Connection->execute('SELECT \r\n      ...')
#2 C:\xampp\htdocs\crud_ci4_postman\system\Database\BaseConnection.php(636): CodeIgniter\Database\BaseConnection->simpleQuery('SELECT \r\n      ...')
#3 C:\xampp\htdocs\crud_ci4_postman\app\Controllers\Product.php(82): CodeIgniter\Database\BaseConnection->query('SELECT \r\n      ...')
#4 C:\xampp\htdocs\crud_ci4_postman\system\CodeIgniter.php(933): App\Controllers\Product->search()
#5 C:\xampp\htdocs\crud_ci4_postman\system\CodeIgniter.php(509): CodeIgniter\CodeIgniter->runController(Object(App\Controllers\Product))
#6 C:\xampp\htdocs\crud_ci4_postman\system\CodeIgniter.php(355): CodeIgniter\CodeIgniter->handleRequest(NULL, Object(Config\Cache), false)
#7 C:\xampp\htdocs\crud_ci4_postman\system\Boot.php(312): CodeIgniter\CodeIgniter->run()
#8 C:\xampp\htdocs\crud_ci4_postman\system\Boot.php(67): CodeIgniter\Boot::runCodeIgniter(Object(CodeIgniter\CodeIgniter))
#9 C:\xampp\htdocs\crud_ci4_postman\public\index.php(56): CodeIgniter\Boot::bootWeb(Object(Config\Paths))
#10 C:\xampp\htdocs\crud_ci4_postman\system\Commands\Server\rewrite.php(49): require_once('C:\\xampp\\htdocs...')
#11 {main}
CRITICAL - 2024-05-03 06:28:38 --> CodeIgniter\Database\Exceptions\DatabaseException: You have an error in your SQL syntax; check the manual that corresponds to your MariaDB server version for the right syntax to use near 'jual
            FROM 
                product_stock 
                LEFT...' at line 6
[Method: GET, Route: product/search]
in SYSTEMPATH\Database\BaseConnection.php on line 676.
 1 APPPATH\Controllers\Product.php(82): CodeIgniter\Database\BaseConnection->query('SELECT 
                product.product_id AS id,
                product.product_name AS produk,
                product.product_category_name AS kategori,
                product_stock_unit_name AS unit,
                product_stock_price_sell AS harga jual
            FROM 
                product_stock 
                LEFT JOIN product ON product_stock.product_stock_product_id = product.product_id
            WHERE 1=1 AND product_stock_price_sell BETWEEN \'200\' AND \'300\' AND product_stock_price_sell > \'200\' AND product_stock_price_sell < \'300\' AND (
                    product.product_name LIKE \'%Mie%\' OR
                    product_stock_unit_name LIKE \'%Mie%\' OR
                    product_stock_id LIKE \'%Mie%\'
                )')
 2 SYSTEMPATH\CodeIgniter.php(933): App\Controllers\Product->search()
 3 SYSTEMPATH\CodeIgniter.php(509): CodeIgniter\CodeIgniter->runController(Object(App\Controllers\Product))
 4 SYSTEMPATH\CodeIgniter.php(355): CodeIgniter\CodeIgniter->handleRequest(null, Object(Config\Cache), false)
 5 SYSTEMPATH\Boot.php(312): CodeIgniter\CodeIgniter->run()
 6 SYSTEMPATH\Boot.php(67): CodeIgniter\Boot::runCodeIgniter(Object(CodeIgniter\CodeIgniter))
 7 FCPATH\index.php(56): CodeIgniter\Boot::bootWeb(Object(Config\Paths))
 8 SYSTEMPATH\Commands\Server\rewrite.php(49): require_once('C:\\xampp\\htdocs\\crud_ci4_postman\\public\\index.php')
CRITICAL - 2024-05-03 06:28:38 --> [Caused by] CodeIgniter\Database\Exceptions\DatabaseException: You have an error in your SQL syntax; check the manual that corresponds to your MariaDB server version for the right syntax to use near 'jual
            FROM 
                product_stock 
                LEFT...' at line 6
in SYSTEMPATH\Database\MySQLi\Connection.php on line 313.
 1 SYSTEMPATH\Database\BaseConnection.php(722): CodeIgniter\Database\MySQLi\Connection->execute('SELECT 
                product.product_id AS id,
                product.product_name AS produk,
                product.product_category_name AS kategori,
                product_stock_unit_name AS unit,
                product_stock_price_sell AS harga jual
            FROM 
                product_stock 
                LEFT JOIN product ON product_stock.product_stock_product_id = product.product_id
            WHERE 1=1 AND product_stock_price_sell BETWEEN \'200\' AND \'300\' AND product_stock_price_sell > \'200\' AND product_stock_price_sell < \'300\' AND (
                    product.product_name LIKE \'%Mie%\' OR
                    product_stock_unit_name LIKE \'%Mie%\' OR
                    product_stock_id LIKE \'%Mie%\'
                )')
 2 SYSTEMPATH\Database\BaseConnection.php(636): CodeIgniter\Database\BaseConnection->simpleQuery('SELECT 
                product.product_id AS id,
                product.product_name AS produk,
                product.product_category_name AS kategori,
                product_stock_unit_name AS unit,
                product_stock_price_sell AS harga jual
            FROM 
                product_stock 
                LEFT JOIN product ON product_stock.product_stock_product_id = product.product_id
            WHERE 1=1 AND product_stock_price_sell BETWEEN \'200\' AND \'300\' AND product_stock_price_sell > \'200\' AND product_stock_price_sell < \'300\' AND (
                    product.product_name LIKE \'%Mie%\' OR
                    product_stock_unit_name LIKE \'%Mie%\' OR
                    product_stock_id LIKE \'%Mie%\'
                )')
 3 APPPATH\Controllers\Product.php(82): CodeIgniter\Database\BaseConnection->query('SELECT 
                product.product_id AS id,
                product.product_name AS produk,
                product.product_category_name AS kategori,
                product_stock_unit_name AS unit,
                product_stock_price_sell AS harga jual
            FROM 
                product_stock 
                LEFT JOIN product ON product_stock.product_stock_product_id = product.product_id
            WHERE 1=1 AND product_stock_price_sell BETWEEN \'200\' AND \'300\' AND product_stock_price_sell > \'200\' AND product_stock_price_sell < \'300\' AND (
                    product.product_name LIKE \'%Mie%\' OR
                    product_stock_unit_name LIKE \'%Mie%\' OR
                    product_stock_id LIKE \'%Mie%\'
                )')
 4 SYSTEMPATH\CodeIgniter.php(933): App\Controllers\Product->search()
 5 SYSTEMPATH\CodeIgniter.php(509): CodeIgniter\CodeIgniter->runController(Object(App\Controllers\Product))
 6 SYSTEMPATH\CodeIgniter.php(355): CodeIgniter\CodeIgniter->handleRequest(null, Object(Config\Cache), false)
 7 SYSTEMPATH\Boot.php(312): CodeIgniter\CodeIgniter->run()
 8 SYSTEMPATH\Boot.php(67): CodeIgniter\Boot::runCodeIgniter(Object(CodeIgniter\CodeIgniter))
 9 FCPATH\index.php(56): CodeIgniter\Boot::bootWeb(Object(Config\Paths))
10 SYSTEMPATH\Commands\Server\rewrite.php(49): require_once('C:\\xampp\\htdocs\\crud_ci4_postman\\public\\index.php')
CRITICAL - 2024-05-03 06:28:38 --> [Caused by] mysqli_sql_exception: You have an error in your SQL syntax; check the manual that corresponds to your MariaDB server version for the right syntax to use near 'jual
            FROM 
                product_stock 
                LEFT...' at line 6
in SYSTEMPATH\Database\MySQLi\Connection.php on line 308.
 1 SYSTEMPATH\Database\MySQLi\Connection.php(308): mysqli->query('SELECT 
                product.product_id AS id,
                product.product_name AS produk,
                product.product_category_name AS kategori,
                product_stock_unit_name AS unit,
                product_stock_price_sell AS harga jual
            FROM 
                product_stock 
                LEFT JOIN product ON product_stock.product_stock_product_id = product.product_id
            WHERE 1=1 AND product_stock_price_sell BETWEEN \'200\' AND \'300\' AND product_stock_price_sell > \'200\' AND product_stock_price_sell < \'300\' AND (
                    product.product_name LIKE \'%Mie%\' OR
                    product_stock_unit_name LIKE \'%Mie%\' OR
                    product_stock_id LIKE \'%Mie%\'
                )', 0)
 2 SYSTEMPATH\Database\BaseConnection.php(722): CodeIgniter\Database\MySQLi\Connection->execute('SELECT 
                product.product_id AS id,
                product.product_name AS produk,
                product.product_category_name AS kategori,
                product_stock_unit_name AS unit,
                product_stock_price_sell AS harga jual
            FROM 
                product_stock 
                LEFT JOIN product ON product_stock.product_stock_product_id = product.product_id
            WHERE 1=1 AND product_stock_price_sell BETWEEN \'200\' AND \'300\' AND product_stock_price_sell > \'200\' AND product_stock_price_sell < \'300\' AND (
                    product.product_name LIKE \'%Mie%\' OR
                    product_stock_unit_name LIKE \'%Mie%\' OR
                    product_stock_id LIKE \'%Mie%\'
                )')
 3 SYSTEMPATH\Database\BaseConnection.php(636): CodeIgniter\Database\BaseConnection->simpleQuery('SELECT 
                product.product_id AS id,
                product.product_name AS produk,
                product.product_category_name AS kategori,
                product_stock_unit_name AS unit,
                product_stock_price_sell AS harga jual
            FROM 
                product_stock 
                LEFT JOIN product ON product_stock.product_stock_product_id = product.product_id
            WHERE 1=1 AND product_stock_price_sell BETWEEN \'200\' AND \'300\' AND product_stock_price_sell > \'200\' AND product_stock_price_sell < \'300\' AND (
                    product.product_name LIKE \'%Mie%\' OR
                    product_stock_unit_name LIKE \'%Mie%\' OR
                    product_stock_id LIKE \'%Mie%\'
                )')
 4 APPPATH\Controllers\Product.php(82): CodeIgniter\Database\BaseConnection->query('SELECT 
                product.product_id AS id,
                product.product_name AS produk,
                product.product_category_name AS kategori,
                product_stock_unit_name AS unit,
                product_stock_price_sell AS harga jual
            FROM 
                product_stock 
                LEFT JOIN product ON product_stock.product_stock_product_id = product.product_id
            WHERE 1=1 AND product_stock_price_sell BETWEEN \'200\' AND \'300\' AND product_stock_price_sell > \'200\' AND product_stock_price_sell < \'300\' AND (
                    product.product_name LIKE \'%Mie%\' OR
                    product_stock_unit_name LIKE \'%Mie%\' OR
                    product_stock_id LIKE \'%Mie%\'
                )')
 5 SYSTEMPATH\CodeIgniter.php(933): App\Controllers\Product->search()
 6 SYSTEMPATH\CodeIgniter.php(509): CodeIgniter\CodeIgniter->runController(Object(App\Controllers\Product))
 7 SYSTEMPATH\CodeIgniter.php(355): CodeIgniter\CodeIgniter->handleRequest(null, Object(Config\Cache), false)
 8 SYSTEMPATH\Boot.php(312): CodeIgniter\CodeIgniter->run()
 9 SYSTEMPATH\Boot.php(67): CodeIgniter\Boot::runCodeIgniter(Object(CodeIgniter\CodeIgniter))
10 FCPATH\index.php(56): CodeIgniter\Boot::bootWeb(Object(Config\Paths))
11 SYSTEMPATH\Commands\Server\rewrite.php(49): require_once('C:\\xampp\\htdocs\\crud_ci4_postman\\public\\index.php')
