CRITICAL - 2024-04-29 03:26:45 --> ArgumentCountError: Too few arguments to function App\Controllers\Product::insert(), 0 passed in C:\xampp\htdocs\crud_ci4_postman\system\CodeIgniter.php on line 933 and exactly 1 expected
[Method: POST, Route: product]
in APPPATH\Controllers\Product.php on line 25.
 1 SYSTEMPATH\CodeIgniter.php(933): App\Controllers\Product->insert()
 2 SYSTEMPATH\CodeIgniter.php(509): CodeIgniter\CodeIgniter->runController(Object(App\Controllers\Product))
 3 SYSTEMPATH\CodeIgniter.php(355): CodeIgniter\CodeIgniter->handleRequest(null, Object(Config\Cache), false)
 4 SYSTEMPATH\Boot.php(312): CodeIgniter\CodeIgniter->run()
 5 SYSTEMPATH\Boot.php(67): CodeIgniter\Boot::runCodeIgniter(Object(CodeIgniter\CodeIgniter))
 6 FCPATH\index.php(56): CodeIgniter\Boot::bootWeb(Object(Config\Paths))
 7 SYSTEMPATH\Commands\Server\rewrite.php(49): require_once('C:\\xampp\\htdocs\\crud_ci4_postman\\public\\index.php')
CRITICAL - 2024-04-29 03:27:57 --> ArgumentCountError: Too few arguments to function App\Controllers\Product::insert(), 0 passed in C:\xampp\htdocs\crud_ci4_postman\system\CodeIgniter.php on line 933 and exactly 1 expected
[Method: POST, Route: product]
in APPPATH\Controllers\Product.php on line 25.
 1 SYSTEMPATH\CodeIgniter.php(933): App\Controllers\Product->insert()
 2 SYSTEMPATH\CodeIgniter.php(509): CodeIgniter\CodeIgniter->runController(Object(App\Controllers\Product))
 3 SYSTEMPATH\CodeIgniter.php(355): CodeIgniter\CodeIgniter->handleRequest(null, Object(Config\Cache), false)
 4 SYSTEMPATH\Boot.php(312): CodeIgniter\CodeIgniter->run()
 5 SYSTEMPATH\Boot.php(67): CodeIgniter\Boot::runCodeIgniter(Object(CodeIgniter\CodeIgniter))
 6 FCPATH\index.php(56): CodeIgniter\Boot::bootWeb(Object(Config\Paths))
 7 SYSTEMPATH\Commands\Server\rewrite.php(49): require_once('C:\\xampp\\htdocs\\crud_ci4_postman\\public\\index.php')
CRITICAL - 2024-04-29 03:28:07 --> ArgumentCountError: Too few arguments to function App\Controllers\Product::insert(), 0 passed in C:\xampp\htdocs\crud_ci4_postman\system\CodeIgniter.php on line 933 and exactly 1 expected
[Method: POST, Route: product]
in APPPATH\Controllers\Product.php on line 25.
 1 SYSTEMPATH\CodeIgniter.php(933): App\Controllers\Product->insert()
 2 SYSTEMPATH\CodeIgniter.php(509): CodeIgniter\CodeIgniter->runController(Object(App\Controllers\Product))
 3 SYSTEMPATH\CodeIgniter.php(355): CodeIgniter\CodeIgniter->handleRequest(null, Object(Config\Cache), false)
 4 SYSTEMPATH\Boot.php(312): CodeIgniter\CodeIgniter->run()
 5 SYSTEMPATH\Boot.php(67): CodeIgniter\Boot::runCodeIgniter(Object(CodeIgniter\CodeIgniter))
 6 FCPATH\index.php(56): CodeIgniter\Boot::bootWeb(Object(Config\Paths))
 7 SYSTEMPATH\Commands\Server\rewrite.php(49): require_once('C:\\xampp\\htdocs\\crud_ci4_postman\\public\\index.php')
CRITICAL - 2024-04-29 03:28:21 --> ArgumentCountError: Too few arguments to function App\Controllers\Product::insert(), 0 passed in C:\xampp\htdocs\crud_ci4_postman\system\CodeIgniter.php on line 933 and exactly 1 expected
[Method: POST, Route: product]
in APPPATH\Controllers\Product.php on line 25.
 1 SYSTEMPATH\CodeIgniter.php(933): App\Controllers\Product->insert()
 2 SYSTEMPATH\CodeIgniter.php(509): CodeIgniter\CodeIgniter->runController(Object(App\Controllers\Product))
 3 SYSTEMPATH\CodeIgniter.php(355): CodeIgniter\CodeIgniter->handleRequest(null, Object(Config\Cache), false)
 4 SYSTEMPATH\Boot.php(312): CodeIgniter\CodeIgniter->run()
 5 SYSTEMPATH\Boot.php(67): CodeIgniter\Boot::runCodeIgniter(Object(CodeIgniter\CodeIgniter))
 6 FCPATH\index.php(56): CodeIgniter\Boot::bootWeb(Object(Config\Paths))
 7 SYSTEMPATH\Commands\Server\rewrite.php(49): require_once('C:\\xampp\\htdocs\\crud_ci4_postman\\public\\index.php')
CRITICAL - 2024-04-29 03:30:31 --> ArgumentCountError: Too few arguments to function App\Controllers\Product::insert(), 0 passed in C:\xampp\htdocs\crud_ci4_postman\system\CodeIgniter.php on line 933 and exactly 1 expected
[Method: POST, Route: product]
in APPPATH\Controllers\Product.php on line 25.
 1 SYSTEMPATH\CodeIgniter.php(933): App\Controllers\Product->insert()
 2 SYSTEMPATH\CodeIgniter.php(509): CodeIgniter\CodeIgniter->runController(Object(App\Controllers\Product))
 3 SYSTEMPATH\CodeIgniter.php(355): CodeIgniter\CodeIgniter->handleRequest(null, Object(Config\Cache), false)
 4 SYSTEMPATH\Boot.php(312): CodeIgniter\CodeIgniter->run()
 5 SYSTEMPATH\Boot.php(67): CodeIgniter\Boot::runCodeIgniter(Object(CodeIgniter\CodeIgniter))
 6 FCPATH\index.php(56): CodeIgniter\Boot::bootWeb(Object(Config\Paths))
 7 SYSTEMPATH\Commands\Server\rewrite.php(49): require_once('C:\\xampp\\htdocs\\crud_ci4_postman\\public\\index.php')
CRITICAL - 2024-04-29 04:01:26 --> ErrorException: Declaration of App\Controllers\Product::update() must be compatible with CodeIgniter\RESTful\ResourceController::update($id = null)
[Method: POST, Route: product]
in APPPATH\Controllers\Product.php on line 69.
 1 [internal function]: CodeIgniter\Debug\Exceptions->shutdownHandler()
CRITICAL - 2024-04-29 04:18:07 --> ErrorException: Declaration of App\Controllers\Product::update() must be compatible with CodeIgniter\RESTful\ResourceController::update($id = null)
[Method: PUT, Route: product]
in APPPATH\Controllers\Product.php on line 63.
 1 [internal function]: CodeIgniter\Debug\Exceptions->shutdownHandler()
CRITICAL - 2024-04-29 04:19:52 --> ErrorException: Declaration of App\Controllers\Product::update() must be compatible with CodeIgniter\RESTful\ResourceController::update($id = null)
[Method: PUT, Route: product]
in APPPATH\Controllers\Product.php on line 63.
 1 [internal function]: CodeIgniter\Debug\Exceptions->shutdownHandler()
CRITICAL - 2024-04-29 04:20:02 --> ErrorException: Declaration of App\Controllers\Product::update() must be compatible with CodeIgniter\RESTful\ResourceController::update($id = null)
[Method: PUT, Route: product]
in APPPATH\Controllers\Product.php on line 63.
 1 [internal function]: CodeIgniter\Debug\Exceptions->shutdownHandler()
CRITICAL - 2024-04-29 04:20:07 --> ErrorException: Declaration of App\Controllers\Product::update() must be compatible with CodeIgniter\RESTful\ResourceController::update($id = null)
[Method: PUT, Route: product]
in APPPATH\Controllers\Product.php on line 63.
 1 [internal function]: CodeIgniter\Debug\Exceptions->shutdownHandler()
CRITICAL - 2024-04-29 04:26:19 --> ErrorException: Declaration of App\Controllers\Product::update() must be compatible with CodeIgniter\RESTful\ResourceController::update($id = null)
[Method: PUT, Route: product]
in APPPATH\Controllers\Product.php on line 63.
 1 [internal function]: CodeIgniter\Debug\Exceptions->shutdownHandler()
CRITICAL - 2024-04-29 04:27:23 --> ErrorException: Undefined array key "product_id"
[Method: PUT, Route: product]
in APPPATH\Controllers\Product.php on line 70.
 1 APPPATH\Controllers\Product.php(70): CodeIgniter\Debug\Exceptions->errorHandler(2, 'Undefined array key "product_id"', 'C:\\xampp\\htdocs\\crud_ci4_postman\\app\\Controllers\\Product.php', 70)
 2 SYSTEMPATH\CodeIgniter.php(933): App\Controllers\Product->update()
 3 SYSTEMPATH\CodeIgniter.php(509): CodeIgniter\CodeIgniter->runController(Object(App\Controllers\Product))
 4 SYSTEMPATH\CodeIgniter.php(355): CodeIgniter\CodeIgniter->handleRequest(null, Object(Config\Cache), false)
 5 SYSTEMPATH\Boot.php(312): CodeIgniter\CodeIgniter->run()
 6 SYSTEMPATH\Boot.php(67): CodeIgniter\Boot::runCodeIgniter(Object(CodeIgniter\CodeIgniter))
 7 FCPATH\index.php(56): CodeIgniter\Boot::bootWeb(Object(Config\Paths))
 8 SYSTEMPATH\Commands\Server\rewrite.php(49): require_once('C:\\xampp\\htdocs\\crud_ci4_postman\\public\\index.php')
CRITICAL - 2024-04-29 04:27:49 --> ErrorException: Declaration of App\Controllers\Product::update() must be compatible with CodeIgniter\RESTful\ResourceController::update($id = null)
[Method: PUT, Route: product]
in APPPATH\Controllers\Product.php on line 63.
 1 [internal function]: CodeIgniter\Debug\Exceptions->shutdownHandler()
CRITICAL - 2024-04-29 05:37:39 --> ErrorException: Undefined array key "product_stock_id"
[Method: PUT, Route: product/8]
in APPPATH\Controllers\Product.php on line 69.
 1 APPPATH\Controllers\Product.php(69): CodeIgniter\Debug\Exceptions->errorHandler(2, 'Undefined array key "product_stock_id"', 'C:\\xampp\\htdocs\\crud_ci4_postman\\app\\Controllers\\Product.php', 69)
 2 SYSTEMPATH\CodeIgniter.php(933): App\Controllers\Product->update('8')
 3 SYSTEMPATH\CodeIgniter.php(509): CodeIgniter\CodeIgniter->runController(Object(App\Controllers\Product))
 4 SYSTEMPATH\CodeIgniter.php(355): CodeIgniter\CodeIgniter->handleRequest(null, Object(Config\Cache), false)
 5 SYSTEMPATH\Boot.php(312): CodeIgniter\CodeIgniter->run()
 6 SYSTEMPATH\Boot.php(67): CodeIgniter\Boot::runCodeIgniter(Object(CodeIgniter\CodeIgniter))
 7 FCPATH\index.php(56): CodeIgniter\Boot::bootWeb(Object(Config\Paths))
 8 SYSTEMPATH\Commands\Server\rewrite.php(49): require_once('C:\\xampp\\htdocs\\crud_ci4_postman\\public\\index.php')
CRITICAL - 2024-04-29 05:48:23 --> Error: Call to undefined function App\Controllers\transStart()
[Method: POST, Route: product/8]
in APPPATH\Controllers\Product.php on line 78.
 1 SYSTEMPATH\CodeIgniter.php(933): App\Controllers\Product->update('8')
 2 SYSTEMPATH\CodeIgniter.php(509): CodeIgniter\CodeIgniter->runController(Object(App\Controllers\Product))
 3 SYSTEMPATH\CodeIgniter.php(355): CodeIgniter\CodeIgniter->handleRequest(null, Object(Config\Cache), false)
 4 SYSTEMPATH\Boot.php(312): CodeIgniter\CodeIgniter->run()
 5 SYSTEMPATH\Boot.php(67): CodeIgniter\Boot::runCodeIgniter(Object(CodeIgniter\CodeIgniter))
 6 FCPATH\index.php(56): CodeIgniter\Boot::bootWeb(Object(Config\Paths))
 7 SYSTEMPATH\Commands\Server\rewrite.php(49): require_once('C:\\xampp\\htdocs\\crud_ci4_postman\\public\\index.php')
CRITICAL - 2024-04-29 05:48:36 --> ErrorException: Undefined array key "product_stock_id"
[Method: PUT, Route: product/8]
in APPPATH\Controllers\Product.php on line 69.
 1 APPPATH\Controllers\Product.php(69): CodeIgniter\Debug\Exceptions->errorHandler(2, 'Undefined array key "product_stock_id"', 'C:\\xampp\\htdocs\\crud_ci4_postman\\app\\Controllers\\Product.php', 69)
 2 SYSTEMPATH\CodeIgniter.php(933): App\Controllers\Product->update('8')
 3 SYSTEMPATH\CodeIgniter.php(509): CodeIgniter\CodeIgniter->runController(Object(App\Controllers\Product))
 4 SYSTEMPATH\CodeIgniter.php(355): CodeIgniter\CodeIgniter->handleRequest(null, Object(Config\Cache), false)
 5 SYSTEMPATH\Boot.php(312): CodeIgniter\CodeIgniter->run()
 6 SYSTEMPATH\Boot.php(67): CodeIgniter\Boot::runCodeIgniter(Object(CodeIgniter\CodeIgniter))
 7 FCPATH\index.php(56): CodeIgniter\Boot::bootWeb(Object(Config\Paths))
 8 SYSTEMPATH\Commands\Server\rewrite.php(49): require_once('C:\\xampp\\htdocs\\crud_ci4_postman\\public\\index.php')
CRITICAL - 2024-04-29 05:54:41 --> TypeError: Cannot access offset of type string on string
[Method: POST, Route: product/8]
in APPPATH\Controllers\Product.php on line 69.
 1 SYSTEMPATH\CodeIgniter.php(933): App\Controllers\Product->update('8')
 2 SYSTEMPATH\CodeIgniter.php(509): CodeIgniter\CodeIgniter->runController(Object(App\Controllers\Product))
 3 SYSTEMPATH\CodeIgniter.php(355): CodeIgniter\CodeIgniter->handleRequest(null, Object(Config\Cache), false)
 4 SYSTEMPATH\Boot.php(312): CodeIgniter\CodeIgniter->run()
 5 SYSTEMPATH\Boot.php(67): CodeIgniter\Boot::runCodeIgniter(Object(CodeIgniter\CodeIgniter))
 6 FCPATH\index.php(56): CodeIgniter\Boot::bootWeb(Object(Config\Paths))
 7 SYSTEMPATH\Commands\Server\rewrite.php(49): require_once('C:\\xampp\\htdocs\\crud_ci4_postman\\public\\index.php')
CRITICAL - 2024-04-29 05:54:51 --> TypeError: Cannot access offset of type string on string
[Method: PUT, Route: product/8]
in APPPATH\Controllers\Product.php on line 69.
 1 SYSTEMPATH\CodeIgniter.php(933): App\Controllers\Product->update('8')
 2 SYSTEMPATH\CodeIgniter.php(509): CodeIgniter\CodeIgniter->runController(Object(App\Controllers\Product))
 3 SYSTEMPATH\CodeIgniter.php(355): CodeIgniter\CodeIgniter->handleRequest(null, Object(Config\Cache), false)
 4 SYSTEMPATH\Boot.php(312): CodeIgniter\CodeIgniter->run()
 5 SYSTEMPATH\Boot.php(67): CodeIgniter\Boot::runCodeIgniter(Object(CodeIgniter\CodeIgniter))
 6 FCPATH\index.php(56): CodeIgniter\Boot::bootWeb(Object(Config\Paths))
 7 SYSTEMPATH\Commands\Server\rewrite.php(49): require_once('C:\\xampp\\htdocs\\crud_ci4_postman\\public\\index.php')
CRITICAL - 2024-04-29 05:55:21 --> TypeError: Cannot access offset of type string on string
[Method: PUT, Route: product/8]
in APPPATH\Controllers\Product.php on line 69.
 1 SYSTEMPATH\CodeIgniter.php(933): App\Controllers\Product->update('8')
 2 SYSTEMPATH\CodeIgniter.php(509): CodeIgniter\CodeIgniter->runController(Object(App\Controllers\Product))
 3 SYSTEMPATH\CodeIgniter.php(355): CodeIgniter\CodeIgniter->handleRequest(null, Object(Config\Cache), false)
 4 SYSTEMPATH\Boot.php(312): CodeIgniter\CodeIgniter->run()
 5 SYSTEMPATH\Boot.php(67): CodeIgniter\Boot::runCodeIgniter(Object(CodeIgniter\CodeIgniter))
 6 FCPATH\index.php(56): CodeIgniter\Boot::bootWeb(Object(Config\Paths))
 7 SYSTEMPATH\Commands\Server\rewrite.php(49): require_once('C:\\xampp\\htdocs\\crud_ci4_postman\\public\\index.php')
CRITICAL - 2024-04-29 05:56:27 --> TypeError: Cannot access offset of type string on string
[Method: PUT, Route: product/8]
in APPPATH\Controllers\Product.php on line 69.
 1 SYSTEMPATH\CodeIgniter.php(933): App\Controllers\Product->update('8')
 2 SYSTEMPATH\CodeIgniter.php(509): CodeIgniter\CodeIgniter->runController(Object(App\Controllers\Product))
 3 SYSTEMPATH\CodeIgniter.php(355): CodeIgniter\CodeIgniter->handleRequest(null, Object(Config\Cache), false)
 4 SYSTEMPATH\Boot.php(312): CodeIgniter\CodeIgniter->run()
 5 SYSTEMPATH\Boot.php(67): CodeIgniter\Boot::runCodeIgniter(Object(CodeIgniter\CodeIgniter))
 6 FCPATH\index.php(56): CodeIgniter\Boot::bootWeb(Object(Config\Paths))
 7 SYSTEMPATH\Commands\Server\rewrite.php(49): require_once('C:\\xampp\\htdocs\\crud_ci4_postman\\public\\index.php')
CRITICAL - 2024-04-29 05:56:29 --> TypeError: Cannot access offset of type string on string
[Method: PUT, Route: product/8]
in APPPATH\Controllers\Product.php on line 69.
 1 SYSTEMPATH\CodeIgniter.php(933): App\Controllers\Product->update('8')
 2 SYSTEMPATH\CodeIgniter.php(509): CodeIgniter\CodeIgniter->runController(Object(App\Controllers\Product))
 3 SYSTEMPATH\CodeIgniter.php(355): CodeIgniter\CodeIgniter->handleRequest(null, Object(Config\Cache), false)
 4 SYSTEMPATH\Boot.php(312): CodeIgniter\CodeIgniter->run()
 5 SYSTEMPATH\Boot.php(67): CodeIgniter\Boot::runCodeIgniter(Object(CodeIgniter\CodeIgniter))
 6 FCPATH\index.php(56): CodeIgniter\Boot::bootWeb(Object(Config\Paths))
 7 SYSTEMPATH\Commands\Server\rewrite.php(49): require_once('C:\\xampp\\htdocs\\crud_ci4_postman\\public\\index.php')
CRITICAL - 2024-04-29 05:57:57 --> ParseError: Unclosed '{' on line 9
[Method: PUT, Route: product]
in APPPATH\Controllers\Product.php on line 117.
 1 SYSTEMPATH\Router\Router.php(562): CodeIgniter\Router\AutoRouter->getRoute('product', 'PUT')
 2 SYSTEMPATH\Router\Router.php(227): CodeIgniter\Router\Router->autoRoute('product')
 3 SYSTEMPATH\CodeIgniter.php(834): CodeIgniter\Router\Router->handle('product')
 4 SYSTEMPATH\CodeIgniter.php(457): CodeIgniter\CodeIgniter->tryToRouteIt(Object(CodeIgniter\Router\RouteCollection))
 5 SYSTEMPATH\CodeIgniter.php(355): CodeIgniter\CodeIgniter->handleRequest(null, Object(Config\Cache), false)
 6 SYSTEMPATH\Boot.php(312): CodeIgniter\CodeIgniter->run()
 7 SYSTEMPATH\Boot.php(67): CodeIgniter\Boot::runCodeIgniter(Object(CodeIgniter\CodeIgniter))
 8 FCPATH\index.php(56): CodeIgniter\Boot::bootWeb(Object(Config\Paths))
 9 SYSTEMPATH\Commands\Server\rewrite.php(49): require_once('C:\\xampp\\htdocs\\crud_ci4_postman\\public\\index.php')
CRITICAL - 2024-04-29 05:58:07 --> ParseError: Unclosed '{' on line 9
[Method: POST, Route: product]
in APPPATH\Controllers\Product.php on line 117.
 1 SYSTEMPATH\Autoloader\Autoloader.php(296): CodeIgniter\Autoloader\Autoloader->includeFile('C:\\xampp\\htdocs\\crud_ci4_postman\\app\\Controllers\\Product.php')
 2 SYSTEMPATH\Autoloader\Autoloader.php(272): CodeIgniter\Autoloader\Autoloader->loadInNamespace('App\\Controllers\\Product')
 3 [internal function]: CodeIgniter\Autoloader\Autoloader->loadClass('App\\Controllers\\Product')
 4 SYSTEMPATH\CodeIgniter.php(887): class_exists('\\App\\Controllers\\Product', true)
 5 SYSTEMPATH\CodeIgniter.php(496): CodeIgniter\CodeIgniter->startController()
 6 SYSTEMPATH\CodeIgniter.php(355): CodeIgniter\CodeIgniter->handleRequest(null, Object(Config\Cache), false)
 7 SYSTEMPATH\Boot.php(312): CodeIgniter\CodeIgniter->run()
 8 SYSTEMPATH\Boot.php(67): CodeIgniter\Boot::runCodeIgniter(Object(CodeIgniter\CodeIgniter))
 9 FCPATH\index.php(56): CodeIgniter\Boot::bootWeb(Object(Config\Paths))
10 SYSTEMPATH\Commands\Server\rewrite.php(49): require_once('C:\\xampp\\htdocs\\crud_ci4_postman\\public\\index.php')
CRITICAL - 2024-04-29 05:58:15 --> ParseError: Unclosed '{' on line 9
[Method: PUT, Route: product/8]
in APPPATH\Controllers\Product.php on line 117.
 1 SYSTEMPATH\Autoloader\Autoloader.php(296): CodeIgniter\Autoloader\Autoloader->includeFile('C:\\xampp\\htdocs\\crud_ci4_postman\\app\\Controllers\\Product.php')
 2 SYSTEMPATH\Autoloader\Autoloader.php(272): CodeIgniter\Autoloader\Autoloader->loadInNamespace('App\\Controllers\\Product')
 3 [internal function]: CodeIgniter\Autoloader\Autoloader->loadClass('App\\Controllers\\Product')
 4 SYSTEMPATH\CodeIgniter.php(887): class_exists('\\App\\Controllers\\Product', true)
 5 SYSTEMPATH\CodeIgniter.php(496): CodeIgniter\CodeIgniter->startController()
 6 SYSTEMPATH\CodeIgniter.php(355): CodeIgniter\CodeIgniter->handleRequest(null, Object(Config\Cache), false)
 7 SYSTEMPATH\Boot.php(312): CodeIgniter\CodeIgniter->run()
 8 SYSTEMPATH\Boot.php(67): CodeIgniter\Boot::runCodeIgniter(Object(CodeIgniter\CodeIgniter))
 9 FCPATH\index.php(56): CodeIgniter\Boot::bootWeb(Object(Config\Paths))
10 SYSTEMPATH\Commands\Server\rewrite.php(49): require_once('C:\\xampp\\htdocs\\crud_ci4_postman\\public\\index.php')
CRITICAL - 2024-04-29 05:59:03 --> ErrorException: Undefined array key "product_stock_id"
[Method: PUT, Route: product/8]
in APPPATH\Controllers\Product.php on line 72.
 1 APPPATH\Controllers\Product.php(72): CodeIgniter\Debug\Exceptions->errorHandler(2, 'Undefined array key "product_stock_id"', 'C:\\xampp\\htdocs\\crud_ci4_postman\\app\\Controllers\\Product.php', 72)
 2 SYSTEMPATH\CodeIgniter.php(933): App\Controllers\Product->update('8')
 3 SYSTEMPATH\CodeIgniter.php(509): CodeIgniter\CodeIgniter->runController(Object(App\Controllers\Product))
 4 SYSTEMPATH\CodeIgniter.php(355): CodeIgniter\CodeIgniter->handleRequest(null, Object(Config\Cache), false)
 5 SYSTEMPATH\Boot.php(312): CodeIgniter\CodeIgniter->run()
 6 SYSTEMPATH\Boot.php(67): CodeIgniter\Boot::runCodeIgniter(Object(CodeIgniter\CodeIgniter))
 7 FCPATH\index.php(56): CodeIgniter\Boot::bootWeb(Object(Config\Paths))
 8 SYSTEMPATH\Commands\Server\rewrite.php(49): require_once('C:\\xampp\\htdocs\\crud_ci4_postman\\public\\index.php')
CRITICAL - 2024-04-29 05:59:05 --> ErrorException: Undefined array key "product_stock_id"
[Method: PUT, Route: product/8]
in APPPATH\Controllers\Product.php on line 72.
 1 APPPATH\Controllers\Product.php(72): CodeIgniter\Debug\Exceptions->errorHandler(2, 'Undefined array key "product_stock_id"', 'C:\\xampp\\htdocs\\crud_ci4_postman\\app\\Controllers\\Product.php', 72)
 2 SYSTEMPATH\CodeIgniter.php(933): App\Controllers\Product->update('8')
 3 SYSTEMPATH\CodeIgniter.php(509): CodeIgniter\CodeIgniter->runController(Object(App\Controllers\Product))
 4 SYSTEMPATH\CodeIgniter.php(355): CodeIgniter\CodeIgniter->handleRequest(null, Object(Config\Cache), false)
 5 SYSTEMPATH\Boot.php(312): CodeIgniter\CodeIgniter->run()
 6 SYSTEMPATH\Boot.php(67): CodeIgniter\Boot::runCodeIgniter(Object(CodeIgniter\CodeIgniter))
 7 FCPATH\index.php(56): CodeIgniter\Boot::bootWeb(Object(Config\Paths))
 8 SYSTEMPATH\Commands\Server\rewrite.php(49): require_once('C:\\xampp\\htdocs\\crud_ci4_postman\\public\\index.php')
CRITICAL - 2024-04-29 06:06:13 --> ErrorException: Undefined array key "product_stock_id"
[Method: PUT, Route: product/8]
in APPPATH\Controllers\Product.php on line 70.
 1 APPPATH\Controllers\Product.php(70): CodeIgniter\Debug\Exceptions->errorHandler(2, 'Undefined array key "product_stock_id"', 'C:\\xampp\\htdocs\\crud_ci4_postman\\app\\Controllers\\Product.php', 70)
 2 SYSTEMPATH\CodeIgniter.php(933): App\Controllers\Product->update('8')
 3 SYSTEMPATH\CodeIgniter.php(509): CodeIgniter\CodeIgniter->runController(Object(App\Controllers\Product))
 4 SYSTEMPATH\CodeIgniter.php(355): CodeIgniter\CodeIgniter->handleRequest(null, Object(Config\Cache), false)
 5 SYSTEMPATH\Boot.php(312): CodeIgniter\CodeIgniter->run()
 6 SYSTEMPATH\Boot.php(67): CodeIgniter\Boot::runCodeIgniter(Object(CodeIgniter\CodeIgniter))
 7 FCPATH\index.php(56): CodeIgniter\Boot::bootWeb(Object(Config\Paths))
 8 SYSTEMPATH\Commands\Server\rewrite.php(49): require_once('C:\\xampp\\htdocs\\crud_ci4_postman\\public\\index.php')
CRITICAL - 2024-04-29 06:12:16 --> ErrorException: Undefined array key "product_stock_id"
[Method: PUT, Route: product/8]
in APPPATH\Controllers\Product.php on line 70.
 1 APPPATH\Controllers\Product.php(70): CodeIgniter\Debug\Exceptions->errorHandler(2, 'Undefined array key "product_stock_id"', 'C:\\xampp\\htdocs\\crud_ci4_postman\\app\\Controllers\\Product.php', 70)
 2 SYSTEMPATH\CodeIgniter.php(933): App\Controllers\Product->update('8')
 3 SYSTEMPATH\CodeIgniter.php(509): CodeIgniter\CodeIgniter->runController(Object(App\Controllers\Product))
 4 SYSTEMPATH\CodeIgniter.php(355): CodeIgniter\CodeIgniter->handleRequest(null, Object(Config\Cache), false)
 5 SYSTEMPATH\Boot.php(312): CodeIgniter\CodeIgniter->run()
 6 SYSTEMPATH\Boot.php(67): CodeIgniter\Boot::runCodeIgniter(Object(CodeIgniter\CodeIgniter))
 7 FCPATH\index.php(56): CodeIgniter\Boot::bootWeb(Object(Config\Paths))
 8 SYSTEMPATH\Commands\Server\rewrite.php(49): require_once('C:\\xampp\\htdocs\\crud_ci4_postman\\public\\index.php')
CRITICAL - 2024-04-29 06:14:13 --> ErrorException: Undefined array key "product_stock_id"
[Method: PUT, Route: product]
in APPPATH\Controllers\Product.php on line 70.
 1 APPPATH\Controllers\Product.php(70): CodeIgniter\Debug\Exceptions->errorHandler(2, 'Undefined array key "product_stock_id"', 'C:\\xampp\\htdocs\\crud_ci4_postman\\app\\Controllers\\Product.php', 70)
 2 SYSTEMPATH\CodeIgniter.php(933): App\Controllers\Product->update()
 3 SYSTEMPATH\CodeIgniter.php(509): CodeIgniter\CodeIgniter->runController(Object(App\Controllers\Product))
 4 SYSTEMPATH\CodeIgniter.php(355): CodeIgniter\CodeIgniter->handleRequest(null, Object(Config\Cache), false)
 5 SYSTEMPATH\Boot.php(312): CodeIgniter\CodeIgniter->run()
 6 SYSTEMPATH\Boot.php(67): CodeIgniter\Boot::runCodeIgniter(Object(CodeIgniter\CodeIgniter))
 7 FCPATH\index.php(56): CodeIgniter\Boot::bootWeb(Object(Config\Paths))
 8 SYSTEMPATH\Commands\Server\rewrite.php(49): require_once('C:\\xampp\\htdocs\\crud_ci4_postman\\public\\index.php')
CRITICAL - 2024-04-29 06:14:17 --> ErrorException: Undefined array key "product_stock_id"
[Method: PUT, Route: product]
in APPPATH\Controllers\Product.php on line 70.
 1 APPPATH\Controllers\Product.php(70): CodeIgniter\Debug\Exceptions->errorHandler(2, 'Undefined array key "product_stock_id"', 'C:\\xampp\\htdocs\\crud_ci4_postman\\app\\Controllers\\Product.php', 70)
 2 SYSTEMPATH\CodeIgniter.php(933): App\Controllers\Product->update()
 3 SYSTEMPATH\CodeIgniter.php(509): CodeIgniter\CodeIgniter->runController(Object(App\Controllers\Product))
 4 SYSTEMPATH\CodeIgniter.php(355): CodeIgniter\CodeIgniter->handleRequest(null, Object(Config\Cache), false)
 5 SYSTEMPATH\Boot.php(312): CodeIgniter\CodeIgniter->run()
 6 SYSTEMPATH\Boot.php(67): CodeIgniter\Boot::runCodeIgniter(Object(CodeIgniter\CodeIgniter))
 7 FCPATH\index.php(56): CodeIgniter\Boot::bootWeb(Object(Config\Paths))
 8 SYSTEMPATH\Commands\Server\rewrite.php(49): require_once('C:\\xampp\\htdocs\\crud_ci4_postman\\public\\index.php')
CRITICAL - 2024-04-29 06:14:47 --> ErrorException: Undefined array key "product_stock_id"
[Method: PUT, Route: product]
in APPPATH\Controllers\Product.php on line 70.
 1 APPPATH\Controllers\Product.php(70): CodeIgniter\Debug\Exceptions->errorHandler(2, 'Undefined array key "product_stock_id"', 'C:\\xampp\\htdocs\\crud_ci4_postman\\app\\Controllers\\Product.php', 70)
 2 SYSTEMPATH\CodeIgniter.php(933): App\Controllers\Product->update()
 3 SYSTEMPATH\CodeIgniter.php(509): CodeIgniter\CodeIgniter->runController(Object(App\Controllers\Product))
 4 SYSTEMPATH\CodeIgniter.php(355): CodeIgniter\CodeIgniter->handleRequest(null, Object(Config\Cache), false)
 5 SYSTEMPATH\Boot.php(312): CodeIgniter\CodeIgniter->run()
 6 SYSTEMPATH\Boot.php(67): CodeIgniter\Boot::runCodeIgniter(Object(CodeIgniter\CodeIgniter))
 7 FCPATH\index.php(56): CodeIgniter\Boot::bootWeb(Object(Config\Paths))
 8 SYSTEMPATH\Commands\Server\rewrite.php(49): require_once('C:\\xampp\\htdocs\\crud_ci4_postman\\public\\index.php')
CRITICAL - 2024-04-29 06:14:48 --> ErrorException: Undefined array key "product_stock_id"
[Method: PUT, Route: product]
in APPPATH\Controllers\Product.php on line 70.
 1 APPPATH\Controllers\Product.php(70): CodeIgniter\Debug\Exceptions->errorHandler(2, 'Undefined array key "product_stock_id"', 'C:\\xampp\\htdocs\\crud_ci4_postman\\app\\Controllers\\Product.php', 70)
 2 SYSTEMPATH\CodeIgniter.php(933): App\Controllers\Product->update()
 3 SYSTEMPATH\CodeIgniter.php(509): CodeIgniter\CodeIgniter->runController(Object(App\Controllers\Product))
 4 SYSTEMPATH\CodeIgniter.php(355): CodeIgniter\CodeIgniter->handleRequest(null, Object(Config\Cache), false)
 5 SYSTEMPATH\Boot.php(312): CodeIgniter\CodeIgniter->run()
 6 SYSTEMPATH\Boot.php(67): CodeIgniter\Boot::runCodeIgniter(Object(CodeIgniter\CodeIgniter))
 7 FCPATH\index.php(56): CodeIgniter\Boot::bootWeb(Object(Config\Paths))
 8 SYSTEMPATH\Commands\Server\rewrite.php(49): require_once('C:\\xampp\\htdocs\\crud_ci4_postman\\public\\index.php')
CRITICAL - 2024-04-29 06:14:51 --> ErrorException: Undefined array key "product_stock_id"
[Method: PUT, Route: product]
in APPPATH\Controllers\Product.php on line 70.
 1 APPPATH\Controllers\Product.php(70): CodeIgniter\Debug\Exceptions->errorHandler(2, 'Undefined array key "product_stock_id"', 'C:\\xampp\\htdocs\\crud_ci4_postman\\app\\Controllers\\Product.php', 70)
 2 SYSTEMPATH\CodeIgniter.php(933): App\Controllers\Product->update()
 3 SYSTEMPATH\CodeIgniter.php(509): CodeIgniter\CodeIgniter->runController(Object(App\Controllers\Product))
 4 SYSTEMPATH\CodeIgniter.php(355): CodeIgniter\CodeIgniter->handleRequest(null, Object(Config\Cache), false)
 5 SYSTEMPATH\Boot.php(312): CodeIgniter\CodeIgniter->run()
 6 SYSTEMPATH\Boot.php(67): CodeIgniter\Boot::runCodeIgniter(Object(CodeIgniter\CodeIgniter))
 7 FCPATH\index.php(56): CodeIgniter\Boot::bootWeb(Object(Config\Paths))
 8 SYSTEMPATH\Commands\Server\rewrite.php(49): require_once('C:\\xampp\\htdocs\\crud_ci4_postman\\public\\index.php')
CRITICAL - 2024-04-29 06:42:38 --> ErrorException: Declaration of App\Controllers\Product::delete($id) must be compatible with CodeIgniter\RESTful\ResourceController::delete($id = null)
[Method: DELETE, Route: product]
in APPPATH\Controllers\Product.php on line 109.
 1 [internal function]: CodeIgniter\Debug\Exceptions->shutdownHandler()
CRITICAL - 2024-04-29 06:42:50 --> ErrorException: Undefined property: App\Controllers\Product::$db
[Method: DELETE, Route: product]
in APPPATH\Controllers\Product.php on line 114.
 1 APPPATH\Controllers\Product.php(114): CodeIgniter\Debug\Exceptions->errorHandler(2, 'Undefined property: App\\Controllers\\Product::$db', 'C:\\xampp\\htdocs\\crud_ci4_postman\\app\\Controllers\\Product.php', 114)
 2 SYSTEMPATH\CodeIgniter.php(933): App\Controllers\Product->delete()
 3 SYSTEMPATH\CodeIgniter.php(509): CodeIgniter\CodeIgniter->runController(Object(App\Controllers\Product))
 4 SYSTEMPATH\CodeIgniter.php(355): CodeIgniter\CodeIgniter->handleRequest(null, Object(Config\Cache), false)
 5 SYSTEMPATH\Boot.php(312): CodeIgniter\CodeIgniter->run()
 6 SYSTEMPATH\Boot.php(67): CodeIgniter\Boot::runCodeIgniter(Object(CodeIgniter\CodeIgniter))
 7 FCPATH\index.php(56): CodeIgniter\Boot::bootWeb(Object(Config\Paths))
 8 SYSTEMPATH\Commands\Server\rewrite.php(49): require_once('C:\\xampp\\htdocs\\crud_ci4_postman\\public\\index.php')
CRITICAL - 2024-04-29 06:43:09 --> ErrorException: Undefined property: App\Controllers\Product::$db
[Method: DELETE, Route: product/8]
in APPPATH\Controllers\Product.php on line 114.
 1 APPPATH\Controllers\Product.php(114): CodeIgniter\Debug\Exceptions->errorHandler(2, 'Undefined property: App\\Controllers\\Product::$db', 'C:\\xampp\\htdocs\\crud_ci4_postman\\app\\Controllers\\Product.php', 114)
 2 SYSTEMPATH\CodeIgniter.php(933): App\Controllers\Product->delete('8')
 3 SYSTEMPATH\CodeIgniter.php(509): CodeIgniter\CodeIgniter->runController(Object(App\Controllers\Product))
 4 SYSTEMPATH\CodeIgniter.php(355): CodeIgniter\CodeIgniter->handleRequest(null, Object(Config\Cache), false)
 5 SYSTEMPATH\Boot.php(312): CodeIgniter\CodeIgniter->run()
 6 SYSTEMPATH\Boot.php(67): CodeIgniter\Boot::runCodeIgniter(Object(CodeIgniter\CodeIgniter))
 7 FCPATH\index.php(56): CodeIgniter\Boot::bootWeb(Object(Config\Paths))
 8 SYSTEMPATH\Commands\Server\rewrite.php(49): require_once('C:\\xampp\\htdocs\\crud_ci4_postman\\public\\index.php')
CRITICAL - 2024-04-29 06:47:21 --> ErrorException: Undefined property: App\Controllers\Product::$db
[Method: DELETE, Route: product/8]
in APPPATH\Controllers\Product.php on line 116.
 1 APPPATH\Controllers\Product.php(116): CodeIgniter\Debug\Exceptions->errorHandler(2, 'Undefined property: App\\Controllers\\Product::$db', 'C:\\xampp\\htdocs\\crud_ci4_postman\\app\\Controllers\\Product.php', 116)
 2 SYSTEMPATH\CodeIgniter.php(933): App\Controllers\Product->delete('8')
 3 SYSTEMPATH\CodeIgniter.php(509): CodeIgniter\CodeIgniter->runController(Object(App\Controllers\Product))
 4 SYSTEMPATH\CodeIgniter.php(355): CodeIgniter\CodeIgniter->handleRequest(null, Object(Config\Cache), false)
 5 SYSTEMPATH\Boot.php(312): CodeIgniter\CodeIgniter->run()
 6 SYSTEMPATH\Boot.php(67): CodeIgniter\Boot::runCodeIgniter(Object(CodeIgniter\CodeIgniter))
 7 FCPATH\index.php(56): CodeIgniter\Boot::bootWeb(Object(Config\Paths))
 8 SYSTEMPATH\Commands\Server\rewrite.php(49): require_once('C:\\xampp\\htdocs\\crud_ci4_postman\\public\\index.php')
CRITICAL - 2024-04-29 06:47:22 --> ErrorException: Undefined property: App\Controllers\Product::$db
[Method: DELETE, Route: product/8]
in APPPATH\Controllers\Product.php on line 116.
 1 APPPATH\Controllers\Product.php(116): CodeIgniter\Debug\Exceptions->errorHandler(2, 'Undefined property: App\\Controllers\\Product::$db', 'C:\\xampp\\htdocs\\crud_ci4_postman\\app\\Controllers\\Product.php', 116)
 2 SYSTEMPATH\CodeIgniter.php(933): App\Controllers\Product->delete('8')
 3 SYSTEMPATH\CodeIgniter.php(509): CodeIgniter\CodeIgniter->runController(Object(App\Controllers\Product))
 4 SYSTEMPATH\CodeIgniter.php(355): CodeIgniter\CodeIgniter->handleRequest(null, Object(Config\Cache), false)
 5 SYSTEMPATH\Boot.php(312): CodeIgniter\CodeIgniter->run()
 6 SYSTEMPATH\Boot.php(67): CodeIgniter\Boot::runCodeIgniter(Object(CodeIgniter\CodeIgniter))
 7 FCPATH\index.php(56): CodeIgniter\Boot::bootWeb(Object(Config\Paths))
 8 SYSTEMPATH\Commands\Server\rewrite.php(49): require_once('C:\\xampp\\htdocs\\crud_ci4_postman\\public\\index.php')
CRITICAL - 2024-04-29 06:47:44 --> ErrorException: Undefined property: App\Controllers\Product::$db
[Method: DELETE, Route: product/8]
in APPPATH\Controllers\Product.php on line 116.
 1 APPPATH\Controllers\Product.php(116): CodeIgniter\Debug\Exceptions->errorHandler(2, 'Undefined property: App\\Controllers\\Product::$db', 'C:\\xampp\\htdocs\\crud_ci4_postman\\app\\Controllers\\Product.php', 116)
 2 SYSTEMPATH\CodeIgniter.php(933): App\Controllers\Product->delete('8')
 3 SYSTEMPATH\CodeIgniter.php(509): CodeIgniter\CodeIgniter->runController(Object(App\Controllers\Product))
 4 SYSTEMPATH\CodeIgniter.php(355): CodeIgniter\CodeIgniter->handleRequest(null, Object(Config\Cache), false)
 5 SYSTEMPATH\Boot.php(312): CodeIgniter\CodeIgniter->run()
 6 SYSTEMPATH\Boot.php(67): CodeIgniter\Boot::runCodeIgniter(Object(CodeIgniter\CodeIgniter))
 7 FCPATH\index.php(56): CodeIgniter\Boot::bootWeb(Object(Config\Paths))
 8 SYSTEMPATH\Commands\Server\rewrite.php(49): require_once('C:\\xampp\\htdocs\\crud_ci4_postman\\public\\index.php')
CRITICAL - 2024-04-29 06:50:08 --> ErrorException: Undefined property: App\Controllers\Product::$db
[Method: DELETE, Route: product/8]
in APPPATH\Controllers\Product.php on line 116.
 1 APPPATH\Controllers\Product.php(116): CodeIgniter\Debug\Exceptions->errorHandler(2, 'Undefined property: App\\Controllers\\Product::$db', 'C:\\xampp\\htdocs\\crud_ci4_postman\\app\\Controllers\\Product.php', 116)
 2 SYSTEMPATH\CodeIgniter.php(933): App\Controllers\Product->delete('8')
 3 SYSTEMPATH\CodeIgniter.php(509): CodeIgniter\CodeIgniter->runController(Object(App\Controllers\Product))
 4 SYSTEMPATH\CodeIgniter.php(355): CodeIgniter\CodeIgniter->handleRequest(null, Object(Config\Cache), false)
 5 SYSTEMPATH\Boot.php(312): CodeIgniter\CodeIgniter->run()
 6 SYSTEMPATH\Boot.php(67): CodeIgniter\Boot::runCodeIgniter(Object(CodeIgniter\CodeIgniter))
 7 FCPATH\index.php(56): CodeIgniter\Boot::bootWeb(Object(Config\Paths))
 8 SYSTEMPATH\Commands\Server\rewrite.php(49): require_once('C:\\xampp\\htdocs\\crud_ci4_postman\\public\\index.php')
CRITICAL - 2024-04-29 06:50:58 --> ErrorException: Undefined property: App\Controllers\Product::$db
[Method: DELETE, Route: product/8]
in APPPATH\Controllers\Product.php on line 118.
 1 APPPATH\Controllers\Product.php(118): CodeIgniter\Debug\Exceptions->errorHandler(2, 'Undefined property: App\\Controllers\\Product::$db', 'C:\\xampp\\htdocs\\crud_ci4_postman\\app\\Controllers\\Product.php', 118)
 2 SYSTEMPATH\CodeIgniter.php(933): App\Controllers\Product->delete('8')
 3 SYSTEMPATH\CodeIgniter.php(509): CodeIgniter\CodeIgniter->runController(Object(App\Controllers\Product))
 4 SYSTEMPATH\CodeIgniter.php(355): CodeIgniter\CodeIgniter->handleRequest(null, Object(Config\Cache), false)
 5 SYSTEMPATH\Boot.php(312): CodeIgniter\CodeIgniter->run()
 6 SYSTEMPATH\Boot.php(67): CodeIgniter\Boot::runCodeIgniter(Object(CodeIgniter\CodeIgniter))
 7 FCPATH\index.php(56): CodeIgniter\Boot::bootWeb(Object(Config\Paths))
 8 SYSTEMPATH\Commands\Server\rewrite.php(49): require_once('C:\\xampp\\htdocs\\crud_ci4_postman\\public\\index.php')
CRITICAL - 2024-04-29 06:51:21 --> ErrorException: Undefined property: App\Controllers\Product::$db
[Method: DELETE, Route: product/8]
in APPPATH\Controllers\Product.php on line 118.
 1 APPPATH\Controllers\Product.php(118): CodeIgniter\Debug\Exceptions->errorHandler(2, 'Undefined property: App\\Controllers\\Product::$db', 'C:\\xampp\\htdocs\\crud_ci4_postman\\app\\Controllers\\Product.php', 118)
 2 SYSTEMPATH\CodeIgniter.php(933): App\Controllers\Product->delete('8')
 3 SYSTEMPATH\CodeIgniter.php(509): CodeIgniter\CodeIgniter->runController(Object(App\Controllers\Product))
 4 SYSTEMPATH\CodeIgniter.php(355): CodeIgniter\CodeIgniter->handleRequest(null, Object(Config\Cache), false)
 5 SYSTEMPATH\Boot.php(312): CodeIgniter\CodeIgniter->run()
 6 SYSTEMPATH\Boot.php(67): CodeIgniter\Boot::runCodeIgniter(Object(CodeIgniter\CodeIgniter))
 7 FCPATH\index.php(56): CodeIgniter\Boot::bootWeb(Object(Config\Paths))
 8 SYSTEMPATH\Commands\Server\rewrite.php(49): require_once('C:\\xampp\\htdocs\\crud_ci4_postman\\public\\index.php')
CRITICAL - 2024-04-29 06:52:20 --> ErrorException: Undefined property: App\Controllers\Product::$db
[Method: DELETE, Route: product/8]
in APPPATH\Controllers\Product.php on line 118.
 1 APPPATH\Controllers\Product.php(118): CodeIgniter\Debug\Exceptions->errorHandler(2, 'Undefined property: App\\Controllers\\Product::$db', 'C:\\xampp\\htdocs\\crud_ci4_postman\\app\\Controllers\\Product.php', 118)
 2 SYSTEMPATH\CodeIgniter.php(933): App\Controllers\Product->delete('8')
 3 SYSTEMPATH\CodeIgniter.php(509): CodeIgniter\CodeIgniter->runController(Object(App\Controllers\Product))
 4 SYSTEMPATH\CodeIgniter.php(355): CodeIgniter\CodeIgniter->handleRequest(null, Object(Config\Cache), false)
 5 SYSTEMPATH\Boot.php(312): CodeIgniter\CodeIgniter->run()
 6 SYSTEMPATH\Boot.php(67): CodeIgniter\Boot::runCodeIgniter(Object(CodeIgniter\CodeIgniter))
 7 FCPATH\index.php(56): CodeIgniter\Boot::bootWeb(Object(Config\Paths))
 8 SYSTEMPATH\Commands\Server\rewrite.php(49): require_once('C:\\xampp\\htdocs\\crud_ci4_postman\\public\\index.php')
CRITICAL - 2024-04-29 06:52:37 --> ErrorException: Undefined property: App\Controllers\Product::$db
[Method: DELETE, Route: product/8]
in APPPATH\Controllers\Product.php on line 118.
 1 APPPATH\Controllers\Product.php(118): CodeIgniter\Debug\Exceptions->errorHandler(2, 'Undefined property: App\\Controllers\\Product::$db', 'C:\\xampp\\htdocs\\crud_ci4_postman\\app\\Controllers\\Product.php', 118)
 2 SYSTEMPATH\CodeIgniter.php(933): App\Controllers\Product->delete('8')
 3 SYSTEMPATH\CodeIgniter.php(509): CodeIgniter\CodeIgniter->runController(Object(App\Controllers\Product))
 4 SYSTEMPATH\CodeIgniter.php(355): CodeIgniter\CodeIgniter->handleRequest(null, Object(Config\Cache), false)
 5 SYSTEMPATH\Boot.php(312): CodeIgniter\CodeIgniter->run()
 6 SYSTEMPATH\Boot.php(67): CodeIgniter\Boot::runCodeIgniter(Object(CodeIgniter\CodeIgniter))
 7 FCPATH\index.php(56): CodeIgniter\Boot::bootWeb(Object(Config\Paths))
 8 SYSTEMPATH\Commands\Server\rewrite.php(49): require_once('C:\\xampp\\htdocs\\crud_ci4_postman\\public\\index.php')
CRITICAL - 2024-04-29 07:03:54 --> ErrorException: Undefined array key "product_stock_id"
[Method: PUT, Route: product]
in APPPATH\Controllers\Product.php on line 68.
 1 APPPATH\Controllers\Product.php(68): CodeIgniter\Debug\Exceptions->errorHandler(2, 'Undefined array key "product_stock_id"', 'C:\\xampp\\htdocs\\crud_ci4_postman\\app\\Controllers\\Product.php', 68)
 2 SYSTEMPATH\CodeIgniter.php(933): App\Controllers\Product->update()
 3 SYSTEMPATH\CodeIgniter.php(509): CodeIgniter\CodeIgniter->runController(Object(App\Controllers\Product))
 4 SYSTEMPATH\CodeIgniter.php(355): CodeIgniter\CodeIgniter->handleRequest(null, Object(Config\Cache), false)
 5 SYSTEMPATH\Boot.php(312): CodeIgniter\CodeIgniter->run()
 6 SYSTEMPATH\Boot.php(67): CodeIgniter\Boot::runCodeIgniter(Object(CodeIgniter\CodeIgniter))
 7 FCPATH\index.php(56): CodeIgniter\Boot::bootWeb(Object(Config\Paths))
 8 SYSTEMPATH\Commands\Server\rewrite.php(49): require_once('C:\\xampp\\htdocs\\crud_ci4_postman\\public\\index.php')
CRITICAL - 2024-04-29 07:06:08 --> ErrorException: Undefined array key "product_stock_id"
[Method: PUT, Route: product/8]
in APPPATH\Controllers\Product.php on line 68.
 1 APPPATH\Controllers\Product.php(68): CodeIgniter\Debug\Exceptions->errorHandler(2, 'Undefined array key "product_stock_id"', 'C:\\xampp\\htdocs\\crud_ci4_postman\\app\\Controllers\\Product.php', 68)
 2 SYSTEMPATH\CodeIgniter.php(933): App\Controllers\Product->update('8')
 3 SYSTEMPATH\CodeIgniter.php(509): CodeIgniter\CodeIgniter->runController(Object(App\Controllers\Product))
 4 SYSTEMPATH\CodeIgniter.php(355): CodeIgniter\CodeIgniter->handleRequest(null, Object(Config\Cache), false)
 5 SYSTEMPATH\Boot.php(312): CodeIgniter\CodeIgniter->run()
 6 SYSTEMPATH\Boot.php(67): CodeIgniter\Boot::runCodeIgniter(Object(CodeIgniter\CodeIgniter))
 7 FCPATH\index.php(56): CodeIgniter\Boot::bootWeb(Object(Config\Paths))
 8 SYSTEMPATH\Commands\Server\rewrite.php(49): require_once('C:\\xampp\\htdocs\\crud_ci4_postman\\public\\index.php')
CRITICAL - 2024-04-29 07:06:40 --> ErrorException: Declaration of App\Controllers\Product::update($id) must be compatible with CodeIgniter\RESTful\ResourceController::update($id = null)
[Method: PUT, Route: product/8]
in APPPATH\Controllers\Product.php on line 61.
 1 [internal function]: CodeIgniter\Debug\Exceptions->shutdownHandler()
CRITICAL - 2024-04-29 07:07:40 --> ErrorException: Undefined array key "product_stock_id"
[Method: PUT, Route: product/8]
in APPPATH\Controllers\Product.php on line 68.
 1 APPPATH\Controllers\Product.php(68): CodeIgniter\Debug\Exceptions->errorHandler(2, 'Undefined array key "product_stock_id"', 'C:\\xampp\\htdocs\\crud_ci4_postman\\app\\Controllers\\Product.php', 68)
 2 SYSTEMPATH\CodeIgniter.php(933): App\Controllers\Product->update('8')
 3 SYSTEMPATH\CodeIgniter.php(509): CodeIgniter\CodeIgniter->runController(Object(App\Controllers\Product))
 4 SYSTEMPATH\CodeIgniter.php(355): CodeIgniter\CodeIgniter->handleRequest(null, Object(Config\Cache), false)
 5 SYSTEMPATH\Boot.php(312): CodeIgniter\CodeIgniter->run()
 6 SYSTEMPATH\Boot.php(67): CodeIgniter\Boot::runCodeIgniter(Object(CodeIgniter\CodeIgniter))
 7 FCPATH\index.php(56): CodeIgniter\Boot::bootWeb(Object(Config\Paths))
 8 SYSTEMPATH\Commands\Server\rewrite.php(49): require_once('C:\\xampp\\htdocs\\crud_ci4_postman\\public\\index.php')
CRITICAL - 2024-04-29 07:07:46 --> ErrorException: Undefined array key "product_stock_id"
[Method: PUT, Route: product/8]
in APPPATH\Controllers\Product.php on line 68.
 1 APPPATH\Controllers\Product.php(68): CodeIgniter\Debug\Exceptions->errorHandler(2, 'Undefined array key "product_stock_id"', 'C:\\xampp\\htdocs\\crud_ci4_postman\\app\\Controllers\\Product.php', 68)
 2 SYSTEMPATH\CodeIgniter.php(933): App\Controllers\Product->update('8')
 3 SYSTEMPATH\CodeIgniter.php(509): CodeIgniter\CodeIgniter->runController(Object(App\Controllers\Product))
 4 SYSTEMPATH\CodeIgniter.php(355): CodeIgniter\CodeIgniter->handleRequest(null, Object(Config\Cache), false)
 5 SYSTEMPATH\Boot.php(312): CodeIgniter\CodeIgniter->run()
 6 SYSTEMPATH\Boot.php(67): CodeIgniter\Boot::runCodeIgniter(Object(CodeIgniter\CodeIgniter))
 7 FCPATH\index.php(56): CodeIgniter\Boot::bootWeb(Object(Config\Paths))
 8 SYSTEMPATH\Commands\Server\rewrite.php(49): require_once('C:\\xampp\\htdocs\\crud_ci4_postman\\public\\index.php')
CRITICAL - 2024-04-29 07:09:28 --> ErrorException: Undefined array key "product_stock_id"
[Method: PUT, Route: product/8]
in APPPATH\Controllers\Product.php on line 68.
 1 APPPATH\Controllers\Product.php(68): CodeIgniter\Debug\Exceptions->errorHandler(2, 'Undefined array key "product_stock_id"', 'C:\\xampp\\htdocs\\crud_ci4_postman\\app\\Controllers\\Product.php', 68)
 2 SYSTEMPATH\CodeIgniter.php(933): App\Controllers\Product->update('8')
 3 SYSTEMPATH\CodeIgniter.php(509): CodeIgniter\CodeIgniter->runController(Object(App\Controllers\Product))
 4 SYSTEMPATH\CodeIgniter.php(355): CodeIgniter\CodeIgniter->handleRequest(null, Object(Config\Cache), false)
 5 SYSTEMPATH\Boot.php(312): CodeIgniter\CodeIgniter->run()
 6 SYSTEMPATH\Boot.php(67): CodeIgniter\Boot::runCodeIgniter(Object(CodeIgniter\CodeIgniter))
 7 FCPATH\index.php(56): CodeIgniter\Boot::bootWeb(Object(Config\Paths))
 8 SYSTEMPATH\Commands\Server\rewrite.php(49): require_once('C:\\xampp\\htdocs\\crud_ci4_postman\\public\\index.php')
CRITICAL - 2024-04-29 07:09:44 --> ErrorException: Undefined array key "product_stock_id"
[Method: PUT, Route: product/8]
in APPPATH\Controllers\Product.php on line 68.
 1 APPPATH\Controllers\Product.php(68): CodeIgniter\Debug\Exceptions->errorHandler(2, 'Undefined array key "product_stock_id"', 'C:\\xampp\\htdocs\\crud_ci4_postman\\app\\Controllers\\Product.php', 68)
 2 SYSTEMPATH\CodeIgniter.php(933): App\Controllers\Product->update('8')
 3 SYSTEMPATH\CodeIgniter.php(509): CodeIgniter\CodeIgniter->runController(Object(App\Controllers\Product))
 4 SYSTEMPATH\CodeIgniter.php(355): CodeIgniter\CodeIgniter->handleRequest(null, Object(Config\Cache), false)
 5 SYSTEMPATH\Boot.php(312): CodeIgniter\CodeIgniter->run()
 6 SYSTEMPATH\Boot.php(67): CodeIgniter\Boot::runCodeIgniter(Object(CodeIgniter\CodeIgniter))
 7 FCPATH\index.php(56): CodeIgniter\Boot::bootWeb(Object(Config\Paths))
 8 SYSTEMPATH\Commands\Server\rewrite.php(49): require_once('C:\\xampp\\htdocs\\crud_ci4_postman\\public\\index.php')
CRITICAL - 2024-04-29 07:20:43 --> ErrorException: Undefined property: App\Controllers\Product::$db
[Method: DELETE, Route: product/8]
in APPPATH\Controllers\Product.php on line 114.
 1 APPPATH\Controllers\Product.php(114): CodeIgniter\Debug\Exceptions->errorHandler(2, 'Undefined property: App\\Controllers\\Product::$db', 'C:\\xampp\\htdocs\\crud_ci4_postman\\app\\Controllers\\Product.php', 114)
 2 SYSTEMPATH\CodeIgniter.php(933): App\Controllers\Product->delete('8')
 3 SYSTEMPATH\CodeIgniter.php(509): CodeIgniter\CodeIgniter->runController(Object(App\Controllers\Product))
 4 SYSTEMPATH\CodeIgniter.php(355): CodeIgniter\CodeIgniter->handleRequest(null, Object(Config\Cache), false)
 5 SYSTEMPATH\Boot.php(312): CodeIgniter\CodeIgniter->run()
 6 SYSTEMPATH\Boot.php(67): CodeIgniter\Boot::runCodeIgniter(Object(CodeIgniter\CodeIgniter))
 7 FCPATH\index.php(56): CodeIgniter\Boot::bootWeb(Object(Config\Paths))
 8 SYSTEMPATH\Commands\Server\rewrite.php(49): require_once('C:\\xampp\\htdocs\\crud_ci4_postman\\public\\index.php')
CRITICAL - 2024-04-29 07:20:58 --> ErrorException: Undefined property: App\Controllers\Product::$db
[Method: DELETE, Route: product/8]
in APPPATH\Controllers\Product.php on line 114.
 1 APPPATH\Controllers\Product.php(114): CodeIgniter\Debug\Exceptions->errorHandler(2, 'Undefined property: App\\Controllers\\Product::$db', 'C:\\xampp\\htdocs\\crud_ci4_postman\\app\\Controllers\\Product.php', 114)
 2 SYSTEMPATH\CodeIgniter.php(933): App\Controllers\Product->delete('8')
 3 SYSTEMPATH\CodeIgniter.php(509): CodeIgniter\CodeIgniter->runController(Object(App\Controllers\Product))
 4 SYSTEMPATH\CodeIgniter.php(355): CodeIgniter\CodeIgniter->handleRequest(null, Object(Config\Cache), false)
 5 SYSTEMPATH\Boot.php(312): CodeIgniter\CodeIgniter->run()
 6 SYSTEMPATH\Boot.php(67): CodeIgniter\Boot::runCodeIgniter(Object(CodeIgniter\CodeIgniter))
 7 FCPATH\index.php(56): CodeIgniter\Boot::bootWeb(Object(Config\Paths))
 8 SYSTEMPATH\Commands\Server\rewrite.php(49): require_once('C:\\xampp\\htdocs\\crud_ci4_postman\\public\\index.php')
CRITICAL - 2024-04-29 07:22:27 --> ErrorException: Undefined property: App\Controllers\Product::$db
[Method: DELETE, Route: product/8]
in APPPATH\Controllers\Product.php on line 114.
 1 APPPATH\Controllers\Product.php(114): CodeIgniter\Debug\Exceptions->errorHandler(2, 'Undefined property: App\\Controllers\\Product::$db', 'C:\\xampp\\htdocs\\crud_ci4_postman\\app\\Controllers\\Product.php', 114)
 2 SYSTEMPATH\CodeIgniter.php(933): App\Controllers\Product->delete('8')
 3 SYSTEMPATH\CodeIgniter.php(509): CodeIgniter\CodeIgniter->runController(Object(App\Controllers\Product))
 4 SYSTEMPATH\CodeIgniter.php(355): CodeIgniter\CodeIgniter->handleRequest(null, Object(Config\Cache), false)
 5 SYSTEMPATH\Boot.php(312): CodeIgniter\CodeIgniter->run()
 6 SYSTEMPATH\Boot.php(67): CodeIgniter\Boot::runCodeIgniter(Object(CodeIgniter\CodeIgniter))
 7 FCPATH\index.php(56): CodeIgniter\Boot::bootWeb(Object(Config\Paths))
 8 SYSTEMPATH\Commands\Server\rewrite.php(49): require_once('C:\\xampp\\htdocs\\crud_ci4_postman\\public\\index.php')
CRITICAL - 2024-04-29 07:22:32 --> ErrorException: Undefined property: App\Controllers\Product::$db
[Method: DELETE, Route: product/8]
in APPPATH\Controllers\Product.php on line 114.
 1 APPPATH\Controllers\Product.php(114): CodeIgniter\Debug\Exceptions->errorHandler(2, 'Undefined property: App\\Controllers\\Product::$db', 'C:\\xampp\\htdocs\\crud_ci4_postman\\app\\Controllers\\Product.php', 114)
 2 SYSTEMPATH\CodeIgniter.php(933): App\Controllers\Product->delete('8')
 3 SYSTEMPATH\CodeIgniter.php(509): CodeIgniter\CodeIgniter->runController(Object(App\Controllers\Product))
 4 SYSTEMPATH\CodeIgniter.php(355): CodeIgniter\CodeIgniter->handleRequest(null, Object(Config\Cache), false)
 5 SYSTEMPATH\Boot.php(312): CodeIgniter\CodeIgniter->run()
 6 SYSTEMPATH\Boot.php(67): CodeIgniter\Boot::runCodeIgniter(Object(CodeIgniter\CodeIgniter))
 7 FCPATH\index.php(56): CodeIgniter\Boot::bootWeb(Object(Config\Paths))
 8 SYSTEMPATH\Commands\Server\rewrite.php(49): require_once('C:\\xampp\\htdocs\\crud_ci4_postman\\public\\index.php')
CRITICAL - 2024-04-29 07:22:36 --> ErrorException: Undefined property: App\Controllers\Product::$db
[Method: DELETE, Route: product/8]
in APPPATH\Controllers\Product.php on line 114.
 1 APPPATH\Controllers\Product.php(114): CodeIgniter\Debug\Exceptions->errorHandler(2, 'Undefined property: App\\Controllers\\Product::$db', 'C:\\xampp\\htdocs\\crud_ci4_postman\\app\\Controllers\\Product.php', 114)
 2 SYSTEMPATH\CodeIgniter.php(933): App\Controllers\Product->delete('8')
 3 SYSTEMPATH\CodeIgniter.php(509): CodeIgniter\CodeIgniter->runController(Object(App\Controllers\Product))
 4 SYSTEMPATH\CodeIgniter.php(355): CodeIgniter\CodeIgniter->handleRequest(null, Object(Config\Cache), false)
 5 SYSTEMPATH\Boot.php(312): CodeIgniter\CodeIgniter->run()
 6 SYSTEMPATH\Boot.php(67): CodeIgniter\Boot::runCodeIgniter(Object(CodeIgniter\CodeIgniter))
 7 FCPATH\index.php(56): CodeIgniter\Boot::bootWeb(Object(Config\Paths))
 8 SYSTEMPATH\Commands\Server\rewrite.php(49): require_once('C:\\xampp\\htdocs\\crud_ci4_postman\\public\\index.php')
CRITICAL - 2024-04-29 07:23:05 --> ErrorException: Undefined property: App\Controllers\Product::$db
[Method: DELETE, Route: product/8]
in APPPATH\Controllers\Product.php on line 114.
 1 APPPATH\Controllers\Product.php(114): CodeIgniter\Debug\Exceptions->errorHandler(2, 'Undefined property: App\\Controllers\\Product::$db', 'C:\\xampp\\htdocs\\crud_ci4_postman\\app\\Controllers\\Product.php', 114)
 2 SYSTEMPATH\CodeIgniter.php(933): App\Controllers\Product->delete('8')
 3 SYSTEMPATH\CodeIgniter.php(509): CodeIgniter\CodeIgniter->runController(Object(App\Controllers\Product))
 4 SYSTEMPATH\CodeIgniter.php(355): CodeIgniter\CodeIgniter->handleRequest(null, Object(Config\Cache), false)
 5 SYSTEMPATH\Boot.php(312): CodeIgniter\CodeIgniter->run()
 6 SYSTEMPATH\Boot.php(67): CodeIgniter\Boot::runCodeIgniter(Object(CodeIgniter\CodeIgniter))
 7 FCPATH\index.php(56): CodeIgniter\Boot::bootWeb(Object(Config\Paths))
 8 SYSTEMPATH\Commands\Server\rewrite.php(49): require_once('C:\\xampp\\htdocs\\crud_ci4_postman\\public\\index.php')
CRITICAL - 2024-04-29 07:23:12 --> ErrorException: Declaration of App\Controllers\Product::delete($id) must be compatible with CodeIgniter\RESTful\ResourceController::delete($id = null)
[Method: DELETE, Route: product/8]
in APPPATH\Controllers\Product.php on line 109.
 1 [internal function]: CodeIgniter\Debug\Exceptions->shutdownHandler()
CRITICAL - 2024-04-29 07:24:02 --> ErrorException: Undefined property: App\Controllers\Product::$db
[Method: DELETE, Route: product/8]
in APPPATH\Controllers\Product.php on line 124.
 1 APPPATH\Controllers\Product.php(124): CodeIgniter\Debug\Exceptions->errorHandler(2, 'Undefined property: App\\Controllers\\Product::$db', 'C:\\xampp\\htdocs\\crud_ci4_postman\\app\\Controllers\\Product.php', 124)
 2 SYSTEMPATH\CodeIgniter.php(933): App\Controllers\Product->delete('8')
 3 SYSTEMPATH\CodeIgniter.php(509): CodeIgniter\CodeIgniter->runController(Object(App\Controllers\Product))
 4 SYSTEMPATH\CodeIgniter.php(355): CodeIgniter\CodeIgniter->handleRequest(null, Object(Config\Cache), false)
 5 SYSTEMPATH\Boot.php(312): CodeIgniter\CodeIgniter->run()
 6 SYSTEMPATH\Boot.php(67): CodeIgniter\Boot::runCodeIgniter(Object(CodeIgniter\CodeIgniter))
 7 FCPATH\index.php(56): CodeIgniter\Boot::bootWeb(Object(Config\Paths))
 8 SYSTEMPATH\Commands\Server\rewrite.php(49): require_once('C:\\xampp\\htdocs\\crud_ci4_postman\\public\\index.php')
CRITICAL - 2024-04-29 07:24:54 --> Error: Call to a member function table() on null
[Method: DELETE, Route: product/8]
in APPPATH\Controllers\Product.php on line 130.
 1 SYSTEMPATH\CodeIgniter.php(933): App\Controllers\Product->delete('8')
 2 SYSTEMPATH\CodeIgniter.php(509): CodeIgniter\CodeIgniter->runController(Object(App\Controllers\Product))
 3 SYSTEMPATH\CodeIgniter.php(355): CodeIgniter\CodeIgniter->handleRequest(null, Object(Config\Cache), false)
 4 SYSTEMPATH\Boot.php(312): CodeIgniter\CodeIgniter->run()
 5 SYSTEMPATH\Boot.php(67): CodeIgniter\Boot::runCodeIgniter(Object(CodeIgniter\CodeIgniter))
 6 FCPATH\index.php(56): CodeIgniter\Boot::bootWeb(Object(Config\Paths))
 7 SYSTEMPATH\Commands\Server\rewrite.php(49): require_once('C:\\xampp\\htdocs\\crud_ci4_postman\\public\\index.php')
CRITICAL - 2024-04-29 07:28:02 --> ErrorException: Undefined array key "product_stock_id"
[Method: PUT, Route: product/16]
in APPPATH\Controllers\Product.php on line 74.
 1 APPPATH\Controllers\Product.php(74): CodeIgniter\Debug\Exceptions->errorHandler(2, 'Undefined array key "product_stock_id"', 'C:\\xampp\\htdocs\\crud_ci4_postman\\app\\Controllers\\Product.php', 74)
 2 SYSTEMPATH\CodeIgniter.php(933): App\Controllers\Product->update('16')
 3 SYSTEMPATH\CodeIgniter.php(509): CodeIgniter\CodeIgniter->runController(Object(App\Controllers\Product))
 4 SYSTEMPATH\CodeIgniter.php(355): CodeIgniter\CodeIgniter->handleRequest(null, Object(Config\Cache), false)
 5 SYSTEMPATH\Boot.php(312): CodeIgniter\CodeIgniter->run()
 6 SYSTEMPATH\Boot.php(67): CodeIgniter\Boot::runCodeIgniter(Object(CodeIgniter\CodeIgniter))
 7 FCPATH\index.php(56): CodeIgniter\Boot::bootWeb(Object(Config\Paths))
 8 SYSTEMPATH\Commands\Server\rewrite.php(49): require_once('C:\\xampp\\htdocs\\crud_ci4_postman\\public\\index.php')
CRITICAL - 2024-04-29 07:29:36 --> ErrorException: Undefined array key "product_name"
[Method: PUT, Route: product/16]
in APPPATH\Controllers\Product.php on line 89.
 1 APPPATH\Controllers\Product.php(89): CodeIgniter\Debug\Exceptions->errorHandler(2, 'Undefined array key "product_name"', 'C:\\xampp\\htdocs\\crud_ci4_postman\\app\\Controllers\\Product.php', 89)
 2 SYSTEMPATH\CodeIgniter.php(933): App\Controllers\Product->update('16')
 3 SYSTEMPATH\CodeIgniter.php(509): CodeIgniter\CodeIgniter->runController(Object(App\Controllers\Product))
 4 SYSTEMPATH\CodeIgniter.php(355): CodeIgniter\CodeIgniter->handleRequest(null, Object(Config\Cache), false)
 5 SYSTEMPATH\Boot.php(312): CodeIgniter\CodeIgniter->run()
 6 SYSTEMPATH\Boot.php(67): CodeIgniter\Boot::runCodeIgniter(Object(CodeIgniter\CodeIgniter))
 7 FCPATH\index.php(56): CodeIgniter\Boot::bootWeb(Object(Config\Paths))
 8 SYSTEMPATH\Commands\Server\rewrite.php(49): require_once('C:\\xampp\\htdocs\\crud_ci4_postman\\public\\index.php')
CRITICAL - 2024-04-29 07:29:39 --> ErrorException: Undefined array key "product_name"
[Method: PUT, Route: product/16]
in APPPATH\Controllers\Product.php on line 89.
 1 APPPATH\Controllers\Product.php(89): CodeIgniter\Debug\Exceptions->errorHandler(2, 'Undefined array key "product_name"', 'C:\\xampp\\htdocs\\crud_ci4_postman\\app\\Controllers\\Product.php', 89)
 2 SYSTEMPATH\CodeIgniter.php(933): App\Controllers\Product->update('16')
 3 SYSTEMPATH\CodeIgniter.php(509): CodeIgniter\CodeIgniter->runController(Object(App\Controllers\Product))
 4 SYSTEMPATH\CodeIgniter.php(355): CodeIgniter\CodeIgniter->handleRequest(null, Object(Config\Cache), false)
 5 SYSTEMPATH\Boot.php(312): CodeIgniter\CodeIgniter->run()
 6 SYSTEMPATH\Boot.php(67): CodeIgniter\Boot::runCodeIgniter(Object(CodeIgniter\CodeIgniter))
 7 FCPATH\index.php(56): CodeIgniter\Boot::bootWeb(Object(Config\Paths))
 8 SYSTEMPATH\Commands\Server\rewrite.php(49): require_once('C:\\xampp\\htdocs\\crud_ci4_postman\\public\\index.php')
CRITICAL - 2024-04-29 07:30:09 --> ErrorException: Undefined array key "product_stock_id"
[Method: PUT, Route: product/16]
in APPPATH\Controllers\Product.php on line 74.
 1 APPPATH\Controllers\Product.php(74): CodeIgniter\Debug\Exceptions->errorHandler(2, 'Undefined array key "product_stock_id"', 'C:\\xampp\\htdocs\\crud_ci4_postman\\app\\Controllers\\Product.php', 74)
 2 SYSTEMPATH\CodeIgniter.php(933): App\Controllers\Product->update('16')
 3 SYSTEMPATH\CodeIgniter.php(509): CodeIgniter\CodeIgniter->runController(Object(App\Controllers\Product))
 4 SYSTEMPATH\CodeIgniter.php(355): CodeIgniter\CodeIgniter->handleRequest(null, Object(Config\Cache), false)
 5 SYSTEMPATH\Boot.php(312): CodeIgniter\CodeIgniter->run()
 6 SYSTEMPATH\Boot.php(67): CodeIgniter\Boot::runCodeIgniter(Object(CodeIgniter\CodeIgniter))
 7 FCPATH\index.php(56): CodeIgniter\Boot::bootWeb(Object(Config\Paths))
 8 SYSTEMPATH\Commands\Server\rewrite.php(49): require_once('C:\\xampp\\htdocs\\crud_ci4_postman\\public\\index.php')
CRITICAL - 2024-04-29 07:37:09 --> ErrorException: Undefined array key "product_stock_id"
[Method: PUT, Route: product/16]
in APPPATH\Controllers\Product.php on line 74.
 1 APPPATH\Controllers\Product.php(74): CodeIgniter\Debug\Exceptions->errorHandler(2, 'Undefined array key "product_stock_id"', 'C:\\xampp\\htdocs\\crud_ci4_postman\\app\\Controllers\\Product.php', 74)
 2 SYSTEMPATH\CodeIgniter.php(933): App\Controllers\Product->update('16')
 3 SYSTEMPATH\CodeIgniter.php(509): CodeIgniter\CodeIgniter->runController(Object(App\Controllers\Product))
 4 SYSTEMPATH\CodeIgniter.php(355): CodeIgniter\CodeIgniter->handleRequest(null, Object(Config\Cache), false)
 5 SYSTEMPATH\Boot.php(312): CodeIgniter\CodeIgniter->run()
 6 SYSTEMPATH\Boot.php(67): CodeIgniter\Boot::runCodeIgniter(Object(CodeIgniter\CodeIgniter))
 7 FCPATH\index.php(56): CodeIgniter\Boot::bootWeb(Object(Config\Paths))
 8 SYSTEMPATH\Commands\Server\rewrite.php(49): require_once('C:\\xampp\\htdocs\\crud_ci4_postman\\public\\index.php')
CRITICAL - 2024-04-29 07:38:00 --> ErrorException: Undefined array key "product_stock_id"
[Method: PUT, Route: product/16]
in APPPATH\Controllers\Product.php on line 74.
 1 APPPATH\Controllers\Product.php(74): CodeIgniter\Debug\Exceptions->errorHandler(2, 'Undefined array key "product_stock_id"', 'C:\\xampp\\htdocs\\crud_ci4_postman\\app\\Controllers\\Product.php', 74)
 2 SYSTEMPATH\CodeIgniter.php(933): App\Controllers\Product->update('16')
 3 SYSTEMPATH\CodeIgniter.php(509): CodeIgniter\CodeIgniter->runController(Object(App\Controllers\Product))
 4 SYSTEMPATH\CodeIgniter.php(355): CodeIgniter\CodeIgniter->handleRequest(null, Object(Config\Cache), false)
 5 SYSTEMPATH\Boot.php(312): CodeIgniter\CodeIgniter->run()
 6 SYSTEMPATH\Boot.php(67): CodeIgniter\Boot::runCodeIgniter(Object(CodeIgniter\CodeIgniter))
 7 FCPATH\index.php(56): CodeIgniter\Boot::bootWeb(Object(Config\Paths))
 8 SYSTEMPATH\Commands\Server\rewrite.php(49): require_once('C:\\xampp\\htdocs\\crud_ci4_postman\\public\\index.php')
CRITICAL - 2024-04-29 07:39:07 --> ErrorException: Undefined array key "product_stock_id"
[Method: PUT, Route: product/16]
in APPPATH\Controllers\Product.php on line 74.
 1 APPPATH\Controllers\Product.php(74): CodeIgniter\Debug\Exceptions->errorHandler(2, 'Undefined array key "product_stock_id"', 'C:\\xampp\\htdocs\\crud_ci4_postman\\app\\Controllers\\Product.php', 74)
 2 SYSTEMPATH\CodeIgniter.php(933): App\Controllers\Product->update('16')
 3 SYSTEMPATH\CodeIgniter.php(509): CodeIgniter\CodeIgniter->runController(Object(App\Controllers\Product))
 4 SYSTEMPATH\CodeIgniter.php(355): CodeIgniter\CodeIgniter->handleRequest(null, Object(Config\Cache), false)
 5 SYSTEMPATH\Boot.php(312): CodeIgniter\CodeIgniter->run()
 6 SYSTEMPATH\Boot.php(67): CodeIgniter\Boot::runCodeIgniter(Object(CodeIgniter\CodeIgniter))
 7 FCPATH\index.php(56): CodeIgniter\Boot::bootWeb(Object(Config\Paths))
 8 SYSTEMPATH\Commands\Server\rewrite.php(49): require_once('C:\\xampp\\htdocs\\crud_ci4_postman\\public\\index.php')
CRITICAL - 2024-04-29 07:39:12 --> ErrorException: Undefined array key "product_stock_id"
[Method: PUT, Route: product/16]
in APPPATH\Controllers\Product.php on line 74.
 1 APPPATH\Controllers\Product.php(74): CodeIgniter\Debug\Exceptions->errorHandler(2, 'Undefined array key "product_stock_id"', 'C:\\xampp\\htdocs\\crud_ci4_postman\\app\\Controllers\\Product.php', 74)
 2 SYSTEMPATH\CodeIgniter.php(933): App\Controllers\Product->update('16')
 3 SYSTEMPATH\CodeIgniter.php(509): CodeIgniter\CodeIgniter->runController(Object(App\Controllers\Product))
 4 SYSTEMPATH\CodeIgniter.php(355): CodeIgniter\CodeIgniter->handleRequest(null, Object(Config\Cache), false)
 5 SYSTEMPATH\Boot.php(312): CodeIgniter\CodeIgniter->run()
 6 SYSTEMPATH\Boot.php(67): CodeIgniter\Boot::runCodeIgniter(Object(CodeIgniter\CodeIgniter))
 7 FCPATH\index.php(56): CodeIgniter\Boot::bootWeb(Object(Config\Paths))
 8 SYSTEMPATH\Commands\Server\rewrite.php(49): require_once('C:\\xampp\\htdocs\\crud_ci4_postman\\public\\index.php')
CRITICAL - 2024-04-29 07:40:20 --> ErrorException: Undefined array key "product_name"
[Method: PUT, Route: product/16]
in APPPATH\Controllers\Product.php on line 75.
 1 APPPATH\Controllers\Product.php(75): CodeIgniter\Debug\Exceptions->errorHandler(2, 'Undefined array key "product_name"', 'C:\\xampp\\htdocs\\crud_ci4_postman\\app\\Controllers\\Product.php', 75)
 2 SYSTEMPATH\CodeIgniter.php(933): App\Controllers\Product->update('16')
 3 SYSTEMPATH\CodeIgniter.php(509): CodeIgniter\CodeIgniter->runController(Object(App\Controllers\Product))
 4 SYSTEMPATH\CodeIgniter.php(355): CodeIgniter\CodeIgniter->handleRequest(null, Object(Config\Cache), false)
 5 SYSTEMPATH\Boot.php(312): CodeIgniter\CodeIgniter->run()
 6 SYSTEMPATH\Boot.php(67): CodeIgniter\Boot::runCodeIgniter(Object(CodeIgniter\CodeIgniter))
 7 FCPATH\index.php(56): CodeIgniter\Boot::bootWeb(Object(Config\Paths))
 8 SYSTEMPATH\Commands\Server\rewrite.php(49): require_once('C:\\xampp\\htdocs\\crud_ci4_postman\\public\\index.php')
CRITICAL - 2024-04-29 07:40:35 --> ErrorException: Undefined array key "product_name"
[Method: PUT, Route: product/16]
in APPPATH\Controllers\Product.php on line 75.
 1 APPPATH\Controllers\Product.php(75): CodeIgniter\Debug\Exceptions->errorHandler(2, 'Undefined array key "product_name"', 'C:\\xampp\\htdocs\\crud_ci4_postman\\app\\Controllers\\Product.php', 75)
 2 SYSTEMPATH\CodeIgniter.php(933): App\Controllers\Product->update('16')
 3 SYSTEMPATH\CodeIgniter.php(509): CodeIgniter\CodeIgniter->runController(Object(App\Controllers\Product))
 4 SYSTEMPATH\CodeIgniter.php(355): CodeIgniter\CodeIgniter->handleRequest(null, Object(Config\Cache), false)
 5 SYSTEMPATH\Boot.php(312): CodeIgniter\CodeIgniter->run()
 6 SYSTEMPATH\Boot.php(67): CodeIgniter\Boot::runCodeIgniter(Object(CodeIgniter\CodeIgniter))
 7 FCPATH\index.php(56): CodeIgniter\Boot::bootWeb(Object(Config\Paths))
 8 SYSTEMPATH\Commands\Server\rewrite.php(49): require_once('C:\\xampp\\htdocs\\crud_ci4_postman\\public\\index.php')
CRITICAL - 2024-04-29 07:43:18 --> ErrorException: Undefined array key "product_name"
[Method: PUT, Route: product/16]
in APPPATH\Controllers\Product.php on line 75.
 1 APPPATH\Controllers\Product.php(75): CodeIgniter\Debug\Exceptions->errorHandler(2, 'Undefined array key "product_name"', 'C:\\xampp\\htdocs\\crud_ci4_postman\\app\\Controllers\\Product.php', 75)
 2 SYSTEMPATH\CodeIgniter.php(933): App\Controllers\Product->update('16')
 3 SYSTEMPATH\CodeIgniter.php(509): CodeIgniter\CodeIgniter->runController(Object(App\Controllers\Product))
 4 SYSTEMPATH\CodeIgniter.php(355): CodeIgniter\CodeIgniter->handleRequest(null, Object(Config\Cache), false)
 5 SYSTEMPATH\Boot.php(312): CodeIgniter\CodeIgniter->run()
 6 SYSTEMPATH\Boot.php(67): CodeIgniter\Boot::runCodeIgniter(Object(CodeIgniter\CodeIgniter))
 7 FCPATH\index.php(56): CodeIgniter\Boot::bootWeb(Object(Config\Paths))
 8 SYSTEMPATH\Commands\Server\rewrite.php(49): require_once('C:\\xampp\\htdocs\\crud_ci4_postman\\public\\index.php')
CRITICAL - 2024-04-29 07:58:08 --> ErrorException: Undefined array key "product_name"
[Method: PUT, Route: product/16]
in APPPATH\Controllers\Product.php on line 85.
 1 APPPATH\Controllers\Product.php(85): CodeIgniter\Debug\Exceptions->errorHandler(2, 'Undefined array key "product_name"', 'C:\\xampp\\htdocs\\crud_ci4_postman\\app\\Controllers\\Product.php', 85)
 2 SYSTEMPATH\CodeIgniter.php(933): App\Controllers\Product->update('16')
 3 SYSTEMPATH\CodeIgniter.php(509): CodeIgniter\CodeIgniter->runController(Object(App\Controllers\Product))
 4 SYSTEMPATH\CodeIgniter.php(355): CodeIgniter\CodeIgniter->handleRequest(null, Object(Config\Cache), false)
 5 SYSTEMPATH\Boot.php(312): CodeIgniter\CodeIgniter->run()
 6 SYSTEMPATH\Boot.php(67): CodeIgniter\Boot::runCodeIgniter(Object(CodeIgniter\CodeIgniter))
 7 FCPATH\index.php(56): CodeIgniter\Boot::bootWeb(Object(Config\Paths))
 8 SYSTEMPATH\Commands\Server\rewrite.php(49): require_once('C:\\xampp\\htdocs\\crud_ci4_postman\\public\\index.php')
CRITICAL - 2024-04-29 07:58:23 --> ErrorException: Undefined array key "product_name"
[Method: PUT, Route: product/16]
in APPPATH\Controllers\Product.php on line 85.
 1 APPPATH\Controllers\Product.php(85): CodeIgniter\Debug\Exceptions->errorHandler(2, 'Undefined array key "product_name"', 'C:\\xampp\\htdocs\\crud_ci4_postman\\app\\Controllers\\Product.php', 85)
 2 SYSTEMPATH\CodeIgniter.php(933): App\Controllers\Product->update('16')
 3 SYSTEMPATH\CodeIgniter.php(509): CodeIgniter\CodeIgniter->runController(Object(App\Controllers\Product))
 4 SYSTEMPATH\CodeIgniter.php(355): CodeIgniter\CodeIgniter->handleRequest(null, Object(Config\Cache), false)
 5 SYSTEMPATH\Boot.php(312): CodeIgniter\CodeIgniter->run()
 6 SYSTEMPATH\Boot.php(67): CodeIgniter\Boot::runCodeIgniter(Object(CodeIgniter\CodeIgniter))
 7 FCPATH\index.php(56): CodeIgniter\Boot::bootWeb(Object(Config\Paths))
 8 SYSTEMPATH\Commands\Server\rewrite.php(49): require_once('C:\\xampp\\htdocs\\crud_ci4_postman\\public\\index.php')
CRITICAL - 2024-04-29 07:58:40 --> ErrorException: Undefined array key "product_name"
[Method: PUT, Route: product/16]
in APPPATH\Controllers\Product.php on line 85.
 1 APPPATH\Controllers\Product.php(85): CodeIgniter\Debug\Exceptions->errorHandler(2, 'Undefined array key "product_name"', 'C:\\xampp\\htdocs\\crud_ci4_postman\\app\\Controllers\\Product.php', 85)
 2 SYSTEMPATH\CodeIgniter.php(933): App\Controllers\Product->update('16')
 3 SYSTEMPATH\CodeIgniter.php(509): CodeIgniter\CodeIgniter->runController(Object(App\Controllers\Product))
 4 SYSTEMPATH\CodeIgniter.php(355): CodeIgniter\CodeIgniter->handleRequest(null, Object(Config\Cache), false)
 5 SYSTEMPATH\Boot.php(312): CodeIgniter\CodeIgniter->run()
 6 SYSTEMPATH\Boot.php(67): CodeIgniter\Boot::runCodeIgniter(Object(CodeIgniter\CodeIgniter))
 7 FCPATH\index.php(56): CodeIgniter\Boot::bootWeb(Object(Config\Paths))
 8 SYSTEMPATH\Commands\Server\rewrite.php(49): require_once('C:\\xampp\\htdocs\\crud_ci4_postman\\public\\index.php')
CRITICAL - 2024-04-29 08:02:29 --> ErrorException: Undefined array key "product_name"
[Method: PUT, Route: product/16]
in APPPATH\Controllers\Product.php on line 83.
 1 APPPATH\Controllers\Product.php(83): CodeIgniter\Debug\Exceptions->errorHandler(2, 'Undefined array key "product_name"', 'C:\\xampp\\htdocs\\crud_ci4_postman\\app\\Controllers\\Product.php', 83)
 2 SYSTEMPATH\CodeIgniter.php(933): App\Controllers\Product->update('16')
 3 SYSTEMPATH\CodeIgniter.php(509): CodeIgniter\CodeIgniter->runController(Object(App\Controllers\Product))
 4 SYSTEMPATH\CodeIgniter.php(355): CodeIgniter\CodeIgniter->handleRequest(null, Object(Config\Cache), false)
 5 SYSTEMPATH\Boot.php(312): CodeIgniter\CodeIgniter->run()
 6 SYSTEMPATH\Boot.php(67): CodeIgniter\Boot::runCodeIgniter(Object(CodeIgniter\CodeIgniter))
 7 FCPATH\index.php(56): CodeIgniter\Boot::bootWeb(Object(Config\Paths))
 8 SYSTEMPATH\Commands\Server\rewrite.php(49): require_once('C:\\xampp\\htdocs\\crud_ci4_postman\\public\\index.php')
CRITICAL - 2024-04-29 08:03:05 --> ErrorException: Undefined array key "product_name"
[Method: PUT, Route: product/16]
in APPPATH\Controllers\Product.php on line 83.
 1 APPPATH\Controllers\Product.php(83): CodeIgniter\Debug\Exceptions->errorHandler(2, 'Undefined array key "product_name"', 'C:\\xampp\\htdocs\\crud_ci4_postman\\app\\Controllers\\Product.php', 83)
 2 SYSTEMPATH\CodeIgniter.php(933): App\Controllers\Product->update('16')
 3 SYSTEMPATH\CodeIgniter.php(509): CodeIgniter\CodeIgniter->runController(Object(App\Controllers\Product))
 4 SYSTEMPATH\CodeIgniter.php(355): CodeIgniter\CodeIgniter->handleRequest(null, Object(Config\Cache), false)
 5 SYSTEMPATH\Boot.php(312): CodeIgniter\CodeIgniter->run()
 6 SYSTEMPATH\Boot.php(67): CodeIgniter\Boot::runCodeIgniter(Object(CodeIgniter\CodeIgniter))
 7 FCPATH\index.php(56): CodeIgniter\Boot::bootWeb(Object(Config\Paths))
 8 SYSTEMPATH\Commands\Server\rewrite.php(49): require_once('C:\\xampp\\htdocs\\crud_ci4_postman\\public\\index.php')
CRITICAL - 2024-04-29 08:04:37 --> ErrorException: Undefined array key "product_name"
[Method: PUT, Route: product/16]
in APPPATH\Controllers\Product.php on line 83.
 1 APPPATH\Controllers\Product.php(83): CodeIgniter\Debug\Exceptions->errorHandler(2, 'Undefined array key "product_name"', 'C:\\xampp\\htdocs\\crud_ci4_postman\\app\\Controllers\\Product.php', 83)
 2 SYSTEMPATH\CodeIgniter.php(933): App\Controllers\Product->update('16')
 3 SYSTEMPATH\CodeIgniter.php(509): CodeIgniter\CodeIgniter->runController(Object(App\Controllers\Product))
 4 SYSTEMPATH\CodeIgniter.php(355): CodeIgniter\CodeIgniter->handleRequest(null, Object(Config\Cache), false)
 5 SYSTEMPATH\Boot.php(312): CodeIgniter\CodeIgniter->run()
 6 SYSTEMPATH\Boot.php(67): CodeIgniter\Boot::runCodeIgniter(Object(CodeIgniter\CodeIgniter))
 7 FCPATH\index.php(56): CodeIgniter\Boot::bootWeb(Object(Config\Paths))
 8 SYSTEMPATH\Commands\Server\rewrite.php(49): require_once('C:\\xampp\\htdocs\\crud_ci4_postman\\public\\index.php')
CRITICAL - 2024-04-29 08:14:29 --> ErrorException: Undefined array key "product_id"
[Method: PUT, Route: product/16]
in APPPATH\Controllers\Product.php on line 72.
 1 APPPATH\Controllers\Product.php(72): CodeIgniter\Debug\Exceptions->errorHandler(2, 'Undefined array key "product_id"', 'C:\\xampp\\htdocs\\crud_ci4_postman\\app\\Controllers\\Product.php', 72)
 2 SYSTEMPATH\CodeIgniter.php(933): App\Controllers\Product->update('16')
 3 SYSTEMPATH\CodeIgniter.php(509): CodeIgniter\CodeIgniter->runController(Object(App\Controllers\Product))
 4 SYSTEMPATH\CodeIgniter.php(355): CodeIgniter\CodeIgniter->handleRequest(null, Object(Config\Cache), false)
 5 SYSTEMPATH\Boot.php(312): CodeIgniter\CodeIgniter->run()
 6 SYSTEMPATH\Boot.php(67): CodeIgniter\Boot::runCodeIgniter(Object(CodeIgniter\CodeIgniter))
 7 FCPATH\index.php(56): CodeIgniter\Boot::bootWeb(Object(Config\Paths))
 8 SYSTEMPATH\Commands\Server\rewrite.php(49): require_once('C:\\xampp\\htdocs\\crud_ci4_postman\\public\\index.php')
CRITICAL - 2024-04-29 08:14:30 --> ErrorException: Undefined array key "product_id"
[Method: PUT, Route: product/16]
in APPPATH\Controllers\Product.php on line 72.
 1 APPPATH\Controllers\Product.php(72): CodeIgniter\Debug\Exceptions->errorHandler(2, 'Undefined array key "product_id"', 'C:\\xampp\\htdocs\\crud_ci4_postman\\app\\Controllers\\Product.php', 72)
 2 SYSTEMPATH\CodeIgniter.php(933): App\Controllers\Product->update('16')
 3 SYSTEMPATH\CodeIgniter.php(509): CodeIgniter\CodeIgniter->runController(Object(App\Controllers\Product))
 4 SYSTEMPATH\CodeIgniter.php(355): CodeIgniter\CodeIgniter->handleRequest(null, Object(Config\Cache), false)
 5 SYSTEMPATH\Boot.php(312): CodeIgniter\CodeIgniter->run()
 6 SYSTEMPATH\Boot.php(67): CodeIgniter\Boot::runCodeIgniter(Object(CodeIgniter\CodeIgniter))
 7 FCPATH\index.php(56): CodeIgniter\Boot::bootWeb(Object(Config\Paths))
 8 SYSTEMPATH\Commands\Server\rewrite.php(49): require_once('C:\\xampp\\htdocs\\crud_ci4_postman\\public\\index.php')
CRITICAL - 2024-04-29 08:14:47 --> ErrorException: Undefined array key "product_id"
[Method: PUT, Route: product/16]
in APPPATH\Controllers\Product.php on line 72.
 1 APPPATH\Controllers\Product.php(72): CodeIgniter\Debug\Exceptions->errorHandler(2, 'Undefined array key "product_id"', 'C:\\xampp\\htdocs\\crud_ci4_postman\\app\\Controllers\\Product.php', 72)
 2 SYSTEMPATH\CodeIgniter.php(933): App\Controllers\Product->update('16')
 3 SYSTEMPATH\CodeIgniter.php(509): CodeIgniter\CodeIgniter->runController(Object(App\Controllers\Product))
 4 SYSTEMPATH\CodeIgniter.php(355): CodeIgniter\CodeIgniter->handleRequest(null, Object(Config\Cache), false)
 5 SYSTEMPATH\Boot.php(312): CodeIgniter\CodeIgniter->run()
 6 SYSTEMPATH\Boot.php(67): CodeIgniter\Boot::runCodeIgniter(Object(CodeIgniter\CodeIgniter))
 7 FCPATH\index.php(56): CodeIgniter\Boot::bootWeb(Object(Config\Paths))
 8 SYSTEMPATH\Commands\Server\rewrite.php(49): require_once('C:\\xampp\\htdocs\\crud_ci4_postman\\public\\index.php')
CRITICAL - 2024-04-29 08:15:15 --> ErrorException: Undefined array key "product_id"
[Method: PUT, Route: product/16]
in APPPATH\Controllers\Product.php on line 72.
 1 APPPATH\Controllers\Product.php(72): CodeIgniter\Debug\Exceptions->errorHandler(2, 'Undefined array key "product_id"', 'C:\\xampp\\htdocs\\crud_ci4_postman\\app\\Controllers\\Product.php', 72)
 2 SYSTEMPATH\CodeIgniter.php(933): App\Controllers\Product->update('16')
 3 SYSTEMPATH\CodeIgniter.php(509): CodeIgniter\CodeIgniter->runController(Object(App\Controllers\Product))
 4 SYSTEMPATH\CodeIgniter.php(355): CodeIgniter\CodeIgniter->handleRequest(null, Object(Config\Cache), false)
 5 SYSTEMPATH\Boot.php(312): CodeIgniter\CodeIgniter->run()
 6 SYSTEMPATH\Boot.php(67): CodeIgniter\Boot::runCodeIgniter(Object(CodeIgniter\CodeIgniter))
 7 FCPATH\index.php(56): CodeIgniter\Boot::bootWeb(Object(Config\Paths))
 8 SYSTEMPATH\Commands\Server\rewrite.php(49): require_once('C:\\xampp\\htdocs\\crud_ci4_postman\\public\\index.php')
CRITICAL - 2024-04-29 08:16:05 --> ErrorException: Undefined array key "product_stock_id"
[Method: PUT, Route: product/16]
in APPPATH\Controllers\Product.php on line 73.
 1 APPPATH\Controllers\Product.php(73): CodeIgniter\Debug\Exceptions->errorHandler(2, 'Undefined array key "product_stock_id"', 'C:\\xampp\\htdocs\\crud_ci4_postman\\app\\Controllers\\Product.php', 73)
 2 SYSTEMPATH\CodeIgniter.php(933): App\Controllers\Product->update('16')
 3 SYSTEMPATH\CodeIgniter.php(509): CodeIgniter\CodeIgniter->runController(Object(App\Controllers\Product))
 4 SYSTEMPATH\CodeIgniter.php(355): CodeIgniter\CodeIgniter->handleRequest(null, Object(Config\Cache), false)
 5 SYSTEMPATH\Boot.php(312): CodeIgniter\CodeIgniter->run()
 6 SYSTEMPATH\Boot.php(67): CodeIgniter\Boot::runCodeIgniter(Object(CodeIgniter\CodeIgniter))
 7 FCPATH\index.php(56): CodeIgniter\Boot::bootWeb(Object(Config\Paths))
 8 SYSTEMPATH\Commands\Server\rewrite.php(49): require_once('C:\\xampp\\htdocs\\crud_ci4_postman\\public\\index.php')
CRITICAL - 2024-04-29 08:16:07 --> ErrorException: Undefined array key "product_stock_id"
[Method: PUT, Route: product/16]
in APPPATH\Controllers\Product.php on line 73.
 1 APPPATH\Controllers\Product.php(73): CodeIgniter\Debug\Exceptions->errorHandler(2, 'Undefined array key "product_stock_id"', 'C:\\xampp\\htdocs\\crud_ci4_postman\\app\\Controllers\\Product.php', 73)
 2 SYSTEMPATH\CodeIgniter.php(933): App\Controllers\Product->update('16')
 3 SYSTEMPATH\CodeIgniter.php(509): CodeIgniter\CodeIgniter->runController(Object(App\Controllers\Product))
 4 SYSTEMPATH\CodeIgniter.php(355): CodeIgniter\CodeIgniter->handleRequest(null, Object(Config\Cache), false)
 5 SYSTEMPATH\Boot.php(312): CodeIgniter\CodeIgniter->run()
 6 SYSTEMPATH\Boot.php(67): CodeIgniter\Boot::runCodeIgniter(Object(CodeIgniter\CodeIgniter))
 7 FCPATH\index.php(56): CodeIgniter\Boot::bootWeb(Object(Config\Paths))
 8 SYSTEMPATH\Commands\Server\rewrite.php(49): require_once('C:\\xampp\\htdocs\\crud_ci4_postman\\public\\index.php')
CRITICAL - 2024-04-29 08:17:28 --> ErrorException: Undefined array key "product_name"
[Method: PUT, Route: product/16]
in APPPATH\Controllers\Product.php on line 74.
 1 APPPATH\Controllers\Product.php(74): CodeIgniter\Debug\Exceptions->errorHandler(2, 'Undefined array key "product_name"', 'C:\\xampp\\htdocs\\crud_ci4_postman\\app\\Controllers\\Product.php', 74)
 2 SYSTEMPATH\CodeIgniter.php(933): App\Controllers\Product->update('16')
 3 SYSTEMPATH\CodeIgniter.php(509): CodeIgniter\CodeIgniter->runController(Object(App\Controllers\Product))
 4 SYSTEMPATH\CodeIgniter.php(355): CodeIgniter\CodeIgniter->handleRequest(null, Object(Config\Cache), false)
 5 SYSTEMPATH\Boot.php(312): CodeIgniter\CodeIgniter->run()
 6 SYSTEMPATH\Boot.php(67): CodeIgniter\Boot::runCodeIgniter(Object(CodeIgniter\CodeIgniter))
 7 FCPATH\index.php(56): CodeIgniter\Boot::bootWeb(Object(Config\Paths))
 8 SYSTEMPATH\Commands\Server\rewrite.php(49): require_once('C:\\xampp\\htdocs\\crud_ci4_postman\\public\\index.php')
CRITICAL - 2024-04-29 09:13:27 --> ErrorException: Undefined array key "product_id"
[Method: PUT, Route: product/16]
in APPPATH\Controllers\Product.php on line 72.
 1 APPPATH\Controllers\Product.php(72): CodeIgniter\Debug\Exceptions->errorHandler(2, 'Undefined array key "product_id"', 'C:\\xampp\\htdocs\\crud_ci4_postman\\app\\Controllers\\Product.php', 72)
 2 SYSTEMPATH\CodeIgniter.php(933): App\Controllers\Product->update('16')
 3 SYSTEMPATH\CodeIgniter.php(509): CodeIgniter\CodeIgniter->runController(Object(App\Controllers\Product))
 4 SYSTEMPATH\CodeIgniter.php(355): CodeIgniter\CodeIgniter->handleRequest(null, Object(Config\Cache), false)
 5 SYSTEMPATH\Boot.php(312): CodeIgniter\CodeIgniter->run()
 6 SYSTEMPATH\Boot.php(67): CodeIgniter\Boot::runCodeIgniter(Object(CodeIgniter\CodeIgniter))
 7 FCPATH\index.php(56): CodeIgniter\Boot::bootWeb(Object(Config\Paths))
 8 SYSTEMPATH\Commands\Server\rewrite.php(49): require_once('C:\\xampp\\htdocs\\crud_ci4_postman\\public\\index.php')
CRITICAL - 2024-04-29 09:14:58 --> ErrorException: Undefined array key "product_id"
[Method: PUT, Route: product/16]
in APPPATH\Controllers\Product.php on line 79.
 1 APPPATH\Controllers\Product.php(79): CodeIgniter\Debug\Exceptions->errorHandler(2, 'Undefined array key "product_id"', 'C:\\xampp\\htdocs\\crud_ci4_postman\\app\\Controllers\\Product.php', 79)
 2 SYSTEMPATH\CodeIgniter.php(933): App\Controllers\Product->update('16')
 3 SYSTEMPATH\CodeIgniter.php(509): CodeIgniter\CodeIgniter->runController(Object(App\Controllers\Product))
 4 SYSTEMPATH\CodeIgniter.php(355): CodeIgniter\CodeIgniter->handleRequest(null, Object(Config\Cache), false)
 5 SYSTEMPATH\Boot.php(312): CodeIgniter\CodeIgniter->run()
 6 SYSTEMPATH\Boot.php(67): CodeIgniter\Boot::runCodeIgniter(Object(CodeIgniter\CodeIgniter))
 7 FCPATH\index.php(56): CodeIgniter\Boot::bootWeb(Object(Config\Paths))
 8 SYSTEMPATH\Commands\Server\rewrite.php(49): require_once('C:\\xampp\\htdocs\\crud_ci4_postman\\public\\index.php')
CRITICAL - 2024-04-29 09:15:00 --> ErrorException: Undefined array key "product_id"
[Method: PUT, Route: product/16]
in APPPATH\Controllers\Product.php on line 79.
 1 APPPATH\Controllers\Product.php(79): CodeIgniter\Debug\Exceptions->errorHandler(2, 'Undefined array key "product_id"', 'C:\\xampp\\htdocs\\crud_ci4_postman\\app\\Controllers\\Product.php', 79)
 2 SYSTEMPATH\CodeIgniter.php(933): App\Controllers\Product->update('16')
 3 SYSTEMPATH\CodeIgniter.php(509): CodeIgniter\CodeIgniter->runController(Object(App\Controllers\Product))
 4 SYSTEMPATH\CodeIgniter.php(355): CodeIgniter\CodeIgniter->handleRequest(null, Object(Config\Cache), false)
 5 SYSTEMPATH\Boot.php(312): CodeIgniter\CodeIgniter->run()
 6 SYSTEMPATH\Boot.php(67): CodeIgniter\Boot::runCodeIgniter(Object(CodeIgniter\CodeIgniter))
 7 FCPATH\index.php(56): CodeIgniter\Boot::bootWeb(Object(Config\Paths))
 8 SYSTEMPATH\Commands\Server\rewrite.php(49): require_once('C:\\xampp\\htdocs\\crud_ci4_postman\\public\\index.php')
CRITICAL - 2024-04-29 09:15:39 --> ErrorException: Undefined array key "product_id"
[Method: PUT, Route: product/16]
in APPPATH\Controllers\Product.php on line 79.
 1 APPPATH\Controllers\Product.php(79): CodeIgniter\Debug\Exceptions->errorHandler(2, 'Undefined array key "product_id"', 'C:\\xampp\\htdocs\\crud_ci4_postman\\app\\Controllers\\Product.php', 79)
 2 SYSTEMPATH\CodeIgniter.php(933): App\Controllers\Product->update('16')
 3 SYSTEMPATH\CodeIgniter.php(509): CodeIgniter\CodeIgniter->runController(Object(App\Controllers\Product))
 4 SYSTEMPATH\CodeIgniter.php(355): CodeIgniter\CodeIgniter->handleRequest(null, Object(Config\Cache), false)
 5 SYSTEMPATH\Boot.php(312): CodeIgniter\CodeIgniter->run()
 6 SYSTEMPATH\Boot.php(67): CodeIgniter\Boot::runCodeIgniter(Object(CodeIgniter\CodeIgniter))
 7 FCPATH\index.php(56): CodeIgniter\Boot::bootWeb(Object(Config\Paths))
 8 SYSTEMPATH\Commands\Server\rewrite.php(49): require_once('C:\\xampp\\htdocs\\crud_ci4_postman\\public\\index.php')
CRITICAL - 2024-04-29 09:16:19 --> ErrorException: Undefined array key "product_id"
[Method: PUT, Route: product/16]
in APPPATH\Controllers\Product.php on line 79.
 1 APPPATH\Controllers\Product.php(79): CodeIgniter\Debug\Exceptions->errorHandler(2, 'Undefined array key "product_id"', 'C:\\xampp\\htdocs\\crud_ci4_postman\\app\\Controllers\\Product.php', 79)
 2 SYSTEMPATH\CodeIgniter.php(933): App\Controllers\Product->update('16')
 3 SYSTEMPATH\CodeIgniter.php(509): CodeIgniter\CodeIgniter->runController(Object(App\Controllers\Product))
 4 SYSTEMPATH\CodeIgniter.php(355): CodeIgniter\CodeIgniter->handleRequest(null, Object(Config\Cache), false)
 5 SYSTEMPATH\Boot.php(312): CodeIgniter\CodeIgniter->run()
 6 SYSTEMPATH\Boot.php(67): CodeIgniter\Boot::runCodeIgniter(Object(CodeIgniter\CodeIgniter))
 7 FCPATH\index.php(56): CodeIgniter\Boot::bootWeb(Object(Config\Paths))
 8 SYSTEMPATH\Commands\Server\rewrite.php(49): require_once('C:\\xampp\\htdocs\\crud_ci4_postman\\public\\index.php')
CRITICAL - 2024-04-29 09:16:20 --> ErrorException: Undefined array key "product_id"
[Method: PUT, Route: product/16]
in APPPATH\Controllers\Product.php on line 79.
 1 APPPATH\Controllers\Product.php(79): CodeIgniter\Debug\Exceptions->errorHandler(2, 'Undefined array key "product_id"', 'C:\\xampp\\htdocs\\crud_ci4_postman\\app\\Controllers\\Product.php', 79)
 2 SYSTEMPATH\CodeIgniter.php(933): App\Controllers\Product->update('16')
 3 SYSTEMPATH\CodeIgniter.php(509): CodeIgniter\CodeIgniter->runController(Object(App\Controllers\Product))
 4 SYSTEMPATH\CodeIgniter.php(355): CodeIgniter\CodeIgniter->handleRequest(null, Object(Config\Cache), false)
 5 SYSTEMPATH\Boot.php(312): CodeIgniter\CodeIgniter->run()
 6 SYSTEMPATH\Boot.php(67): CodeIgniter\Boot::runCodeIgniter(Object(CodeIgniter\CodeIgniter))
 7 FCPATH\index.php(56): CodeIgniter\Boot::bootWeb(Object(Config\Paths))
 8 SYSTEMPATH\Commands\Server\rewrite.php(49): require_once('C:\\xampp\\htdocs\\crud_ci4_postman\\public\\index.php')
CRITICAL - 2024-04-29 09:17:54 --> Error: Call to undefined method CodeIgniter\HTTP\IncomingRequest::getResult()
[Method: PUT, Route: product/16]
in APPPATH\Controllers\Product.php on line 75.
 1 SYSTEMPATH\CodeIgniter.php(933): App\Controllers\Product->update('16')
 2 SYSTEMPATH\CodeIgniter.php(509): CodeIgniter\CodeIgniter->runController(Object(App\Controllers\Product))
 3 SYSTEMPATH\CodeIgniter.php(355): CodeIgniter\CodeIgniter->handleRequest(null, Object(Config\Cache), false)
 4 SYSTEMPATH\Boot.php(312): CodeIgniter\CodeIgniter->run()
 5 SYSTEMPATH\Boot.php(67): CodeIgniter\Boot::runCodeIgniter(Object(CodeIgniter\CodeIgniter))
 6 FCPATH\index.php(56): CodeIgniter\Boot::bootWeb(Object(Config\Paths))
 7 SYSTEMPATH\Commands\Server\rewrite.php(49): require_once('C:\\xampp\\htdocs\\crud_ci4_postman\\public\\index.php')
CRITICAL - 2024-04-29 09:17:58 --> Error: Call to undefined method CodeIgniter\HTTP\IncomingRequest::getResult()
[Method: PUT, Route: product/16]
in APPPATH\Controllers\Product.php on line 75.
 1 SYSTEMPATH\CodeIgniter.php(933): App\Controllers\Product->update('16')
 2 SYSTEMPATH\CodeIgniter.php(509): CodeIgniter\CodeIgniter->runController(Object(App\Controllers\Product))
 3 SYSTEMPATH\CodeIgniter.php(355): CodeIgniter\CodeIgniter->handleRequest(null, Object(Config\Cache), false)
 4 SYSTEMPATH\Boot.php(312): CodeIgniter\CodeIgniter->run()
 5 SYSTEMPATH\Boot.php(67): CodeIgniter\Boot::runCodeIgniter(Object(CodeIgniter\CodeIgniter))
 6 FCPATH\index.php(56): CodeIgniter\Boot::bootWeb(Object(Config\Paths))
 7 SYSTEMPATH\Commands\Server\rewrite.php(49): require_once('C:\\xampp\\htdocs\\crud_ci4_postman\\public\\index.php')
CRITICAL - 2024-04-29 09:43:02 --> Error: Call to undefined method CodeIgniter\HTTP\IncomingRequest::getResult()
[Method: PUT, Route: product/16]
in APPPATH\Controllers\Product.php on line 87.
 1 SYSTEMPATH\CodeIgniter.php(933): App\Controllers\Product->update('16')
 2 SYSTEMPATH\CodeIgniter.php(509): CodeIgniter\CodeIgniter->runController(Object(App\Controllers\Product))
 3 SYSTEMPATH\CodeIgniter.php(355): CodeIgniter\CodeIgniter->handleRequest(null, Object(Config\Cache), false)
 4 SYSTEMPATH\Boot.php(312): CodeIgniter\CodeIgniter->run()
 5 SYSTEMPATH\Boot.php(67): CodeIgniter\Boot::runCodeIgniter(Object(CodeIgniter\CodeIgniter))
 6 FCPATH\index.php(56): CodeIgniter\Boot::bootWeb(Object(Config\Paths))
 7 SYSTEMPATH\Commands\Server\rewrite.php(49): require_once('C:\\xampp\\htdocs\\crud_ci4_postman\\public\\index.php')
CRITICAL - 2024-04-29 09:43:28 --> ErrorException: Undefined array key "product_id"
[Method: PUT, Route: product/16]
in APPPATH\Controllers\Product.php on line 91.
 1 APPPATH\Controllers\Product.php(91): CodeIgniter\Debug\Exceptions->errorHandler(2, 'Undefined array key "product_id"', 'C:\\xampp\\htdocs\\crud_ci4_postman\\app\\Controllers\\Product.php', 91)
 2 SYSTEMPATH\CodeIgniter.php(933): App\Controllers\Product->update('16')
 3 SYSTEMPATH\CodeIgniter.php(509): CodeIgniter\CodeIgniter->runController(Object(App\Controllers\Product))
 4 SYSTEMPATH\CodeIgniter.php(355): CodeIgniter\CodeIgniter->handleRequest(null, Object(Config\Cache), false)
 5 SYSTEMPATH\Boot.php(312): CodeIgniter\CodeIgniter->run()
 6 SYSTEMPATH\Boot.php(67): CodeIgniter\Boot::runCodeIgniter(Object(CodeIgniter\CodeIgniter))
 7 FCPATH\index.php(56): CodeIgniter\Boot::bootWeb(Object(Config\Paths))
 8 SYSTEMPATH\Commands\Server\rewrite.php(49): require_once('C:\\xampp\\htdocs\\crud_ci4_postman\\public\\index.php')
CRITICAL - 2024-04-29 09:47:32 --> ErrorException: Undefined array key "product_id"
[Method: PUT, Route: product/16]
in APPPATH\Controllers\Product.php on line 86.
 1 APPPATH\Controllers\Product.php(86): CodeIgniter\Debug\Exceptions->errorHandler(2, 'Undefined array key "product_id"', 'C:\\xampp\\htdocs\\crud_ci4_postman\\app\\Controllers\\Product.php', 86)
 2 SYSTEMPATH\CodeIgniter.php(933): App\Controllers\Product->update('16')
 3 SYSTEMPATH\CodeIgniter.php(509): CodeIgniter\CodeIgniter->runController(Object(App\Controllers\Product))
 4 SYSTEMPATH\CodeIgniter.php(355): CodeIgniter\CodeIgniter->handleRequest(null, Object(Config\Cache), false)
 5 SYSTEMPATH\Boot.php(312): CodeIgniter\CodeIgniter->run()
 6 SYSTEMPATH\Boot.php(67): CodeIgniter\Boot::runCodeIgniter(Object(CodeIgniter\CodeIgniter))
 7 FCPATH\index.php(56): CodeIgniter\Boot::bootWeb(Object(Config\Paths))
 8 SYSTEMPATH\Commands\Server\rewrite.php(49): require_once('C:\\xampp\\htdocs\\crud_ci4_postman\\public\\index.php')
CRITICAL - 2024-04-29 09:47:33 --> ErrorException: Undefined array key "product_id"
[Method: PUT, Route: product/16]
in APPPATH\Controllers\Product.php on line 86.
 1 APPPATH\Controllers\Product.php(86): CodeIgniter\Debug\Exceptions->errorHandler(2, 'Undefined array key "product_id"', 'C:\\xampp\\htdocs\\crud_ci4_postman\\app\\Controllers\\Product.php', 86)
 2 SYSTEMPATH\CodeIgniter.php(933): App\Controllers\Product->update('16')
 3 SYSTEMPATH\CodeIgniter.php(509): CodeIgniter\CodeIgniter->runController(Object(App\Controllers\Product))
 4 SYSTEMPATH\CodeIgniter.php(355): CodeIgniter\CodeIgniter->handleRequest(null, Object(Config\Cache), false)
 5 SYSTEMPATH\Boot.php(312): CodeIgniter\CodeIgniter->run()
 6 SYSTEMPATH\Boot.php(67): CodeIgniter\Boot::runCodeIgniter(Object(CodeIgniter\CodeIgniter))
 7 FCPATH\index.php(56): CodeIgniter\Boot::bootWeb(Object(Config\Paths))
 8 SYSTEMPATH\Commands\Server\rewrite.php(49): require_once('C:\\xampp\\htdocs\\crud_ci4_postman\\public\\index.php')
CRITICAL - 2024-04-29 09:47:49 --> ErrorException: Undefined array key "product_id"
[Method: PUT, Route: product/16]
in APPPATH\Controllers\Product.php on line 86.
 1 APPPATH\Controllers\Product.php(86): CodeIgniter\Debug\Exceptions->errorHandler(2, 'Undefined array key "product_id"', 'C:\\xampp\\htdocs\\crud_ci4_postman\\app\\Controllers\\Product.php', 86)
 2 SYSTEMPATH\CodeIgniter.php(933): App\Controllers\Product->update('16')
 3 SYSTEMPATH\CodeIgniter.php(509): CodeIgniter\CodeIgniter->runController(Object(App\Controllers\Product))
 4 SYSTEMPATH\CodeIgniter.php(355): CodeIgniter\CodeIgniter->handleRequest(null, Object(Config\Cache), false)
 5 SYSTEMPATH\Boot.php(312): CodeIgniter\CodeIgniter->run()
 6 SYSTEMPATH\Boot.php(67): CodeIgniter\Boot::runCodeIgniter(Object(CodeIgniter\CodeIgniter))
 7 FCPATH\index.php(56): CodeIgniter\Boot::bootWeb(Object(Config\Paths))
 8 SYSTEMPATH\Commands\Server\rewrite.php(49): require_once('C:\\xampp\\htdocs\\crud_ci4_postman\\public\\index.php')
CRITICAL - 2024-04-29 09:50:53 --> ErrorException: Undefined array key "product_id"
[Method: PUT, Route: product/16]
in APPPATH\Controllers\Product.php on line 86.
 1 APPPATH\Controllers\Product.php(86): CodeIgniter\Debug\Exceptions->errorHandler(2, 'Undefined array key "product_id"', 'C:\\xampp\\htdocs\\crud_ci4_postman\\app\\Controllers\\Product.php', 86)
 2 SYSTEMPATH\CodeIgniter.php(933): App\Controllers\Product->update('16')
 3 SYSTEMPATH\CodeIgniter.php(509): CodeIgniter\CodeIgniter->runController(Object(App\Controllers\Product))
 4 SYSTEMPATH\CodeIgniter.php(355): CodeIgniter\CodeIgniter->handleRequest(null, Object(Config\Cache), false)
 5 SYSTEMPATH\Boot.php(312): CodeIgniter\CodeIgniter->run()
 6 SYSTEMPATH\Boot.php(67): CodeIgniter\Boot::runCodeIgniter(Object(CodeIgniter\CodeIgniter))
 7 FCPATH\index.php(56): CodeIgniter\Boot::bootWeb(Object(Config\Paths))
 8 SYSTEMPATH\Commands\Server\rewrite.php(49): require_once('C:\\xampp\\htdocs\\crud_ci4_postman\\public\\index.php')
